{"D:\\Projects\\SIDA\\PersonalPortfolio\\backend\\src\\app.ts": {"path":"D:\\Projects\\SIDA\\PersonalPortfolio\\backend\\src\\app.ts","statementMap":{"0":{"start":{"line":1,"column":0},"end":{"line":1,"column":67}},"1":{"start":{"line":2,"column":0},"end":{"line":2,"column":24}},"2":{"start":{"line":3,"column":0},"end":{"line":3,"column":58}},"3":{"start":{"line":4,"column":0},"end":{"line":4,"column":52}},"4":{"start":{"line":5,"column":0},"end":{"line":5,"column":60}},"5":{"start":{"line":7,"column":12},"end":{"line":7,"column":21}},"6":{"start":{"line":10,"column":0},"end":{"line":10,"column":16}},"7":{"start":{"line":11,"column":0},"end":{"line":11,"column":24}},"8":{"start":{"line":14,"column":0},"end":{"line":14,"column":42}},"9":{"start":{"line":15,"column":0},"end":{"line":15,"column":36}},"10":{"start":{"line":16,"column":0},"end":{"line":16,"column":44}},"11":{"start":{"line":19,"column":0},"end":{"line":21,"column":3}},"12":{"start":{"line":20,"column":2},"end":{"line":20,"column":66}},"13":{"start":{"line":24,"column":0},"end":{"line":26,"column":3}},"14":{"start":{"line":25,"column":2},"end":{"line":25,"column":53}},"15":{"start":{"line":30,"column":0},"end":{"line":33,"column":3}},"16":{"start":{"line":31,"column":2},"end":{"line":31,"column":27}},"17":{"start":{"line":32,"column":2},"end":{"line":32,"column":59}},"18":{"start":{"line":35,"column":0},"end":{"line":35,"column":19}}},"fnMap":{"0":{"name":"(anonymous_1)","decl":{"start":{"line":19,"column":19},"end":{"line":19,"column":20}},"loc":{"start":{"line":19,"column":52},"end":{"line":21,"column":1}}},"1":{"name":"(anonymous_2)","decl":{"start":{"line":24,"column":8},"end":{"line":24,"column":9}},"loc":{"start":{"line":24,"column":41},"end":{"line":26,"column":1}}},"2":{"name":"(anonymous_3)","decl":{"start":{"line":30,"column":8},"end":{"line":30,"column":9}},"loc":{"start":{"line":30,"column":74},"end":{"line":33,"column":1}}}},"branchMap":{},"s":{"0":4,"1":4,"2":4,"3":4,"4":4,"5":4,"6":4,"7":4,"8":4,"9":4,"10":4,"11":4,"12":1,"13":4,"14":1,"15":4,"16":0,"17":0,"18":4},"f":{"0":1,"1":1,"2":0},"b":{}}
,"D:\\Projects\\SIDA\\PersonalPortfolio\\backend\\src\\controllers\\commission.controller.ts": {"path":"D:\\Projects\\SIDA\\PersonalPortfolio\\backend\\src\\controllers\\commission.controller.ts","statementMap":{"0":{"start":{"line":2,"column":0},"end":{"line":2,"column":31}},"1":{"start":{"line":3,"column":0},"end":{"line":3,"column":67}},"2":{"start":{"line":4,"column":0},"end":{"line":4,"column":null}},"3":{"start":{"line":11,"column":15},"end":{"line":11,"column":57}},"4":{"start":{"line":12,"column":16},"end":{"line":12,"column":60}},"5":{"start":{"line":13,"column":2},"end":{"line":13,"column":25}},"6":{"start":{"line":16,"column":13},"end":{"line":101,"column":2}},"7":{"start":{"line":18,"column":4},"end":{"line":27,"column":5}},"8":{"start":{"line":19,"column":30},"end":{"line":19,"column":49}},"9":{"start":{"line":20,"column":21},"end":{"line":20,"column":62}},"10":{"start":{"line":21,"column":21},"end":{"line":23,"column":45}},"11":{"start":{"line":24,"column":6},"end":{"line":24,"column":23}},"12":{"start":{"line":26,"column":6},"end":{"line":26,"column":16}},"13":{"start":{"line":31,"column":4},"end":{"line":35,"column":5}},"14":{"start":{"line":32,"column":6},"end":{"line":32,"column":45}},"15":{"start":{"line":34,"column":6},"end":{"line":34,"column":16}},"16":{"start":{"line":39,"column":4},"end":{"line":45,"column":5}},"17":{"start":{"line":40,"column":25},"end":{"line":40,"column":78}},"18":{"start":{"line":41,"column":6},"end":{"line":41,"column":91}},"19":{"start":{"line":41,"column":25},"end":{"line":41,"column":81}},"20":{"start":{"line":41,"column":82},"end":{"line":41,"column":89}},"21":{"start":{"line":42,"column":6},"end":{"line":42,"column":27}},"22":{"start":{"line":44,"column":6},"end":{"line":44,"column":16}},"23":{"start":{"line":49,"column":4},"end":{"line":59,"column":5}},"24":{"start":{"line":50,"column":22},"end":{"line":50,"column":60}},"25":{"start":{"line":51,"column":25},"end":{"line":51,"column":58}},"26":{"start":{"line":52,"column":6},"end":{"line":52,"column":39}},"27":{"start":{"line":54,"column":6},"end":{"line":57,"column":7}},"28":{"start":{"line":55,"column":8},"end":{"line":55,"column":82}},"29":{"start":{"line":56,"column":8},"end":{"line":56,"column":15}},"30":{"start":{"line":58,"column":6},"end":{"line":58,"column":16}},"31":{"start":{"line":63,"column":4},"end":{"line":74,"column":5}},"32":{"start":{"line":64,"column":22},"end":{"line":64,"column":60}},"33":{"start":{"line":65,"column":25},"end":{"line":65,"column":86}},"34":{"start":{"line":66,"column":6},"end":{"line":66,"column":91}},"35":{"start":{"line":66,"column":25},"end":{"line":66,"column":81}},"36":{"start":{"line":66,"column":82},"end":{"line":66,"column":89}},"37":{"start":{"line":67,"column":6},"end":{"line":67,"column":27}},"38":{"start":{"line":69,"column":6},"end":{"line":72,"column":7}},"39":{"start":{"line":70,"column":8},"end":{"line":70,"column":82}},"40":{"start":{"line":71,"column":8},"end":{"line":71,"column":15}},"41":{"start":{"line":73,"column":6},"end":{"line":73,"column":16}},"42":{"start":{"line":78,"column":4},"end":{"line":89,"column":5}},"43":{"start":{"line":79,"column":25},"end":{"line":79,"column":68}},"44":{"start":{"line":80,"column":25},"end":{"line":80,"column":90}},"45":{"start":{"line":81,"column":6},"end":{"line":81,"column":91}},"46":{"start":{"line":81,"column":25},"end":{"line":81,"column":81}},"47":{"start":{"line":81,"column":82},"end":{"line":81,"column":89}},"48":{"start":{"line":82,"column":6},"end":{"line":82,"column":27}},"49":{"start":{"line":84,"column":6},"end":{"line":87,"column":7}},"50":{"start":{"line":85,"column":8},"end":{"line":85,"column":82}},"51":{"start":{"line":86,"column":8},"end":{"line":86,"column":15}},"52":{"start":{"line":88,"column":6},"end":{"line":88,"column":16}},"53":{"start":{"line":93,"column":4},"end":{"line":99,"column":5}},"54":{"start":{"line":94,"column":22},"end":{"line":94,"column":74}},"55":{"start":{"line":95,"column":6},"end":{"line":95,"column":88}},"56":{"start":{"line":95,"column":22},"end":{"line":95,"column":78}},"57":{"start":{"line":95,"column":79},"end":{"line":95,"column":86}},"58":{"start":{"line":96,"column":6},"end":{"line":96,"column":29}},"59":{"start":{"line":98,"column":6},"end":{"line":98,"column":16}}},"fnMap":{"0":{"name":"parsePageLimit","decl":{"start":{"line":10,"column":9},"end":{"line":10,"column":23}},"loc":{"start":{"line":10,"column":36},"end":{"line":14,"column":1}}},"1":{"name":"(anonymous_1)","decl":{"start":{"line":17,"column":2},"end":{"line":17,"column":6}},"loc":{"start":{"line":17,"column":54},"end":{"line":28,"column":3}}},"2":{"name":"(anonymous_2)","decl":{"start":{"line":30,"column":2},"end":{"line":30,"column":7}},"loc":{"start":{"line":30,"column":56},"end":{"line":36,"column":3}}},"3":{"name":"(anonymous_3)","decl":{"start":{"line":38,"column":2},"end":{"line":38,"column":9}},"loc":{"start":{"line":38,"column":57},"end":{"line":46,"column":3}}},"4":{"name":"(anonymous_4)","decl":{"start":{"line":48,"column":2},"end":{"line":48,"column":8}},"loc":{"start":{"line":48,"column":56},"end":{"line":60,"column":3}}},"5":{"name":"(anonymous_5)","decl":{"start":{"line":62,"column":2},"end":{"line":62,"column":8}},"loc":{"start":{"line":62,"column":56},"end":{"line":75,"column":3}}},"6":{"name":"(anonymous_6)","decl":{"start":{"line":77,"column":2},"end":{"line":77,"column":13}},"loc":{"start":{"line":77,"column":61},"end":{"line":90,"column":3}}},"7":{"name":"(anonymous_7)","decl":{"start":{"line":92,"column":2},"end":{"line":92,"column":8}},"loc":{"start":{"line":92,"column":56},"end":{"line":100,"column":3}}}},"branchMap":{"0":{"loc":{"start":{"line":11,"column":15},"end":{"line":11,"column":57}},"type":"binary-expr","locations":[{"start":{"line":11,"column":15},"end":{"line":11,"column":52}},{"start":{"line":11,"column":56},"end":{"line":11,"column":57}}]},"1":{"loc":{"start":{"line":12,"column":16},"end":{"line":12,"column":60}},"type":"binary-expr","locations":[{"start":{"line":12,"column":16},"end":{"line":12,"column":54}},{"start":{"line":12,"column":58},"end":{"line":12,"column":60}}]},"2":{"loc":{"start":{"line":21,"column":21},"end":{"line":23,"column":45}},"type":"cond-expr","locations":[{"start":{"line":22,"column":10},"end":{"line":22,"column":61}},{"start":{"line":23,"column":10},"end":{"line":23,"column":45}}]},"3":{"loc":{"start":{"line":41,"column":6},"end":{"line":41,"column":91}},"type":"if","locations":[{"start":{"line":41,"column":6},"end":{"line":41,"column":91}}]},"4":{"loc":{"start":{"line":54,"column":6},"end":{"line":57,"column":7}},"type":"if","locations":[{"start":{"line":54,"column":6},"end":{"line":57,"column":7}}]},"5":{"loc":{"start":{"line":66,"column":6},"end":{"line":66,"column":91}},"type":"if","locations":[{"start":{"line":66,"column":6},"end":{"line":66,"column":91}}]},"6":{"loc":{"start":{"line":69,"column":6},"end":{"line":72,"column":7}},"type":"if","locations":[{"start":{"line":69,"column":6},"end":{"line":72,"column":7}}]},"7":{"loc":{"start":{"line":81,"column":6},"end":{"line":81,"column":91}},"type":"if","locations":[{"start":{"line":81,"column":6},"end":{"line":81,"column":91}}]},"8":{"loc":{"start":{"line":84,"column":6},"end":{"line":87,"column":7}},"type":"if","locations":[{"start":{"line":84,"column":6},"end":{"line":87,"column":7}}]},"9":{"loc":{"start":{"line":95,"column":6},"end":{"line":95,"column":88}},"type":"if","locations":[{"start":{"line":95,"column":6},"end":{"line":95,"column":88}}]}},"s":{"0":4,"1":4,"2":4,"3":4,"4":4,"5":4,"6":4,"7":4,"8":4,"9":4,"10":4,"11":4,"12":0,"13":1,"14":1,"15":0,"16":3,"17":3,"18":3,"19":2,"20":2,"21":1,"22":0,"23":2,"24":2,"25":1,"26":1,"27":1,"28":1,"29":1,"30":0,"31":3,"32":3,"33":2,"34":2,"35":1,"36":1,"37":1,"38":1,"39":1,"40":1,"41":0,"42":3,"43":3,"44":2,"45":2,"46":1,"47":1,"48":1,"49":1,"50":1,"51":1,"52":0,"53":2,"54":2,"55":2,"56":1,"57":1,"58":1,"59":0},"f":{"0":4,"1":4,"2":1,"3":3,"4":2,"5":3,"6":3,"7":2},"b":{"0":[4,2],"1":[4,2],"2":[1,3],"3":[2],"4":[1],"5":[1],"6":[1],"7":[1],"8":[1],"9":[1]}}
,"D:\\Projects\\SIDA\\PersonalPortfolio\\backend\\src\\controllers\\interaction.controller.ts": {"path":"D:\\Projects\\SIDA\\PersonalPortfolio\\backend\\src\\controllers\\interaction.controller.ts","statementMap":{"0":{"start":{"line":2,"column":0},"end":{"line":2,"column":31}},"1":{"start":{"line":3,"column":0},"end":{"line":3,"column":69}},"2":{"start":{"line":4,"column":0},"end":{"line":4,"column":null}},"3":{"start":{"line":11,"column":15},"end":{"line":11,"column":57}},"4":{"start":{"line":12,"column":16},"end":{"line":12,"column":60}},"5":{"start":{"line":13,"column":2},"end":{"line":13,"column":25}},"6":{"start":{"line":16,"column":13},"end":{"line":92,"column":2}},"7":{"start":{"line":18,"column":4},"end":{"line":23,"column":5}},"8":{"start":{"line":19,"column":30},"end":{"line":19,"column":49}},"9":{"start":{"line":20,"column":6},"end":{"line":20,"column":53}},"10":{"start":{"line":22,"column":6},"end":{"line":22,"column":16}},"11":{"start":{"line":27,"column":4},"end":{"line":33,"column":5}},"12":{"start":{"line":28,"column":26},"end":{"line":28,"column":84}},"13":{"start":{"line":29,"column":6},"end":{"line":29,"column":93}},"14":{"start":{"line":29,"column":26},"end":{"line":29,"column":83}},"15":{"start":{"line":29,"column":84},"end":{"line":29,"column":91}},"16":{"start":{"line":30,"column":6},"end":{"line":30,"column":28}},"17":{"start":{"line":32,"column":6},"end":{"line":32,"column":16}},"18":{"start":{"line":37,"column":4},"end":{"line":51,"column":5}},"19":{"start":{"line":38,"column":22},"end":{"line":38,"column":61}},"20":{"start":{"line":39,"column":21},"end":{"line":39,"column":55}},"21":{"start":{"line":40,"column":6},"end":{"line":43,"column":7}},"22":{"start":{"line":41,"column":8},"end":{"line":41,"column":97}},"23":{"start":{"line":42,"column":8},"end":{"line":42,"column":15}},"24":{"start":{"line":44,"column":6},"end":{"line":44,"column":35}},"25":{"start":{"line":46,"column":6},"end":{"line":49,"column":7}},"26":{"start":{"line":47,"column":8},"end":{"line":47,"column":82}},"27":{"start":{"line":48,"column":8},"end":{"line":48,"column":15}},"28":{"start":{"line":50,"column":6},"end":{"line":50,"column":16}},"29":{"start":{"line":55,"column":4},"end":{"line":66,"column":5}},"30":{"start":{"line":56,"column":22},"end":{"line":56,"column":61}},"31":{"start":{"line":57,"column":21},"end":{"line":57,"column":85}},"32":{"start":{"line":58,"column":6},"end":{"line":58,"column":88}},"33":{"start":{"line":58,"column":21},"end":{"line":58,"column":78}},"34":{"start":{"line":58,"column":79},"end":{"line":58,"column":86}},"35":{"start":{"line":59,"column":6},"end":{"line":59,"column":23}},"36":{"start":{"line":61,"column":6},"end":{"line":64,"column":7}},"37":{"start":{"line":62,"column":8},"end":{"line":62,"column":82}},"38":{"start":{"line":63,"column":8},"end":{"line":63,"column":15}},"39":{"start":{"line":65,"column":6},"end":{"line":65,"column":16}},"40":{"start":{"line":70,"column":4},"end":{"line":80,"column":5}},"41":{"start":{"line":71,"column":21},"end":{"line":71,"column":69}},"42":{"start":{"line":72,"column":21},"end":{"line":72,"column":87}},"43":{"start":{"line":73,"column":6},"end":{"line":73,"column":23}},"44":{"start":{"line":75,"column":6},"end":{"line":78,"column":7}},"45":{"start":{"line":76,"column":8},"end":{"line":76,"column":82}},"46":{"start":{"line":77,"column":8},"end":{"line":77,"column":15}},"47":{"start":{"line":79,"column":6},"end":{"line":79,"column":16}},"48":{"start":{"line":84,"column":4},"end":{"line":90,"column":5}},"49":{"start":{"line":85,"column":22},"end":{"line":85,"column":77}},"50":{"start":{"line":86,"column":6},"end":{"line":86,"column":89}},"51":{"start":{"line":86,"column":22},"end":{"line":86,"column":79}},"52":{"start":{"line":86,"column":80},"end":{"line":86,"column":87}},"53":{"start":{"line":87,"column":6},"end":{"line":87,"column":29}},"54":{"start":{"line":89,"column":6},"end":{"line":89,"column":16}}},"fnMap":{"0":{"name":"parsePageLimit","decl":{"start":{"line":10,"column":9},"end":{"line":10,"column":23}},"loc":{"start":{"line":10,"column":36},"end":{"line":14,"column":1}}},"1":{"name":"(anonymous_1)","decl":{"start":{"line":17,"column":2},"end":{"line":17,"column":6}},"loc":{"start":{"line":17,"column":54},"end":{"line":24,"column":3}}},"2":{"name":"(anonymous_2)","decl":{"start":{"line":26,"column":2},"end":{"line":26,"column":11}},"loc":{"start":{"line":26,"column":59},"end":{"line":34,"column":3}}},"3":{"name":"(anonymous_3)","decl":{"start":{"line":36,"column":2},"end":{"line":36,"column":8}},"loc":{"start":{"line":36,"column":56},"end":{"line":52,"column":3}}},"4":{"name":"(anonymous_4)","decl":{"start":{"line":54,"column":2},"end":{"line":54,"column":8}},"loc":{"start":{"line":54,"column":56},"end":{"line":67,"column":3}}},"5":{"name":"(anonymous_5)","decl":{"start":{"line":69,"column":2},"end":{"line":69,"column":11}},"loc":{"start":{"line":69,"column":59},"end":{"line":81,"column":3}}},"6":{"name":"(anonymous_6)","decl":{"start":{"line":83,"column":2},"end":{"line":83,"column":8}},"loc":{"start":{"line":83,"column":56},"end":{"line":91,"column":3}}}},"branchMap":{"0":{"loc":{"start":{"line":11,"column":15},"end":{"line":11,"column":57}},"type":"binary-expr","locations":[{"start":{"line":11,"column":15},"end":{"line":11,"column":52}},{"start":{"line":11,"column":56},"end":{"line":11,"column":57}}]},"1":{"loc":{"start":{"line":12,"column":16},"end":{"line":12,"column":60}},"type":"binary-expr","locations":[{"start":{"line":12,"column":16},"end":{"line":12,"column":54}},{"start":{"line":12,"column":58},"end":{"line":12,"column":60}}]},"2":{"loc":{"start":{"line":29,"column":6},"end":{"line":29,"column":93}},"type":"if","locations":[{"start":{"line":29,"column":6},"end":{"line":29,"column":93}}]},"3":{"loc":{"start":{"line":40,"column":6},"end":{"line":43,"column":7}},"type":"if","locations":[{"start":{"line":40,"column":6},"end":{"line":43,"column":7}}]},"4":{"loc":{"start":{"line":46,"column":6},"end":{"line":49,"column":7}},"type":"if","locations":[{"start":{"line":46,"column":6},"end":{"line":49,"column":7}}]},"5":{"loc":{"start":{"line":58,"column":6},"end":{"line":58,"column":88}},"type":"if","locations":[{"start":{"line":58,"column":6},"end":{"line":58,"column":88}}]},"6":{"loc":{"start":{"line":61,"column":6},"end":{"line":64,"column":7}},"type":"if","locations":[{"start":{"line":61,"column":6},"end":{"line":64,"column":7}}]},"7":{"loc":{"start":{"line":71,"column":54},"end":{"line":71,"column":68}},"type":"binary-expr","locations":[{"start":{"line":71,"column":54},"end":{"line":71,"column":62}},{"start":{"line":71,"column":66},"end":{"line":71,"column":68}}]},"8":{"loc":{"start":{"line":75,"column":6},"end":{"line":78,"column":7}},"type":"if","locations":[{"start":{"line":75,"column":6},"end":{"line":78,"column":7}}]},"9":{"loc":{"start":{"line":86,"column":6},"end":{"line":86,"column":89}},"type":"if","locations":[{"start":{"line":86,"column":6},"end":{"line":86,"column":89}}]}},"s":{"0":4,"1":4,"2":4,"3":2,"4":2,"5":2,"6":4,"7":2,"8":2,"9":2,"10":0,"11":4,"12":4,"13":4,"14":2,"15":2,"16":2,"17":0,"18":4,"19":4,"20":2,"21":2,"22":1,"23":1,"24":1,"25":2,"26":2,"27":2,"28":0,"29":2,"30":2,"31":2,"32":2,"33":1,"34":1,"35":1,"36":0,"37":0,"38":0,"39":0,"40":2,"41":2,"42":2,"43":2,"44":0,"45":0,"46":0,"47":0,"48":2,"49":2,"50":2,"51":1,"52":1,"53":1,"54":0},"f":{"0":2,"1":2,"2":4,"3":4,"4":2,"5":2,"6":2},"b":{"0":[2,1],"1":[2,1],"2":[2],"3":[1],"4":[2],"5":[1],"6":[0],"7":[2,0],"8":[0],"9":[1]}}
,"D:\\Projects\\SIDA\\PersonalPortfolio\\backend\\src\\controllers\\project.controller.ts": {"path":"D:\\Projects\\SIDA\\PersonalPortfolio\\backend\\src\\controllers\\project.controller.ts","statementMap":{"0":{"start":{"line":2,"column":0},"end":{"line":2,"column":31}},"1":{"start":{"line":3,"column":0},"end":{"line":3,"column":61}},"2":{"start":{"line":4,"column":0},"end":{"line":4,"column":83}},"3":{"start":{"line":7,"column":15},"end":{"line":7,"column":57}},"4":{"start":{"line":8,"column":16},"end":{"line":8,"column":60}},"5":{"start":{"line":9,"column":2},"end":{"line":9,"column":25}},"6":{"start":{"line":12,"column":13},"end":{"line":69,"column":2}},"7":{"start":{"line":14,"column":4},"end":{"line":19,"column":5}},"8":{"start":{"line":15,"column":30},"end":{"line":15,"column":49}},"9":{"start":{"line":16,"column":6},"end":{"line":16,"column":49}},"10":{"start":{"line":18,"column":6},"end":{"line":18,"column":16}},"11":{"start":{"line":23,"column":4},"end":{"line":29,"column":5}},"12":{"start":{"line":24,"column":22},"end":{"line":24,"column":72}},"13":{"start":{"line":25,"column":6},"end":{"line":25,"column":85}},"14":{"start":{"line":25,"column":22},"end":{"line":25,"column":75}},"15":{"start":{"line":25,"column":76},"end":{"line":25,"column":83}},"16":{"start":{"line":26,"column":6},"end":{"line":26,"column":24}},"17":{"start":{"line":28,"column":6},"end":{"line":28,"column":16}},"18":{"start":{"line":33,"column":4},"end":{"line":42,"column":5}},"19":{"start":{"line":34,"column":22},"end":{"line":34,"column":57}},"20":{"start":{"line":35,"column":6},"end":{"line":35,"column":59}},"21":{"start":{"line":37,"column":6},"end":{"line":40,"column":7}},"22":{"start":{"line":38,"column":8},"end":{"line":38,"column":82}},"23":{"start":{"line":39,"column":8},"end":{"line":39,"column":15}},"24":{"start":{"line":41,"column":6},"end":{"line":41,"column":16}},"25":{"start":{"line":46,"column":4},"end":{"line":57,"column":5}},"26":{"start":{"line":47,"column":22},"end":{"line":47,"column":57}},"27":{"start":{"line":48,"column":22},"end":{"line":48,"column":80}},"28":{"start":{"line":49,"column":6},"end":{"line":49,"column":85}},"29":{"start":{"line":49,"column":22},"end":{"line":49,"column":75}},"30":{"start":{"line":49,"column":76},"end":{"line":49,"column":83}},"31":{"start":{"line":50,"column":6},"end":{"line":50,"column":24}},"32":{"start":{"line":52,"column":6},"end":{"line":55,"column":7}},"33":{"start":{"line":53,"column":8},"end":{"line":53,"column":82}},"34":{"start":{"line":54,"column":8},"end":{"line":54,"column":15}},"35":{"start":{"line":56,"column":6},"end":{"line":56,"column":16}},"36":{"start":{"line":61,"column":4},"end":{"line":67,"column":5}},"37":{"start":{"line":62,"column":22},"end":{"line":62,"column":71}},"38":{"start":{"line":63,"column":6},"end":{"line":63,"column":85}},"39":{"start":{"line":63,"column":22},"end":{"line":63,"column":75}},"40":{"start":{"line":63,"column":76},"end":{"line":63,"column":83}},"41":{"start":{"line":64,"column":6},"end":{"line":64,"column":29}},"42":{"start":{"line":66,"column":6},"end":{"line":66,"column":16}}},"fnMap":{"0":{"name":"parsePageLimit","decl":{"start":{"line":6,"column":9},"end":{"line":6,"column":23}},"loc":{"start":{"line":6,"column":36},"end":{"line":10,"column":1}}},"1":{"name":"(anonymous_1)","decl":{"start":{"line":13,"column":2},"end":{"line":13,"column":6}},"loc":{"start":{"line":13,"column":54},"end":{"line":20,"column":3}}},"2":{"name":"(anonymous_2)","decl":{"start":{"line":22,"column":2},"end":{"line":22,"column":9}},"loc":{"start":{"line":22,"column":57},"end":{"line":30,"column":3}}},"3":{"name":"(anonymous_3)","decl":{"start":{"line":32,"column":2},"end":{"line":32,"column":8}},"loc":{"start":{"line":32,"column":56},"end":{"line":43,"column":3}}},"4":{"name":"(anonymous_4)","decl":{"start":{"line":45,"column":2},"end":{"line":45,"column":8}},"loc":{"start":{"line":45,"column":56},"end":{"line":58,"column":3}}},"5":{"name":"(anonymous_5)","decl":{"start":{"line":60,"column":2},"end":{"line":60,"column":8}},"loc":{"start":{"line":60,"column":56},"end":{"line":68,"column":3}}}},"branchMap":{"0":{"loc":{"start":{"line":7,"column":15},"end":{"line":7,"column":57}},"type":"binary-expr","locations":[{"start":{"line":7,"column":15},"end":{"line":7,"column":52}},{"start":{"line":7,"column":56},"end":{"line":7,"column":57}}]},"1":{"loc":{"start":{"line":8,"column":16},"end":{"line":8,"column":60}},"type":"binary-expr","locations":[{"start":{"line":8,"column":16},"end":{"line":8,"column":54}},{"start":{"line":8,"column":58},"end":{"line":8,"column":60}}]},"2":{"loc":{"start":{"line":25,"column":6},"end":{"line":25,"column":85}},"type":"if","locations":[{"start":{"line":25,"column":6},"end":{"line":25,"column":85}}]},"3":{"loc":{"start":{"line":37,"column":6},"end":{"line":40,"column":7}},"type":"if","locations":[{"start":{"line":37,"column":6},"end":{"line":40,"column":7}}]},"4":{"loc":{"start":{"line":49,"column":6},"end":{"line":49,"column":85}},"type":"if","locations":[{"start":{"line":49,"column":6},"end":{"line":49,"column":85}}]},"5":{"loc":{"start":{"line":52,"column":6},"end":{"line":55,"column":7}},"type":"if","locations":[{"start":{"line":52,"column":6},"end":{"line":55,"column":7}}]},"6":{"loc":{"start":{"line":63,"column":6},"end":{"line":63,"column":85}},"type":"if","locations":[{"start":{"line":63,"column":6},"end":{"line":63,"column":85}}]}},"s":{"0":4,"1":4,"2":4,"3":5,"4":5,"5":5,"6":4,"7":5,"8":5,"9":5,"10":0,"11":3,"12":3,"13":3,"14":2,"15":2,"16":1,"17":0,"18":2,"19":2,"20":1,"21":1,"22":1,"23":1,"24":0,"25":2,"26":2,"27":2,"28":2,"29":1,"30":1,"31":1,"32":0,"33":0,"34":0,"35":0,"36":2,"37":2,"38":2,"39":1,"40":1,"41":1,"42":0},"f":{"0":5,"1":5,"2":3,"3":2,"4":2,"5":2},"b":{"0":[5,4],"1":[5,4],"2":[2],"3":[1],"4":[1],"5":[0],"6":[1]}}
,"D:\\Projects\\SIDA\\PersonalPortfolio\\backend\\src\\models\\commission.model.ts": {"path":"D:\\Projects\\SIDA\\PersonalPortfolio\\backend\\src\\models\\commission.model.ts","statementMap":{"0":{"start":{"line":1,"column":0},"end":{"line":1,"column":24}},"1":{"start":{"line":3,"column":13},"end":{"line":3,"column":82}},"2":{"start":{"line":6,"column":13},"end":{"line":14,"column":3}},"3":{"start":{"line":16,"column":13},"end":{"line":19,"column":3}},"4":{"start":{"line":21,"column":13},"end":{"line":23,"column":3}}},"fnMap":{},"branchMap":{},"s":{"0":4,"1":4,"2":4,"3":4,"4":4},"f":{},"b":{}}
,"D:\\Projects\\SIDA\\PersonalPortfolio\\backend\\src\\models\\interaction.model.ts": {"path":"D:\\Projects\\SIDA\\PersonalPortfolio\\backend\\src\\models\\interaction.model.ts","statementMap":{"0":{"start":{"line":1,"column":0},"end":{"line":1,"column":24}},"1":{"start":{"line":3,"column":13},"end":{"line":8,"column":3}},"2":{"start":{"line":11,"column":13},"end":{"line":11,"column":94}},"3":{"start":{"line":13,"column":13},"end":{"line":17,"column":3}}},"fnMap":{},"branchMap":{},"s":{"0":4,"1":4,"2":4,"3":4},"f":{},"b":{}}
,"D:\\Projects\\SIDA\\PersonalPortfolio\\backend\\src\\models\\project.model.ts": {"path":"D:\\Projects\\SIDA\\PersonalPortfolio\\backend\\src\\models\\project.model.ts","statementMap":{"0":{"start":{"line":1,"column":0},"end":{"line":1,"column":24}},"1":{"start":{"line":3,"column":13},"end":{"line":10,"column":3}},"2":{"start":{"line":12,"column":13},"end":{"line":12,"column":65}}},"fnMap":{},"branchMap":{},"s":{"0":4,"1":4,"2":4},"f":{},"b":{}}
,"D:\\Projects\\SIDA\\PersonalPortfolio\\backend\\src\\routes\\commission.routes.ts": {"path":"D:\\Projects\\SIDA\\PersonalPortfolio\\backend\\src\\routes\\commission.routes.ts","statementMap":{"0":{"start":{"line":1,"column":0},"end":{"line":1,"column":33}},"1":{"start":{"line":2,"column":0},"end":{"line":2,"column":76}},"2":{"start":{"line":4,"column":15},"end":{"line":4,"column":23}},"3":{"start":{"line":7,"column":0},"end":{"line":7,"column":49}},"4":{"start":{"line":8,"column":0},"end":{"line":8,"column":43}},"5":{"start":{"line":9,"column":0},"end":{"line":9,"column":49}},"6":{"start":{"line":10,"column":0},"end":{"line":10,"column":46}},"7":{"start":{"line":11,"column":0},"end":{"line":11,"column":48}},"8":{"start":{"line":12,"column":0},"end":{"line":12,"column":62}},"9":{"start":{"line":13,"column":0},"end":{"line":13,"column":51}},"10":{"start":{"line":15,"column":0},"end":{"line":15,"column":22}}},"fnMap":{},"branchMap":{},"s":{"0":4,"1":4,"2":4,"3":4,"4":4,"5":4,"6":4,"7":4,"8":4,"9":4,"10":4},"f":{},"b":{}}
,"D:\\Projects\\SIDA\\PersonalPortfolio\\backend\\src\\routes\\interaction.routes.ts": {"path":"D:\\Projects\\SIDA\\PersonalPortfolio\\backend\\src\\routes\\interaction.routes.ts","statementMap":{"0":{"start":{"line":1,"column":0},"end":{"line":1,"column":33}},"1":{"start":{"line":2,"column":0},"end":{"line":2,"column":78}},"2":{"start":{"line":4,"column":15},"end":{"line":4,"column":23}},"3":{"start":{"line":6,"column":0},"end":{"line":6,"column":44}},"4":{"start":{"line":7,"column":0},"end":{"line":7,"column":54}},"5":{"start":{"line":8,"column":0},"end":{"line":8,"column":47}},"6":{"start":{"line":9,"column":0},"end":{"line":9,"column":51}},"7":{"start":{"line":10,"column":0},"end":{"line":10,"column":65}},"8":{"start":{"line":11,"column":0},"end":{"line":11,"column":54}},"9":{"start":{"line":13,"column":0},"end":{"line":13,"column":22}}},"fnMap":{},"branchMap":{},"s":{"0":4,"1":4,"2":4,"3":4,"4":4,"5":4,"6":4,"7":4,"8":4,"9":4},"f":{},"b":{}}
,"D:\\Projects\\SIDA\\PersonalPortfolio\\backend\\src\\routes\\project.routes.ts": {"path":"D:\\Projects\\SIDA\\PersonalPortfolio\\backend\\src\\routes\\project.routes.ts","statementMap":{"0":{"start":{"line":1,"column":0},"end":{"line":1,"column":33}},"1":{"start":{"line":2,"column":0},"end":{"line":2,"column":70}},"2":{"start":{"line":4,"column":15},"end":{"line":4,"column":23}},"3":{"start":{"line":6,"column":0},"end":{"line":6,"column":40}},"4":{"start":{"line":7,"column":0},"end":{"line":7,"column":46}},"5":{"start":{"line":8,"column":0},"end":{"line":8,"column":43}},"6":{"start":{"line":9,"column":0},"end":{"line":9,"column":45}},"7":{"start":{"line":10,"column":0},"end":{"line":10,"column":48}},"8":{"start":{"line":12,"column":0},"end":{"line":12,"column":22}}},"fnMap":{},"branchMap":{},"s":{"0":4,"1":4,"2":4,"3":4,"4":4,"5":4,"6":4,"7":4,"8":4},"f":{},"b":{}}
,"D:\\Projects\\SIDA\\PersonalPortfolio\\backend\\src\\services\\commission.service.ts": {"path":"D:\\Projects\\SIDA\\PersonalPortfolio\\backend\\src\\services\\commission.service.ts","statementMap":{"0":{"start":{"line":1,"column":0},"end":{"line":1,"column":46}},"1":{"start":{"line":13,"column":16},"end":{"line":13,"column":28}},"2":{"start":{"line":14,"column":21},"end":{"line":14,"column":50}},"3":{"start":{"line":15,"column":16},"end":{"line":15,"column":34}},"4":{"start":{"line":16,"column":2},"end":{"line":16,"column":85}},"5":{"start":{"line":19,"column":13},"end":{"line":90,"column":2}},"6":{"start":{"line":21,"column":4},"end":{"line":21,"column":66}},"7":{"start":{"line":25,"column":21},"end":{"line":25,"column":85}},"8":{"start":{"line":25,"column":65},"end":{"line":25,"column":84}},"9":{"start":{"line":26,"column":4},"end":{"line":26,"column":43}},"10":{"start":{"line":30,"column":16},"end":{"line":30,"column":47}},"11":{"start":{"line":31,"column":18},"end":{"line":31,"column":28}},"12":{"start":{"line":32,"column":19},"end":{"line":32,"column":64}},"13":{"start":{"line":32,"column":35},"end":{"line":32,"column":56}},"14":{"start":{"line":33,"column":22},"end":{"line":33,"column":70}},"15":{"start":{"line":33,"column":38},"end":{"line":33,"column":62}},"16":{"start":{"line":34,"column":20},"end":{"line":34,"column":66}},"17":{"start":{"line":34,"column":36},"end":{"line":34,"column":58}},"18":{"start":{"line":35,"column":20},"end":{"line":35,"column":66}},"19":{"start":{"line":35,"column":36},"end":{"line":35,"column":58}},"20":{"start":{"line":36,"column":20},"end":{"line":36,"column":35}},"21":{"start":{"line":38,"column":23},"end":{"line":38,"column":65}},"22":{"start":{"line":39,"column":22},"end":{"line":43,"column":7}},"23":{"start":{"line":39,"column":54},"end":{"line":43,"column":6}},"24":{"start":{"line":45,"column":27},"end":{"line":45,"column":42}},"25":{"start":{"line":46,"column":4},"end":{"line":46,"column":94}},"26":{"start":{"line":50,"column":4},"end":{"line":50,"column":45}},"27":{"start":{"line":54,"column":4},"end":{"line":54,"column":30}},"28":{"start":{"line":55,"column":15},"end":{"line":55,"column":72}},"29":{"start":{"line":56,"column":18},"end":{"line":56,"column":56}},"30":{"start":{"line":57,"column":16},"end":{"line":57,"column":26}},"31":{"start":{"line":58,"column":4},"end":{"line":58,"column":36}},"32":{"start":{"line":59,"column":35},"end":{"line":66,"column":6}},"33":{"start":{"line":67,"column":4},"end":{"line":67,"column":42}},"34":{"start":{"line":68,"column":4},"end":{"line":68,"column":22}},"35":{"start":{"line":72,"column":21},"end":{"line":72,"column":46}},"36":{"start":{"line":73,"column":4},"end":{"line":73,"column":31}},"37":{"start":{"line":73,"column":19},"end":{"line":73,"column":31}},"38":{"start":{"line":74,"column":32},"end":{"line":74,"column":59}},"39":{"start":{"line":75,"column":4},"end":{"line":75,"column":39}},"40":{"start":{"line":76,"column":4},"end":{"line":76,"column":19}},"41":{"start":{"line":80,"column":21},"end":{"line":80,"column":46}},"42":{"start":{"line":81,"column":4},"end":{"line":81,"column":31}},"43":{"start":{"line":81,"column":19},"end":{"line":81,"column":31}},"44":{"start":{"line":82,"column":32},"end":{"line":82,"column":55}},"45":{"start":{"line":83,"column":4},"end":{"line":83,"column":39}},"46":{"start":{"line":84,"column":4},"end":{"line":84,"column":19}},"47":{"start":{"line":88,"column":4},"end":{"line":88,"column":40}}},"fnMap":{"0":{"name":"paginate","decl":{"start":{"line":12,"column":9},"end":{"line":12,"column":17}},"loc":{"start":{"line":12,"column":60},"end":{"line":17,"column":1}}},"1":{"name":"(anonymous_1)","decl":{"start":{"line":20,"column":2},"end":{"line":20,"column":6}},"loc":{"start":{"line":20,"column":27},"end":{"line":22,"column":3}}},"2":{"name":"(anonymous_2)","decl":{"start":{"line":24,"column":2},"end":{"line":24,"column":14}},"loc":{"start":{"line":24,"column":51},"end":{"line":27,"column":3}}},"3":{"name":"(anonymous_3)","decl":{"start":{"line":25,"column":60},"end":{"line":25,"column":61}},"loc":{"start":{"line":25,"column":65},"end":{"line":25,"column":84}}},"4":{"name":"(anonymous_4)","decl":{"start":{"line":29,"column":2},"end":{"line":29,"column":10}},"loc":{"start":{"line":29,"column":10},"end":{"line":47,"column":3}}},"5":{"name":"(anonymous_5)","decl":{"start":{"line":32,"column":30},"end":{"line":32,"column":31}},"loc":{"start":{"line":32,"column":35},"end":{"line":32,"column":56}}},"6":{"name":"(anonymous_6)","decl":{"start":{"line":33,"column":33},"end":{"line":33,"column":34}},"loc":{"start":{"line":33,"column":38},"end":{"line":33,"column":62}}},"7":{"name":"(anonymous_7)","decl":{"start":{"line":34,"column":31},"end":{"line":34,"column":32}},"loc":{"start":{"line":34,"column":36},"end":{"line":34,"column":58}}},"8":{"name":"(anonymous_8)","decl":{"start":{"line":35,"column":31},"end":{"line":35,"column":32}},"loc":{"start":{"line":35,"column":36},"end":{"line":35,"column":58}}},"9":{"name":"(anonymous_9)","decl":{"start":{"line":39,"column":37},"end":{"line":39,"column":38}},"loc":{"start":{"line":39,"column":54},"end":{"line":43,"column":6}}},"10":{"name":"(anonymous_10)","decl":{"start":{"line":49,"column":2},"end":{"line":49,"column":9}},"loc":{"start":{"line":49,"column":20},"end":{"line":51,"column":3}}},"11":{"name":"(anonymous_11)","decl":{"start":{"line":53,"column":2},"end":{"line":53,"column":8}},"loc":{"start":{"line":53,"column":34},"end":{"line":69,"column":3}}},"12":{"name":"(anonymous_12)","decl":{"start":{"line":71,"column":2},"end":{"line":71,"column":8}},"loc":{"start":{"line":71,"column":46},"end":{"line":77,"column":3}}},"13":{"name":"(anonymous_13)","decl":{"start":{"line":79,"column":2},"end":{"line":79,"column":13}},"loc":{"start":{"line":79,"column":40},"end":{"line":85,"column":3}}},"14":{"name":"(anonymous_14)","decl":{"start":{"line":87,"column":2},"end":{"line":87,"column":8}},"loc":{"start":{"line":87,"column":19},"end":{"line":89,"column":3}}}},"branchMap":{"0":{"loc":{"start":{"line":14,"column":21},"end":{"line":14,"column":50}},"type":"binary-expr","locations":[{"start":{"line":14,"column":21},"end":{"line":14,"column":45}},{"start":{"line":14,"column":49},"end":{"line":14,"column":50}}]},"1":{"loc":{"start":{"line":20,"column":7},"end":{"line":20,"column":15}},"type":"default-arg","locations":[{"start":{"line":20,"column":14},"end":{"line":20,"column":15}}]},"2":{"loc":{"start":{"line":20,"column":17},"end":{"line":20,"column":27}},"type":"default-arg","locations":[{"start":{"line":20,"column":25},"end":{"line":20,"column":27}}]},"3":{"loc":{"start":{"line":24,"column":31},"end":{"line":24,"column":39}},"type":"default-arg","locations":[{"start":{"line":24,"column":38},"end":{"line":24,"column":39}}]},"4":{"loc":{"start":{"line":24,"column":41},"end":{"line":24,"column":51}},"type":"default-arg","locations":[{"start":{"line":24,"column":49},"end":{"line":24,"column":51}}]},"5":{"loc":{"start":{"line":42,"column":13},"end":{"line":42,"column":77}},"type":"cond-expr","locations":[{"start":{"line":42,"column":45},"end":{"line":42,"column":61}},{"start":{"line":42,"column":64},"end":{"line":42,"column":77}}]},"6":{"loc":{"start":{"line":50,"column":11},"end":{"line":50,"column":44}},"type":"binary-expr","locations":[{"start":{"line":50,"column":11},"end":{"line":50,"column":36}},{"start":{"line":50,"column":40},"end":{"line":50,"column":44}}]},"7":{"loc":{"start":{"line":65,"column":12},"end":{"line":65,"column":65}},"type":"binary-expr","locations":[{"start":{"line":65,"column":12},"end":{"line":65,"column":24}},{"start":{"line":65,"column":28},"end":{"line":65,"column":65}}]},"8":{"loc":{"start":{"line":73,"column":4},"end":{"line":73,"column":31}},"type":"if","locations":[{"start":{"line":73,"column":4},"end":{"line":73,"column":31}}]},"9":{"loc":{"start":{"line":81,"column":4},"end":{"line":81,"column":31}},"type":"if","locations":[{"start":{"line":81,"column":4},"end":{"line":81,"column":31}}]}},"s":{"0":4,"1":4,"2":4,"3":4,"4":4,"5":4,"6":3,"7":1,"8":6,"9":1,"10":1,"11":1,"12":1,"13":6,"14":1,"15":6,"16":1,"17":6,"18":1,"19":6,"20":1,"21":1,"22":1,"23":6,"24":1,"25":1,"26":3,"27":1,"28":1,"29":1,"30":1,"31":1,"32":1,"33":1,"34":1,"35":2,"36":2,"37":1,"38":1,"39":1,"40":1,"41":2,"42":2,"43":1,"44":1,"45":1,"46":1,"47":2},"f":{"0":4,"1":3,"2":1,"3":6,"4":1,"5":6,"6":6,"7":6,"8":6,"9":6,"10":3,"11":1,"12":2,"13":2,"14":2},"b":{"0":[4,0],"1":[0],"2":[0],"3":[0],"4":[0],"5":[1,5],"6":[3,2],"7":[1,1],"8":[1],"9":[1]}}
,"D:\\Projects\\SIDA\\PersonalPortfolio\\backend\\src\\services\\interaction.service.ts": {"path":"D:\\Projects\\SIDA\\PersonalPortfolio\\backend\\src\\services\\interaction.service.ts","statementMap":{"0":{"start":{"line":1,"column":0},"end":{"line":1,"column":46}},"1":{"start":{"line":6,"column":16},"end":{"line":6,"column":28}},"2":{"start":{"line":7,"column":21},"end":{"line":7,"column":50}},"3":{"start":{"line":8,"column":16},"end":{"line":8,"column":34}},"4":{"start":{"line":9,"column":2},"end":{"line":9,"column":85}},"5":{"start":{"line":12,"column":13},"end":{"line":79,"column":2}},"6":{"start":{"line":14,"column":4},"end":{"line":14,"column":67}},"7":{"start":{"line":18,"column":4},"end":{"line":18,"column":48}},"8":{"start":{"line":23,"column":4},"end":{"line":23,"column":58}},"9":{"start":{"line":23,"column":46},"end":{"line":23,"column":58}},"10":{"start":{"line":24,"column":31},"end":{"line":24,"column":45}},"11":{"start":{"line":25,"column":4},"end":{"line":25,"column":48}},"12":{"start":{"line":26,"column":4},"end":{"line":26,"column":17}},"13":{"start":{"line":31,"column":21},"end":{"line":31,"column":49}},"14":{"start":{"line":32,"column":4},"end":{"line":32,"column":31}},"15":{"start":{"line":32,"column":19},"end":{"line":32,"column":31}},"16":{"start":{"line":33,"column":33},"end":{"line":38,"column":6}},"17":{"start":{"line":39,"column":4},"end":{"line":39,"column":42}},"18":{"start":{"line":40,"column":4},"end":{"line":40,"column":19}},"19":{"start":{"line":49,"column":19},"end":{"line":49,"column":37}},"20":{"start":{"line":50,"column":22},"end":{"line":50,"column":42}},"21":{"start":{"line":51,"column":25},"end":{"line":51,"column":48}},"22":{"start":{"line":53,"column":21},"end":{"line":53,"column":49}},"23":{"start":{"line":54,"column":4},"end":{"line":63,"column":5}},"24":{"start":{"line":55,"column":35},"end":{"line":60,"column":8}},"25":{"start":{"line":61,"column":6},"end":{"line":61,"column":44}},"26":{"start":{"line":62,"column":6},"end":{"line":62,"column":21}},"27":{"start":{"line":66,"column":34},"end":{"line":71,"column":6}},"28":{"start":{"line":72,"column":4},"end":{"line":72,"column":43}},"29":{"start":{"line":73,"column":4},"end":{"line":73,"column":20}},"30":{"start":{"line":77,"column":4},"end":{"line":77,"column":43}}},"fnMap":{"0":{"name":"paginate","decl":{"start":{"line":5,"column":9},"end":{"line":5,"column":17}},"loc":{"start":{"line":5,"column":60},"end":{"line":10,"column":1}}},"1":{"name":"(anonymous_1)","decl":{"start":{"line":13,"column":2},"end":{"line":13,"column":6}},"loc":{"start":{"line":13,"column":27},"end":{"line":15,"column":3}}},"2":{"name":"(anonymous_2)","decl":{"start":{"line":17,"column":2},"end":{"line":17,"column":11}},"loc":{"start":{"line":17,"column":24},"end":{"line":19,"column":3}}},"3":{"name":"(anonymous_3)","decl":{"start":{"line":22,"column":2},"end":{"line":22,"column":8}},"loc":{"start":{"line":22,"column":35},"end":{"line":27,"column":3}}},"4":{"name":"(anonymous_4)","decl":{"start":{"line":30,"column":2},"end":{"line":30,"column":8}},"loc":{"start":{"line":30,"column":49},"end":{"line":41,"column":3}}},"5":{"name":"(anonymous_5)","decl":{"start":{"line":48,"column":2},"end":{"line":48,"column":11}},"loc":{"start":{"line":48,"column":54},"end":{"line":74,"column":3}}},"6":{"name":"(anonymous_6)","decl":{"start":{"line":76,"column":2},"end":{"line":76,"column":8}},"loc":{"start":{"line":76,"column":21},"end":{"line":78,"column":3}}}},"branchMap":{"0":{"loc":{"start":{"line":7,"column":21},"end":{"line":7,"column":50}},"type":"binary-expr","locations":[{"start":{"line":7,"column":21},"end":{"line":7,"column":45}},{"start":{"line":7,"column":49},"end":{"line":7,"column":50}}]},"1":{"loc":{"start":{"line":13,"column":7},"end":{"line":13,"column":15}},"type":"default-arg","locations":[{"start":{"line":13,"column":14},"end":{"line":13,"column":15}}]},"2":{"loc":{"start":{"line":13,"column":17},"end":{"line":13,"column":27}},"type":"default-arg","locations":[{"start":{"line":13,"column":25},"end":{"line":13,"column":27}}]},"3":{"loc":{"start":{"line":18,"column":11},"end":{"line":18,"column":47}},"type":"binary-expr","locations":[{"start":{"line":18,"column":11},"end":{"line":18,"column":39}},{"start":{"line":18,"column":43},"end":{"line":18,"column":47}}]},"4":{"loc":{"start":{"line":23,"column":4},"end":{"line":23,"column":58}},"type":"if","locations":[{"start":{"line":23,"column":4},"end":{"line":23,"column":58}}]},"5":{"loc":{"start":{"line":32,"column":4},"end":{"line":32,"column":31}},"type":"if","locations":[{"start":{"line":32,"column":4},"end":{"line":32,"column":31}}]},"6":{"loc":{"start":{"line":35,"column":10},"end":{"line":35,"column":65}},"type":"binary-expr","locations":[{"start":{"line":35,"column":10},"end":{"line":35,"column":37}},{"start":{"line":35,"column":41},"end":{"line":35,"column":65}}]},"7":{"loc":{"start":{"line":36,"column":10},"end":{"line":36,"column":74}},"type":"binary-expr","locations":[{"start":{"line":36,"column":10},"end":{"line":36,"column":40}},{"start":{"line":36,"column":44},"end":{"line":36,"column":74}}]},"8":{"loc":{"start":{"line":37,"column":10},"end":{"line":37,"column":83}},"type":"binary-expr","locations":[{"start":{"line":37,"column":10},"end":{"line":37,"column":43}},{"start":{"line":37,"column":47},"end":{"line":37,"column":83}}]},"9":{"loc":{"start":{"line":49,"column":19},"end":{"line":49,"column":37}},"type":"binary-expr","locations":[{"start":{"line":49,"column":19},"end":{"line":49,"column":31}},{"start":{"line":49,"column":35},"end":{"line":49,"column":37}}]},"10":{"loc":{"start":{"line":50,"column":22},"end":{"line":50,"column":42}},"type":"binary-expr","locations":[{"start":{"line":50,"column":22},"end":{"line":50,"column":37}},{"start":{"line":50,"column":41},"end":{"line":50,"column":42}}]},"11":{"loc":{"start":{"line":51,"column":25},"end":{"line":51,"column":48}},"type":"binary-expr","locations":[{"start":{"line":51,"column":25},"end":{"line":51,"column":43}},{"start":{"line":51,"column":47},"end":{"line":51,"column":48}}]},"12":{"loc":{"start":{"line":54,"column":4},"end":{"line":63,"column":5}},"type":"if","locations":[{"start":{"line":54,"column":4},"end":{"line":63,"column":5}}]}},"s":{"0":4,"1":2,"2":2,"3":2,"4":2,"5":4,"6":2,"7":4,"8":2,"9":1,"10":1,"11":1,"12":1,"13":2,"14":2,"15":1,"16":1,"17":1,"18":1,"19":2,"20":2,"21":2,"22":2,"23":2,"24":1,"25":1,"26":1,"27":1,"28":1,"29":1,"30":2},"f":{"0":2,"1":2,"2":4,"3":2,"4":2,"5":2,"6":2},"b":{"0":[2,0],"1":[0],"2":[0],"3":[4,2],"4":[1],"5":[1],"6":[1,1],"7":[1,0],"8":[1,0],"9":[2,1],"10":[2,1],"11":[2,1],"12":[1]}}
,"D:\\Projects\\SIDA\\PersonalPortfolio\\backend\\src\\services\\project.service.ts": {"path":"D:\\Projects\\SIDA\\PersonalPortfolio\\backend\\src\\services\\project.service.ts","statementMap":{"0":{"start":{"line":1,"column":0},"end":{"line":1,"column":36}},"1":{"start":{"line":2,"column":0},"end":{"line":2,"column":46}},"2":{"start":{"line":7,"column":16},"end":{"line":7,"column":28}},"3":{"start":{"line":8,"column":21},"end":{"line":8,"column":50}},"4":{"start":{"line":9,"column":16},"end":{"line":9,"column":34}},"5":{"start":{"line":10,"column":2},"end":{"line":10,"column":85}},"6":{"start":{"line":13,"column":13},"end":{"line":48,"column":2}},"7":{"start":{"line":15,"column":4},"end":{"line":15,"column":63}},"8":{"start":{"line":19,"column":4},"end":{"line":19,"column":42}},"9":{"start":{"line":23,"column":15},"end":{"line":23,"column":23}},"10":{"start":{"line":24,"column":29},"end":{"line":32,"column":6}},"11":{"start":{"line":33,"column":4},"end":{"line":33,"column":36}},"12":{"start":{"line":34,"column":4},"end":{"line":34,"column":19}},"13":{"start":{"line":38,"column":21},"end":{"line":38,"column":43}},"14":{"start":{"line":39,"column":4},"end":{"line":39,"column":31}},"15":{"start":{"line":39,"column":19},"end":{"line":39,"column":31}},"16":{"start":{"line":40,"column":29},"end":{"line":40,"column":56}},"17":{"start":{"line":41,"column":4},"end":{"line":41,"column":36}},"18":{"start":{"line":42,"column":4},"end":{"line":42,"column":19}},"19":{"start":{"line":46,"column":4},"end":{"line":46,"column":37}}},"fnMap":{"0":{"name":"paginate","decl":{"start":{"line":6,"column":9},"end":{"line":6,"column":17}},"loc":{"start":{"line":6,"column":60},"end":{"line":11,"column":1}}},"1":{"name":"(anonymous_1)","decl":{"start":{"line":14,"column":2},"end":{"line":14,"column":6}},"loc":{"start":{"line":14,"column":27},"end":{"line":16,"column":3}}},"2":{"name":"(anonymous_2)","decl":{"start":{"line":18,"column":2},"end":{"line":18,"column":9}},"loc":{"start":{"line":18,"column":20},"end":{"line":20,"column":3}}},"3":{"name":"(anonymous_3)","decl":{"start":{"line":22,"column":2},"end":{"line":22,"column":8}},"loc":{"start":{"line":22,"column":31},"end":{"line":35,"column":3}}},"4":{"name":"(anonymous_4)","decl":{"start":{"line":37,"column":2},"end":{"line":37,"column":8}},"loc":{"start":{"line":37,"column":43},"end":{"line":43,"column":3}}},"5":{"name":"(anonymous_5)","decl":{"start":{"line":45,"column":2},"end":{"line":45,"column":8}},"loc":{"start":{"line":45,"column":19},"end":{"line":47,"column":3}}}},"branchMap":{"0":{"loc":{"start":{"line":8,"column":21},"end":{"line":8,"column":50}},"type":"binary-expr","locations":[{"start":{"line":8,"column":21},"end":{"line":8,"column":45}},{"start":{"line":8,"column":49},"end":{"line":8,"column":50}}]},"1":{"loc":{"start":{"line":14,"column":7},"end":{"line":14,"column":15}},"type":"default-arg","locations":[{"start":{"line":14,"column":14},"end":{"line":14,"column":15}}]},"2":{"loc":{"start":{"line":14,"column":17},"end":{"line":14,"column":27}},"type":"default-arg","locations":[{"start":{"line":14,"column":25},"end":{"line":14,"column":27}}]},"3":{"loc":{"start":{"line":19,"column":11},"end":{"line":19,"column":41}},"type":"binary-expr","locations":[{"start":{"line":19,"column":11},"end":{"line":19,"column":33}},{"start":{"line":19,"column":37},"end":{"line":19,"column":41}}]},"4":{"loc":{"start":{"line":26,"column":13},"end":{"line":26,"column":32}},"type":"binary-expr","locations":[{"start":{"line":26,"column":13},"end":{"line":26,"column":26}},{"start":{"line":26,"column":30},"end":{"line":26,"column":32}}]},"5":{"loc":{"start":{"line":31,"column":12},"end":{"line":31,"column":30}},"type":"binary-expr","locations":[{"start":{"line":31,"column":12},"end":{"line":31,"column":24}},{"start":{"line":31,"column":28},"end":{"line":31,"column":30}}]},"6":{"loc":{"start":{"line":39,"column":4},"end":{"line":39,"column":31}},"type":"if","locations":[{"start":{"line":39,"column":4},"end":{"line":39,"column":31}}]}},"s":{"0":4,"1":4,"2":5,"3":5,"4":5,"5":5,"6":4,"7":5,"8":3,"9":1,"10":1,"11":1,"12":1,"13":2,"14":2,"15":1,"16":1,"17":1,"18":1,"19":2},"f":{"0":5,"1":5,"2":3,"3":1,"4":2,"5":2},"b":{"0":[5,0],"1":[0],"2":[0],"3":[3,2],"4":[1,0],"5":[1,0],"6":[1]}}
,"D:\\Projects\\SIDA\\PersonalPortfolio\\backend\\src\\store\\memory.store.ts": {"path":"D:\\Projects\\SIDA\\PersonalPortfolio\\backend\\src\\store\\memory.store.ts","statementMap":{"0":{"start":{"line":47,"column":0},"end":{"line":47,"column":16}},"1":{"start":{"line":1,"column":0},"end":{"line":1,"column":36}},"2":{"start":{"line":8,"column":39},"end":{"line":15,"column":2}},"3":{"start":{"line":17,"column":26},"end":{"line":21,"column":2}},"4":{"start":{"line":23,"column":41},"end":{"line":33,"column":2}},"5":{"start":{"line":37,"column":13},"end":{"line":43,"column":2}},"6":{"start":{"line":49,"column":2},"end":{"line":49,"column":28}},"7":{"start":{"line":50,"column":2},"end":{"line":50,"column":52}},"8":{"start":{"line":51,"column":2},"end":{"line":51,"column":71}},"9":{"start":{"line":51,"column":32},"end":{"line":51,"column":69}},"10":{"start":{"line":54,"column":2},"end":{"line":54,"column":25}},"11":{"start":{"line":55,"column":2},"end":{"line":59,"column":5}},"12":{"start":{"line":56,"column":15},"end":{"line":56,"column":23}},"13":{"start":{"line":57,"column":29},"end":{"line":57,"column":43}},"14":{"start":{"line":58,"column":4},"end":{"line":58,"column":36}},"15":{"start":{"line":62,"column":2},"end":{"line":62,"column":29}},"16":{"start":{"line":63,"column":2},"end":{"line":63,"column":75}},"17":{"start":{"line":63,"column":33},"end":{"line":63,"column":73}},"18":{"start":{"line":67,"column":0},"end":{"line":67,"column":13}}},"fnMap":{"0":{"name":"resetStore","decl":{"start":{"line":47,"column":16},"end":{"line":47,"column":26}},"loc":{"start":{"line":47,"column":26},"end":{"line":64,"column":1}}},"1":{"name":"(anonymous_1)","decl":{"start":{"line":51,"column":27},"end":{"line":51,"column":28}},"loc":{"start":{"line":51,"column":32},"end":{"line":51,"column":69}}},"2":{"name":"(anonymous_2)","decl":{"start":{"line":55,"column":28},"end":{"line":55,"column":31}},"loc":{"start":{"line":55,"column":34},"end":{"line":59,"column":3}}},"3":{"name":"(anonymous_3)","decl":{"start":{"line":63,"column":28},"end":{"line":63,"column":29}},"loc":{"start":{"line":63,"column":33},"end":{"line":63,"column":73}}}},"branchMap":{},"s":{"0":4,"1":4,"2":4,"3":4,"4":4,"5":4,"6":45,"7":45,"8":45,"9":270,"10":45,"11":45,"12":135,"13":135,"14":135,"15":45,"16":45,"17":405,"18":4},"f":{"0":45,"1":270,"2":135,"3":405},"b":{}}
}
