TN:
SF:src\app.ts
FN:19,(anonymous_1)
FN:24,(anonymous_2)
FN:30,(anonymous_3)
FNF:3
FNH:2
FNDA:1,(anonymous_1)
FNDA:1,(anonymous_2)
FNDA:0,(anonymous_3)
DA:1,4
DA:2,4
DA:3,4
DA:4,4
DA:5,4
DA:7,4
DA:10,4
DA:11,4
DA:14,4
DA:15,4
DA:16,4
DA:19,4
DA:20,1
DA:24,4
DA:25,1
DA:30,4
DA:31,0
DA:32,0
DA:35,4
LF:19
LH:17
BRF:0
BRH:0
end_of_record
TN:
SF:src\controllers\commission.controller.ts
FN:10,parsePageLimit
FN:17,(anonymous_1)
FN:30,(anonymous_2)
FN:38,(anonymous_3)
FN:48,(anonymous_4)
FN:62,(anonymous_5)
FN:77,(anonymous_6)
FN:92,(anonymous_7)
FNF:8
FNH:8
FNDA:4,parsePageLimit
FNDA:4,(anonymous_1)
FNDA:1,(anonymous_2)
FNDA:3,(anonymous_3)
FNDA:2,(anonymous_4)
FNDA:3,(anonymous_5)
FNDA:3,(anonymous_6)
FNDA:2,(anonymous_7)
DA:2,4
DA:3,4
DA:4,4
DA:11,4
DA:12,4
DA:13,4
DA:16,4
DA:18,4
DA:19,4
DA:20,4
DA:21,4
DA:24,4
DA:26,0
DA:31,1
DA:32,1
DA:34,0
DA:39,3
DA:40,3
DA:41,3
DA:42,1
DA:44,0
DA:49,2
DA:50,2
DA:51,1
DA:52,1
DA:54,1
DA:55,1
DA:56,1
DA:58,0
DA:63,3
DA:64,3
DA:65,2
DA:66,2
DA:67,1
DA:69,1
DA:70,1
DA:71,1
DA:73,0
DA:78,3
DA:79,3
DA:80,2
DA:81,2
DA:82,1
DA:84,1
DA:85,1
DA:86,1
DA:88,0
DA:93,2
DA:94,2
DA:95,2
DA:96,1
DA:98,0
LF:52
LH:45
BRDA:11,0,0,4
BRDA:11,0,1,2
BRDA:12,1,0,4
BRDA:12,1,1,2
BRDA:21,2,0,1
BRDA:21,2,1,3
BRDA:41,3,0,2
BRDA:54,4,0,1
BRDA:66,5,0,1
BRDA:69,6,0,1
BRDA:81,7,0,1
BRDA:84,8,0,1
BRDA:95,9,0,1
BRF:13
BRH:13
end_of_record
TN:
SF:src\controllers\interaction.controller.ts
FN:10,parsePageLimit
FN:17,(anonymous_1)
FN:26,(anonymous_2)
FN:36,(anonymous_3)
FN:54,(anonymous_4)
FN:69,(anonymous_5)
FN:83,(anonymous_6)
FNF:7
FNH:7
FNDA:2,parsePageLimit
FNDA:2,(anonymous_1)
FNDA:4,(anonymous_2)
FNDA:4,(anonymous_3)
FNDA:2,(anonymous_4)
FNDA:2,(anonymous_5)
FNDA:2,(anonymous_6)
DA:2,4
DA:3,4
DA:4,4
DA:11,2
DA:12,2
DA:13,2
DA:16,4
DA:18,2
DA:19,2
DA:20,2
DA:22,0
DA:27,4
DA:28,4
DA:29,4
DA:30,2
DA:32,0
DA:37,4
DA:38,4
DA:39,2
DA:40,2
DA:41,1
DA:42,1
DA:44,1
DA:46,2
DA:47,2
DA:48,2
DA:50,0
DA:55,2
DA:56,2
DA:57,2
DA:58,2
DA:59,1
DA:61,0
DA:62,0
DA:63,0
DA:65,0
DA:70,2
DA:71,2
DA:72,2
DA:73,2
DA:75,0
DA:76,0
DA:77,0
DA:79,0
DA:84,2
DA:85,2
DA:86,2
DA:87,1
DA:89,0
LF:49
LH:37
BRDA:11,0,0,2
BRDA:11,0,1,1
BRDA:12,1,0,2
BRDA:12,1,1,1
BRDA:29,2,0,2
BRDA:40,3,0,1
BRDA:46,4,0,2
BRDA:58,5,0,1
BRDA:61,6,0,0
BRDA:71,7,0,2
BRDA:71,7,1,0
BRDA:75,8,0,0
BRDA:86,9,0,1
BRF:13
BRH:10
end_of_record
TN:
SF:src\controllers\project.controller.ts
FN:6,parsePageLimit
FN:13,(anonymous_1)
FN:22,(anonymous_2)
FN:32,(anonymous_3)
FN:45,(anonymous_4)
FN:60,(anonymous_5)
FNF:6
FNH:6
FNDA:5,parsePageLimit
FNDA:5,(anonymous_1)
FNDA:3,(anonymous_2)
FNDA:2,(anonymous_3)
FNDA:2,(anonymous_4)
FNDA:2,(anonymous_5)
DA:2,4
DA:3,4
DA:4,4
DA:7,5
DA:8,5
DA:9,5
DA:12,4
DA:14,5
DA:15,5
DA:16,5
DA:18,0
DA:23,3
DA:24,3
DA:25,3
DA:26,1
DA:28,0
DA:33,2
DA:34,2
DA:35,1
DA:37,1
DA:38,1
DA:39,1
DA:41,0
DA:46,2
DA:47,2
DA:48,2
DA:49,2
DA:50,1
DA:52,0
DA:53,0
DA:54,0
DA:56,0
DA:61,2
DA:62,2
DA:63,2
DA:64,1
DA:66,0
LF:37
LH:29
BRDA:7,0,0,5
BRDA:7,0,1,4
BRDA:8,1,0,5
BRDA:8,1,1,4
BRDA:25,2,0,2
BRDA:37,3,0,1
BRDA:49,4,0,1
BRDA:52,5,0,0
BRDA:63,6,0,1
BRF:9
BRH:8
end_of_record
TN:
SF:src\models\commission.model.ts
FNF:0
FNH:0
DA:1,4
DA:3,4
DA:6,4
DA:16,4
DA:21,4
LF:5
LH:5
BRF:0
BRH:0
end_of_record
TN:
SF:src\models\interaction.model.ts
FNF:0
FNH:0
DA:1,4
DA:3,4
DA:11,4
DA:13,4
LF:4
LH:4
BRF:0
BRH:0
end_of_record
TN:
SF:src\models\project.model.ts
FNF:0
FNH:0
DA:1,4
DA:3,4
DA:12,4
LF:3
LH:3
BRF:0
BRH:0
end_of_record
TN:
SF:src\routes\commission.routes.ts
FNF:0
FNH:0
DA:1,4
DA:2,4
DA:4,4
DA:7,4
DA:8,4
DA:9,4
DA:10,4
DA:11,4
DA:12,4
DA:13,4
DA:15,4
LF:11
LH:11
BRF:0
BRH:0
end_of_record
TN:
SF:src\routes\interaction.routes.ts
FNF:0
FNH:0
DA:1,4
DA:2,4
DA:4,4
DA:6,4
DA:7,4
DA:8,4
DA:9,4
DA:10,4
DA:11,4
DA:13,4
LF:10
LH:10
BRF:0
BRH:0
end_of_record
TN:
SF:src\routes\project.routes.ts
FNF:0
FNH:0
DA:1,4
DA:2,4
DA:4,4
DA:6,4
DA:7,4
DA:8,4
DA:9,4
DA:10,4
DA:12,4
LF:9
LH:9
BRF:0
BRH:0
end_of_record
TN:
SF:src\services\commission.service.ts
FN:12,paginate
FN:20,(anonymous_1)
FN:24,(anonymous_2)
FN:25,(anonymous_3)
FN:29,(anonymous_4)
FN:32,(anonymous_5)
FN:33,(anonymous_6)
FN:34,(anonymous_7)
FN:35,(anonymous_8)
FN:39,(anonymous_9)
FN:49,(anonymous_10)
FN:53,(anonymous_11)
FN:71,(anonymous_12)
FN:79,(anonymous_13)
FN:87,(anonymous_14)
FNF:15
FNH:15
FNDA:4,paginate
FNDA:3,(anonymous_1)
FNDA:1,(anonymous_2)
FNDA:6,(anonymous_3)
FNDA:1,(anonymous_4)
FNDA:6,(anonymous_5)
FNDA:6,(anonymous_6)
FNDA:6,(anonymous_7)
FNDA:6,(anonymous_8)
FNDA:6,(anonymous_9)
FNDA:3,(anonymous_10)
FNDA:1,(anonymous_11)
FNDA:2,(anonymous_12)
FNDA:2,(anonymous_13)
FNDA:2,(anonymous_14)
DA:1,4
DA:13,4
DA:14,4
DA:15,4
DA:16,4
DA:19,4
DA:21,3
DA:25,6
DA:26,1
DA:30,1
DA:31,1
DA:32,6
DA:33,6
DA:34,6
DA:35,6
DA:36,1
DA:38,1
DA:39,6
DA:45,1
DA:46,1
DA:50,3
DA:54,1
DA:55,1
DA:56,1
DA:57,1
DA:58,1
DA:59,1
DA:67,1
DA:68,1
DA:72,2
DA:73,2
DA:74,1
DA:75,1
DA:76,1
DA:80,2
DA:81,2
DA:82,1
DA:83,1
DA:84,1
DA:88,2
LF:40
LH:40
BRDA:14,0,0,4
BRDA:14,0,1,0
BRDA:20,1,0,0
BRDA:20,2,0,0
BRDA:24,3,0,0
BRDA:24,4,0,0
BRDA:42,5,0,1
BRDA:42,5,1,5
BRDA:50,6,0,3
BRDA:50,6,1,2
BRDA:65,7,0,1
BRDA:65,7,1,1
BRDA:73,8,0,1
BRDA:81,9,0,1
BRF:14
BRH:9
end_of_record
TN:
SF:src\services\interaction.service.ts
FN:5,paginate
FN:13,(anonymous_1)
FN:17,(anonymous_2)
FN:22,(anonymous_3)
FN:30,(anonymous_4)
FN:48,(anonymous_5)
FN:76,(anonymous_6)
FNF:7
FNH:7
FNDA:2,paginate
FNDA:2,(anonymous_1)
FNDA:4,(anonymous_2)
FNDA:2,(anonymous_3)
FNDA:2,(anonymous_4)
FNDA:2,(anonymous_5)
FNDA:2,(anonymous_6)
DA:1,4
DA:6,2
DA:7,2
DA:8,2
DA:9,2
DA:12,4
DA:14,2
DA:18,4
DA:23,2
DA:24,1
DA:25,1
DA:26,1
DA:31,2
DA:32,2
DA:33,1
DA:39,1
DA:40,1
DA:49,2
DA:50,2
DA:51,2
DA:53,2
DA:54,2
DA:55,1
DA:61,1
DA:62,1
DA:66,1
DA:72,1
DA:73,1
DA:77,2
LF:29
LH:29
BRDA:7,0,0,2
BRDA:7,0,1,0
BRDA:13,1,0,0
BRDA:13,2,0,0
BRDA:18,3,0,4
BRDA:18,3,1,2
BRDA:23,4,0,1
BRDA:32,5,0,1
BRDA:35,6,0,1
BRDA:35,6,1,1
BRDA:36,7,0,1
BRDA:36,7,1,0
BRDA:37,8,0,1
BRDA:37,8,1,0
BRDA:49,9,0,2
BRDA:49,9,1,1
BRDA:50,10,0,2
BRDA:50,10,1,1
BRDA:51,11,0,2
BRDA:51,11,1,1
BRDA:54,12,0,1
BRF:21
BRH:16
end_of_record
TN:
SF:src\services\project.service.ts
FN:6,paginate
FN:14,(anonymous_1)
FN:18,(anonymous_2)
FN:22,(anonymous_3)
FN:37,(anonymous_4)
FN:45,(anonymous_5)
FNF:6
FNH:6
FNDA:5,paginate
FNDA:5,(anonymous_1)
FNDA:3,(anonymous_2)
FNDA:1,(anonymous_3)
FNDA:2,(anonymous_4)
FNDA:2,(anonymous_5)
DA:1,4
DA:2,4
DA:7,5
DA:8,5
DA:9,5
DA:10,5
DA:13,4
DA:15,5
DA:19,3
DA:23,1
DA:24,1
DA:33,1
DA:34,1
DA:38,2
DA:39,2
DA:40,1
DA:41,1
DA:42,1
DA:46,2
LF:19
LH:19
BRDA:8,0,0,5
BRDA:8,0,1,0
BRDA:14,1,0,0
BRDA:14,2,0,0
BRDA:19,3,0,3
BRDA:19,3,1,2
BRDA:26,4,0,1
BRDA:26,4,1,0
BRDA:31,5,0,1
BRDA:31,5,1,0
BRDA:39,6,0,1
BRF:11
BRH:6
end_of_record
TN:
SF:src\store\memory.store.ts
FN:47,resetStore
FN:51,(anonymous_1)
FN:55,(anonymous_2)
FN:63,(anonymous_3)
FNF:4
FNH:4
FNDA:45,resetStore
FNDA:270,(anonymous_1)
FNDA:135,(anonymous_2)
FNDA:405,(anonymous_3)
DA:1,4
DA:8,4
DA:17,4
DA:23,4
DA:37,4
DA:47,4
DA:49,45
DA:50,45
DA:51,270
DA:54,45
DA:55,45
DA:56,135
DA:57,135
DA:58,135
DA:62,45
DA:63,405
DA:67,4
LF:17
LH:17
BRF:0
BRH:0
end_of_record
