{"D:\\Projects\\SIDA\\PersonalPortfolio\\my-design-system\\src\\components\\AdminNav.svelte": {"path":"D:\\Projects\\SIDA\\PersonalPortfolio\\my-design-system\\src\\components\\AdminNav.svelte","statementMap":{"0":{"start":{"line":2,"column":19},"end":{"line":2,"column":null}},"1":{"start":{"line":4,"column":22},"end":{"line":4,"column":null}},"2":{"start":{"line":6,"column":19},"end":{"line":6,"column":94}},"3":{"start":{"line":7,"column":19},"end":{"line":7,"column":94}},"4":{"start":{"line":8,"column":19},"end":{"line":8,"column":94}},"5":{"start":{"line":11,"column":10},"end":{"line":11,"column":null}},"6":{"start":{"line":13,"column":2},"end":{"line":16,"column":null}},"7":{"start":{"line":15,"column":4},"end":{"line":15,"column":null}},"8":{"start":{"line":18,"column":13},"end":{"line":22,"column":null}},"9":{"start":{"line":19,"column":4},"end":{"line":21,"column":null}},"10":{"start":{"line":20,"column":6},"end":{"line":20,"column":null}},"11":{"start":{"line":24,"column":16},"end":{"line":24,"column":null}},"12":{"start":{"line":24,"column":24},"end":{"line":24,"column":null}},"13":{"start":{"line":27,"column":4},"end":{"line":27,"column":null}},"14":{"start":{"line":31,"column":4},"end":{"line":31,"column":null}},"15":{"start":{"line":31,"column":1},"end":{"line":31,"column":null}},"16":{"start":{"line":34,"column":6},"end":{"line":31,"column":null}},"17":{"start":{"line":37,"column":5},"end":{"line":34,"column":null}},"18":{"start":{"line":43,"column":10},"end":{"line":37,"column":null}},"19":{"start":{"line":43,"column":7},"end":{"line":43,"column":null}},"20":{"start":{"line":44,"column":11},"end":{"line":43,"column":16}},"21":{"start":{"line":37,"column":5},"end":{"line":37,"column":null}},"22":{"start":{"line":51,"column":5},"end":{"line":37,"column":null}},"23":{"start":{"line":57,"column":10},"end":{"line":51,"column":null}},"24":{"start":{"line":57,"column":7},"end":{"line":57,"column":null}},"25":{"start":{"line":58,"column":11},"end":{"line":57,"column":16}},"26":{"start":{"line":51,"column":5},"end":{"line":51,"column":null}},"27":{"start":{"line":65,"column":5},"end":{"line":51,"column":null}},"28":{"start":{"line":73,"column":10},"end":{"line":65,"column":null}},"29":{"start":{"line":73,"column":7},"end":{"line":73,"column":null}},"30":{"start":{"line":74,"column":11},"end":{"line":73,"column":16}},"31":{"start":{"line":65,"column":5},"end":{"line":65,"column":null}},"32":{"start":{"line":34,"column":3},"end":{"line":34,"column":null}},"33":{"start":{"line":85,"column":6},"end":{"line":34,"column":null}},"34":{"start":{"line":86,"column":5},"end":{"line":85,"column":null}},"35":{"start":{"line":92,"column":7},"end":{"line":86,"column":null}},"36":{"start":{"line":86,"column":5},"end":{"line":86,"column":null}},"37":{"start":{"line":102,"column":10},"end":{"line":102,"column":null}},"38":{"start":{"line":103,"column":10},"end":{"line":102,"column":null}},"39":{"start":{"line":106,"column":14},"end":{"line":103,"column":43}},"40":{"start":{"line":106,"column":11},"end":{"line":106,"column":null}},"41":{"start":{"line":107,"column":15},"end":{"line":106,"column":20}},"42":{"start":{"line":103,"column":9},"end":{"line":103,"column":43}},"43":{"start":{"line":110,"column":10},"end":{"line":103,"column":43}},"44":{"start":{"line":113,"column":14},"end":{"line":110,"column":46}},"45":{"start":{"line":113,"column":11},"end":{"line":113,"column":null}},"46":{"start":{"line":114,"column":15},"end":{"line":113,"column":20}},"47":{"start":{"line":110,"column":9},"end":{"line":110,"column":46}},"48":{"start":{"line":117,"column":10},"end":{"line":110,"column":46}},"49":{"start":{"line":121,"column":14},"end":{"line":117,"column":34}},"50":{"start":{"line":121,"column":11},"end":{"line":121,"column":null}},"51":{"start":{"line":122,"column":15},"end":{"line":121,"column":20}},"52":{"start":{"line":117,"column":9},"end":{"line":117,"column":34}},"53":{"start":{"line":102,"column":7},"end":{"line":102,"column":null}},"54":{"start":{"line":107,"column":11},"end":{"line":107,"column":null}},"55":{"start":{"line":114,"column":11},"end":{"line":114,"column":null}},"56":{"start":{"line":122,"column":11},"end":{"line":122,"column":null}},"57":{"start":{"line":105,"column":19},"end":{"line":105,"column":89}},"58":{"start":{"line":108,"column":24},"end":{"line":108,"column":88}},"59":{"start":{"line":112,"column":19},"end":{"line":112,"column":92}},"60":{"start":{"line":115,"column":24},"end":{"line":115,"column":91}},"61":{"start":{"line":119,"column":19},"end":{"line":120,"column":62}},"62":{"start":{"line":123,"column":24},"end":{"line":124,"column":null}},"63":{"start":{"line":103,"column":9},"end":{"line":103,"column":null}},"64":{"start":{"line":110,"column":9},"end":{"line":110,"column":null}},"65":{"start":{"line":117,"column":9},"end":{"line":117,"column":null}},"66":{"start":{"line":101,"column":9},"end":{"line":101,"column":null}},"67":{"start":{"line":101,"column":25},"end":{"line":101,"column":null}},"68":{"start":{"line":85,"column":3},"end":{"line":85,"column":null}},"69":{"start":{"line":44,"column":7},"end":{"line":44,"column":null}},"70":{"start":{"line":58,"column":7},"end":{"line":58,"column":null}},"71":{"start":{"line":74,"column":7},"end":{"line":74,"column":null}},"72":{"start":{"line":86,"column":5},"end":{"line":89,"column":null}},"73":{"start":{"line":92,"column":7},"end":{"line":93,"column":null}},"74":{"start":{"line":41,"column":14},"end":{"line":41,"column":94}},"75":{"start":{"line":45,"column":20},"end":{"line":45,"column":84}},"76":{"start":{"line":55,"column":14},"end":{"line":55,"column":97}},"77":{"start":{"line":59,"column":20},"end":{"line":59,"column":87}},"78":{"start":{"line":69,"column":14},"end":{"line":71,"column":40}},"79":{"start":{"line":75,"column":20},"end":{"line":77,"column":null}},"80":{"start":{"line":37,"column":5},"end":{"line":39,"column":null}},"81":{"start":{"line":51,"column":5},"end":{"line":53,"column":null}},"82":{"start":{"line":65,"column":5},"end":{"line":67,"column":null}},"83":{"start":{"line":86,"column":5},"end":{"line":87,"column":null}},"84":{"start":{"line":87,"column":22},"end":{"line":87,"column":null}}},"fnMap":{"0":{"name":"AdminNav","decl":{"start":{"line":1,"column":0},"end":{"line":1,"column":null}},"loc":{"start":{"line":1,"column":0},"end":{"line":29,"column":null}},"line":1},"1":{"name":"(anonymous_1)","decl":{"start":{"line":13,"column":9},"end":{"line":13,"column":16}},"loc":{"start":{"line":13,"column":16},"end":{"line":16,"column":3}},"line":13},"2":{"name":"(anonymous_2)","decl":{"start":{"line":19,"column":47},"end":{"line":19,"column":55}},"loc":{"start":{"line":19,"column":55},"end":{"line":21,"column":5}},"line":19},"3":{"name":"(anonymous_3)","decl":{"start":{"line":24,"column":16},"end":{"line":24,"column":20}},"loc":{"start":{"line":24,"column":24},"end":{"line":24,"column":null}},"line":24},"4":{"name":"navigate","decl":{"start":{"line":26,"column":11},"end":{"line":26,"column":19}},"loc":{"start":{"line":26,"column":22},"end":{"line":28,"column":null}},"line":26},"5":{"name":"(anonymous_5)","decl":{"start":{"line":105,"column":19},"end":{"line":105,"column":27}},"loc":{"start":{"line":105,"column":19},"end":{"line":105,"column":89}},"line":105},"6":{"name":"(anonymous_6)","decl":{"start":{"line":108,"column":24},"end":{"line":108,"column":32}},"loc":{"start":{"line":108,"column":24},"end":{"line":108,"column":88}},"line":108},"7":{"name":"(anonymous_7)","decl":{"start":{"line":112,"column":19},"end":{"line":112,"column":27}},"loc":{"start":{"line":112,"column":19},"end":{"line":112,"column":92}},"line":112},"8":{"name":"(anonymous_8)","decl":{"start":{"line":115,"column":24},"end":{"line":115,"column":32}},"loc":{"start":{"line":115,"column":24},"end":{"line":115,"column":91}},"line":115},"9":{"name":"(anonymous_9)","decl":{"start":{"line":119,"column":19},"end":{"line":119,"column":27}},"loc":{"start":{"line":119,"column":19},"end":{"line":120,"column":62}},"line":119},"10":{"name":"(anonymous_10)","decl":{"start":{"line":123,"column":24},"end":{"line":123,"column":32}},"loc":{"start":{"line":123,"column":24},"end":{"line":124,"column":null}},"line":123},"11":{"name":"(anonymous_11)","decl":{"start":{"line":41,"column":14},"end":{"line":41,"column":22}},"loc":{"start":{"line":41,"column":14},"end":{"line":41,"column":94}},"line":41},"12":{"name":"(anonymous_12)","decl":{"start":{"line":45,"column":20},"end":{"line":45,"column":28}},"loc":{"start":{"line":45,"column":20},"end":{"line":45,"column":84}},"line":45},"13":{"name":"(anonymous_13)","decl":{"start":{"line":55,"column":14},"end":{"line":55,"column":22}},"loc":{"start":{"line":55,"column":14},"end":{"line":55,"column":97}},"line":55},"14":{"name":"(anonymous_14)","decl":{"start":{"line":59,"column":20},"end":{"line":59,"column":28}},"loc":{"start":{"line":59,"column":20},"end":{"line":59,"column":87}},"line":59},"15":{"name":"(anonymous_15)","decl":{"start":{"line":69,"column":14},"end":{"line":69,"column":22}},"loc":{"start":{"line":69,"column":14},"end":{"line":71,"column":40}},"line":69},"16":{"name":"(anonymous_16)","decl":{"start":{"line":75,"column":20},"end":{"line":75,"column":28}},"loc":{"start":{"line":75,"column":20},"end":{"line":77,"column":null}},"line":75},"17":{"name":"click","decl":{"start":{"line":86,"column":5},"end":{"line":86,"column":null}},"loc":{"start":{"line":86,"column":5},"end":{"line":87,"column":null}},"line":86}},"branchMap":{"0":{"loc":{"start":{"line":18,"column":13},"end":{"line":22,"column":null}},"type":"if","locations":[{"start":{"line":18,"column":13},"end":{"line":22,"column":null}},{"start":{},"end":{}}],"line":18},"1":{"loc":{"start":{"line":24,"column":24},"end":{"line":24,"column":null}},"type":"binary-expr","locations":[{"start":{"line":24,"column":24},"end":{"line":24,"column":46}},{"start":{"line":24,"column":42},"end":{"line":24,"column":null}}],"line":24},"2":{"loc":{"start":{"line":105,"column":19},"end":{"line":105,"column":89}},"type":"cond-expr","locations":[{"start":{"line":105,"column":49},"end":{"line":105,"column":63}},{"start":{"line":105,"column":66},"end":{"line":105,"column":89}}],"line":105},"3":{"loc":{"start":{"line":108,"column":24},"end":{"line":108,"column":88}},"type":"cond-expr","locations":[{"start":{"line":108,"column":54},"end":{"line":108,"column":69}},{"start":{"line":108,"column":72},"end":{"line":108,"column":88}}],"line":108},"4":{"loc":{"start":{"line":112,"column":19},"end":{"line":112,"column":92}},"type":"cond-expr","locations":[{"start":{"line":112,"column":52},"end":{"line":112,"column":66}},{"start":{"line":112,"column":69},"end":{"line":112,"column":92}}],"line":112},"5":{"loc":{"start":{"line":115,"column":24},"end":{"line":115,"column":91}},"type":"cond-expr","locations":[{"start":{"line":115,"column":57},"end":{"line":115,"column":72}},{"start":{"line":115,"column":75},"end":{"line":115,"column":91}}],"line":115},"6":{"loc":{"start":{"line":119,"column":19},"end":{"line":120,"column":62}},"type":"cond-expr","locations":[{"start":{"line":120,"column":22},"end":{"line":120,"column":36}},{"start":{"line":120,"column":39},"end":{"line":120,"column":62}}],"line":119},"7":{"loc":{"start":{"line":119,"column":19},"end":{"line":119,"column":null}},"type":"binary-expr","locations":[{"start":{"line":119,"column":19},"end":{"line":119,"column":42}},{"start":{"line":119,"column":36},"end":{"line":119,"column":74}},{"start":{"line":119,"column":68},"end":{"line":119,"column":null}}],"line":119},"8":{"loc":{"start":{"line":123,"column":24},"end":{"line":124,"column":null}},"type":"cond-expr","locations":[{"start":{"line":124,"column":27},"end":{"line":124,"column":42}},{"start":{"line":124,"column":45},"end":{"line":124,"column":null}}],"line":123},"9":{"loc":{"start":{"line":123,"column":24},"end":{"line":123,"column":null}},"type":"binary-expr","locations":[{"start":{"line":123,"column":24},"end":{"line":123,"column":47}},{"start":{"line":123,"column":41},"end":{"line":123,"column":79}},{"start":{"line":123,"column":73},"end":{"line":123,"column":null}}],"line":123},"10":{"loc":{"start":{"line":101,"column":9},"end":{"line":101,"column":null}},"type":"if","locations":[{"start":{"line":101,"column":9},"end":{"line":101,"column":null}},{"start":{},"end":{}}],"line":101},"11":{"loc":{"start":{"line":92,"column":7},"end":{"line":93,"column":96}},"type":"cond-expr","locations":[{"start":{"line":93,"column":79},"end":{"line":93,"column":91}},{"start":{"line":93,"column":94},"end":{"line":93,"column":96}}],"line":92},"12":{"loc":{"start":{"line":41,"column":14},"end":{"line":41,"column":94}},"type":"cond-expr","locations":[{"start":{"line":41,"column":44},"end":{"line":41,"column":68}},{"start":{"line":41,"column":71},"end":{"line":41,"column":94}}],"line":41},"13":{"loc":{"start":{"line":45,"column":20},"end":{"line":45,"column":84}},"type":"cond-expr","locations":[{"start":{"line":45,"column":50},"end":{"line":45,"column":65}},{"start":{"line":45,"column":68},"end":{"line":45,"column":84}}],"line":45},"14":{"loc":{"start":{"line":55,"column":14},"end":{"line":55,"column":97}},"type":"cond-expr","locations":[{"start":{"line":55,"column":47},"end":{"line":55,"column":71}},{"start":{"line":55,"column":74},"end":{"line":55,"column":97}}],"line":55},"15":{"loc":{"start":{"line":59,"column":20},"end":{"line":59,"column":87}},"type":"cond-expr","locations":[{"start":{"line":59,"column":53},"end":{"line":59,"column":68}},{"start":{"line":59,"column":71},"end":{"line":59,"column":87}}],"line":59},"16":{"loc":{"start":{"line":69,"column":14},"end":{"line":71,"column":40}},"type":"cond-expr","locations":[{"start":{"line":70,"column":17},"end":{"line":70,"column":40}},{"start":{"line":71,"column":17},"end":{"line":71,"column":40}}],"line":69},"17":{"loc":{"start":{"line":69,"column":14},"end":{"line":69,"column":null}},"type":"binary-expr","locations":[{"start":{"line":69,"column":14},"end":{"line":69,"column":37}},{"start":{"line":69,"column":31},"end":{"line":69,"column":69}},{"start":{"line":69,"column":63},"end":{"line":69,"column":null}}],"line":69},"18":{"loc":{"start":{"line":75,"column":20},"end":{"line":77,"column":null}},"type":"cond-expr","locations":[{"start":{"line":76,"column":23},"end":{"line":76,"column":37}},{"start":{"line":77,"column":23},"end":{"line":77,"column":null}}],"line":75},"19":{"loc":{"start":{"line":75,"column":20},"end":{"line":75,"column":null}},"type":"binary-expr","locations":[{"start":{"line":75,"column":20},"end":{"line":75,"column":43}},{"start":{"line":75,"column":37},"end":{"line":75,"column":75}},{"start":{"line":75,"column":69},"end":{"line":75,"column":null}}],"line":75}},"s":{"0":2,"1":2,"2":2,"3":2,"4":2,"5":2,"6":2,"7":2,"8":2,"9":2,"10":0,"11":2,"12":36,"13":0,"14":2,"15":2,"16":2,"17":2,"18":2,"19":2,"20":2,"21":2,"22":2,"23":2,"24":2,"25":2,"26":2,"27":2,"28":2,"29":2,"30":2,"31":2,"32":2,"33":2,"34":2,"35":2,"36":2,"37":1,"38":1,"39":1,"40":1,"41":1,"42":1,"43":1,"44":1,"45":1,"46":1,"47":1,"48":1,"49":1,"50":1,"51":1,"52":1,"53":1,"54":1,"55":1,"56":1,"57":1,"58":1,"59":1,"60":1,"61":1,"62":1,"63":1,"64":1,"65":1,"66":3,"67":1,"68":2,"69":5,"70":5,"71":5,"72":5,"73":5,"74":4,"75":4,"76":4,"77":4,"78":4,"79":4,"80":2,"81":2,"82":2,"83":2,"84":1},"f":{"0":2,"1":2,"2":0,"3":36,"4":0,"5":1,"6":1,"7":1,"8":1,"9":1,"10":1,"11":4,"12":4,"13":4,"14":4,"15":4,"16":4,"17":1},"b":{"0":[2,0],"1":[36,24],"2":[1,0],"3":[1,0],"4":[0,1],"5":[0,1],"6":[0,1],"7":[1,1,0],"8":[0,1],"9":[1,1,0],"10":[1,2],"11":[1,4],"12":[2,2],"13":[2,2],"14":[0,4],"15":[0,4],"16":[0,4],"17":[4,2,0],"18":[0,4],"19":[4,2,0]},"meta":{"lastBranch":0,"lastFunction":0,"lastStatement":0,"seen":{}}}
,"D:\\Projects\\SIDA\\PersonalPortfolio\\my-design-system\\src\\components\\Footer.svelte": {"path":"D:\\Projects\\SIDA\\PersonalPortfolio\\my-design-system\\src\\components\\Footer.svelte","statementMap":{"0":{"start":{"line":2,"column":17},"end":{"line":2,"column":null}},"1":{"start":{"line":5,"column":4},"end":{"line":5,"column":79}},"2":{"start":{"line":7,"column":4},"end":{"line":7,"column":79}},"3":{"start":{"line":10,"column":1},"end":{"line":10,"column":null}},"4":{"start":{"line":13,"column":3},"end":{"line":10,"column":null}},"5":{"start":{"line":17,"column":8},"end":{"line":13,"column":null}},"6":{"start":{"line":18,"column":10},"end":{"line":17,"column":null}},"7":{"start":{"line":19,"column":9},"end":{"line":18,"column":null}},"8":{"start":{"line":19,"column":9},"end":{"line":22,"column":null}},"9":{"start":{"line":18,"column":7},"end":{"line":18,"column":null}},"10":{"start":{"line":25,"column":10},"end":{"line":18,"column":null}},"11":{"start":{"line":26,"column":9},"end":{"line":25,"column":null}},"12":{"start":{"line":26,"column":9},"end":{"line":29,"column":null}},"13":{"start":{"line":25,"column":7},"end":{"line":25,"column":null}},"14":{"start":{"line":17,"column":5},"end":{"line":17,"column":null}},"15":{"start":{"line":13,"column":3},"end":{"line":13,"column":null}},"16":{"start":{"line":10,"column":1},"end":{"line":11,"column":null}}},"fnMap":{"0":{"name":"Footer","decl":{"start":{"line":1,"column":0},"end":{"line":1,"column":null}},"loc":{"start":{"line":1,"column":0},"end":{"line":8,"column":null}},"line":1},"1":{"name":"(anonymous_1)","decl":{"start":{"line":10,"column":1},"end":{"line":10,"column":null}},"loc":{"start":{"line":10,"column":1},"end":{"line":11,"column":null}},"line":10}},"branchMap":{"0":{"loc":{"start":{"line":11,"column":104},"end":{"line":11,"column":null}},"type":"binary-expr","locations":[{"start":{"line":11,"column":104},"end":{"line":11,"column":null}},{"start":{"line":11,"column":113},"end":{"line":11,"column":null}}],"line":11}},"s":{"0":1,"1":1,"2":1,"3":1,"4":1,"5":1,"6":1,"7":1,"8":1,"9":1,"10":1,"11":1,"12":1,"13":1,"14":1,"15":1,"16":1},"f":{"0":1,"1":1},"b":{"0":[1,0]},"meta":{"lastBranch":1,"lastFunction":2,"lastStatement":17,"seen":{"f:1:0:1:Infinity":0,"s:2:17:2:Infinity":0,"s:5:4:5:79":1,"s:7:4:7:79":2,"s:10:1:10:Infinity":3,"s:13:3:10:Infinity":4,"s:17:8:13:Infinity":5,"s:18:10:17:Infinity":6,"s:19:9:18:Infinity":7,"s:19:9:22:Infinity":8,"s:18:7:18:Infinity":9,"s:25:10:18:Infinity":10,"s:26:9:25:Infinity":11,"s:26:9:29:Infinity":12,"s:25:7:25:Infinity":13,"s:17:5:17:Infinity":14,"s:13:3:13:Infinity":15,"s:10:1:11:Infinity":16,"f:10:1:10:Infinity":1,"b:11:104:11:Infinity:11:113:11:Infinity":0}}}
,"D:\\Projects\\SIDA\\PersonalPortfolio\\my-design-system\\src\\components\\Header.svelte": {"path":"D:\\Projects\\SIDA\\PersonalPortfolio\\my-design-system\\src\\components\\Header.svelte","statementMap":{"0":{"start":{"line":2,"column":17},"end":{"line":2,"column":24}},"1":{"start":{"line":2,"column":33},"end":{"line":2,"column":42}},"2":{"start":{"line":2,"column":52},"end":{"line":2,"column":null}},"3":{"start":{"line":4,"column":22},"end":{"line":4,"column":null}},"4":{"start":{"line":5,"column":16},"end":{"line":5,"column":null}},"5":{"start":{"line":8,"column":2},"end":{"line":14,"column":null}},"6":{"start":{"line":9,"column":22},"end":{"line":11,"column":5}},"7":{"start":{"line":10,"column":6},"end":{"line":10,"column":null}},"8":{"start":{"line":12,"column":4},"end":{"line":12,"column":null}},"9":{"start":{"line":13,"column":17},"end":{"line":13,"column":null}},"10":{"start":{"line":17,"column":7},"end":{"line":17,"column":76}},"11":{"start":{"line":30,"column":6},"end":{"line":17,"column":76}},"12":{"start":{"line":31,"column":11},"end":{"line":30,"column":null}},"13":{"start":{"line":36,"column":10},"end":{"line":31,"column":null}},"14":{"start":{"line":36,"column":7},"end":{"line":36,"column":null}},"15":{"start":{"line":38,"column":15},"end":{"line":38,"column":null}},"16":{"start":{"line":38,"column":11},"end":{"line":38,"column":null}},"17":{"start":{"line":40,"column":15},"end":{"line":40,"column":null}},"18":{"start":{"line":40,"column":11},"end":{"line":40,"column":null}},"19":{"start":{"line":37,"column":13},"end":{"line":37,"column":null}},"20":{"start":{"line":37,"column":29},"end":{"line":37,"column":null}},"21":{"start":{"line":31,"column":5},"end":{"line":31,"column":null}},"22":{"start":{"line":30,"column":3},"end":{"line":30,"column":null}},"23":{"start":{"line":47,"column":6},"end":{"line":30,"column":null}},"24":{"start":{"line":47,"column":3},"end":{"line":47,"column":null}},"25":{"start":{"line":61,"column":10},"end":{"line":61,"column":null}},"26":{"start":{"line":61,"column":7},"end":{"line":61,"column":null}},"27":{"start":{"line":60,"column":9},"end":{"line":60,"column":null}},"28":{"start":{"line":60,"column":19},"end":{"line":60,"column":null}},"29":{"start":{"line":67,"column":8},"end":{"line":67,"column":null}},"30":{"start":{"line":67,"column":7},"end":{"line":67,"column":null}},"31":{"start":{"line":66,"column":9},"end":{"line":66,"column":null}},"32":{"start":{"line":66,"column":18},"end":{"line":66,"column":null}},"33":{"start":{"line":79,"column":8},"end":{"line":79,"column":null}},"34":{"start":{"line":79,"column":5},"end":{"line":79,"column":null}},"35":{"start":{"line":84,"column":10},"end":{"line":84,"column":null}},"36":{"start":{"line":84,"column":9},"end":{"line":84,"column":null}},"37":{"start":{"line":83,"column":11},"end":{"line":83,"column":null}},"38":{"start":{"line":83,"column":21},"end":{"line":83,"column":null}},"39":{"start":{"line":87,"column":10},"end":{"line":87,"column":null}},"40":{"start":{"line":87,"column":9},"end":{"line":87,"column":null}},"41":{"start":{"line":86,"column":11},"end":{"line":86,"column":null}},"42":{"start":{"line":86,"column":20},"end":{"line":86,"column":null}},"43":{"start":{"line":78,"column":7},"end":{"line":78,"column":null}},"44":{"start":{"line":78,"column":23},"end":{"line":78,"column":null}},"45":{"start":{"line":17,"column":1},"end":{"line":17,"column":76}},"46":{"start":{"line":17,"column":1},"end":{"line":17,"column":null}},"47":{"start":{"line":31,"column":5},"end":{"line":33,"column":null}},"48":{"start":{"line":33,"column":21},"end":{"line":33,"column":null}}},"fnMap":{"0":{"name":"Header","decl":{"start":{"line":1,"column":0},"end":{"line":1,"column":null}},"loc":{"start":{"line":1,"column":0},"end":{"line":15,"column":null}},"line":1},"1":{"name":"(anonymous_1)","decl":{"start":{"line":8,"column":9},"end":{"line":8,"column":16}},"loc":{"start":{"line":8,"column":16},"end":{"line":14,"column":3}},"line":8},"2":{"name":"(anonymous_2)","decl":{"start":{"line":9,"column":22},"end":{"line":9,"column":31}},"loc":{"start":{"line":9,"column":31},"end":{"line":11,"column":5}},"line":9},"3":{"name":"(anonymous_3)","decl":{"start":{"line":13,"column":17},"end":{"line":13,"column":23}},"loc":{"start":{"line":13,"column":17},"end":{"line":13,"column":null}},"line":13},"4":{"name":"(anonymous_4)","decl":{"start":{"line":17,"column":1},"end":{"line":17,"column":7}},"loc":{"start":{"line":17,"column":1},"end":{"line":17,"column":null}},"line":17},"5":{"name":"click","decl":{"start":{"line":31,"column":11},"end":{"line":31,"column":null}},"loc":{"start":{"line":31,"column":11},"end":{"line":33,"column":null}},"line":31}},"branchMap":{"0":{"loc":{"start":{"line":37,"column":13},"end":{"line":37,"column":null}},"type":"if","locations":[{"start":{"line":37,"column":13},"end":{"line":37,"column":null}},{"start":{"line":37,"column":29},"end":{"line":37,"column":null}}],"line":37},"1":{"loc":{"start":{"line":60,"column":9},"end":{"line":60,"column":null}},"type":"if","locations":[{"start":{"line":60,"column":9},"end":{"line":60,"column":null}},{"start":{},"end":{}}],"line":60},"2":{"loc":{"start":{"line":66,"column":9},"end":{"line":66,"column":null}},"type":"if","locations":[{"start":{"line":66,"column":9},"end":{"line":66,"column":null}},{"start":{},"end":{}}],"line":66},"3":{"loc":{"start":{"line":83,"column":11},"end":{"line":83,"column":null}},"type":"if","locations":[{"start":{"line":83,"column":11},"end":{"line":83,"column":null}},{"start":{},"end":{}}],"line":83},"4":{"loc":{"start":{"line":86,"column":11},"end":{"line":86,"column":null}},"type":"if","locations":[{"start":{"line":86,"column":11},"end":{"line":86,"column":null}},{"start":{},"end":{}}],"line":86},"5":{"loc":{"start":{"line":78,"column":7},"end":{"line":78,"column":null}},"type":"if","locations":[{"start":{"line":78,"column":7},"end":{"line":78,"column":null}},{"start":{},"end":{}}],"line":78},"6":{"loc":{"start":{"line":17,"column":7},"end":{"line":17,"column":191}},"type":"cond-expr","locations":[{"start":{"line":17,"column":89},"end":{"line":17,"column":167}},{"start":{"line":17,"column":167},"end":{"line":17,"column":191}}],"line":17},"7":{"loc":{"start":{"line":17,"column":237},"end":{"line":17,"column":null}},"type":"binary-expr","locations":[{"start":{"line":17,"column":237},"end":{"line":17,"column":null}},{"start":{"line":17,"column":246},"end":{"line":17,"column":null}}],"line":17}},"s":{"0":2,"1":2,"2":2,"3":2,"4":2,"5":2,"6":2,"7":1,"8":2,"9":2,"10":2,"11":2,"12":2,"13":2,"14":2,"15":1,"16":1,"17":2,"18":2,"19":3,"20":2,"21":2,"22":2,"23":2,"24":2,"25":2,"26":2,"27":2,"28":2,"29":2,"30":2,"31":2,"32":2,"33":1,"34":1,"35":1,"36":1,"37":1,"38":1,"39":1,"40":1,"41":1,"42":1,"43":3,"44":1,"45":2,"46":3,"47":2,"48":1},"f":{"0":2,"1":2,"2":1,"3":2,"4":3,"5":1},"b":{"0":[1,2],"1":[2,0],"2":[2,0],"3":[1,0],"4":[1,0],"5":[1,2],"6":[1,2],"7":[3,0]},"meta":{"lastBranch":8,"lastFunction":6,"lastStatement":49,"seen":{"f:1:0:1:Infinity":0,"s:2:17:2:24":0,"s:2:33:2:42":1,"s:2:52:2:Infinity":2,"s:4:22:4:Infinity":3,"s:5:16:5:Infinity":4,"s:8:2:14:Infinity":5,"f:8:9:8:16":1,"s:9:22:11:5":6,"f:9:22:9:31":2,"s:10:6:10:Infinity":7,"s:12:4:12:Infinity":8,"s:13:17:13:Infinity":9,"f:13:17:13:23":3,"s:17:7:17:76":10,"s:30:6:17:76":11,"s:31:11:30:Infinity":12,"s:36:10:31:Infinity":13,"s:36:7:36:Infinity":14,"s:38:15:38:Infinity":15,"s:38:11:38:Infinity":16,"s:40:15:40:Infinity":17,"s:40:11:40:Infinity":18,"b:37:13:37:Infinity:37:29:37:Infinity":0,"s:37:13:37:Infinity":19,"s:37:29:37:Infinity":20,"s:31:5:31:Infinity":21,"s:30:3:30:Infinity":22,"s:47:6:30:Infinity":23,"s:47:3:47:Infinity":24,"s:61:10:61:Infinity":25,"s:61:7:61:Infinity":26,"b:60:9:60:Infinity:undefined:undefined:undefined:undefined":1,"s:60:9:60:Infinity":27,"s:60:19:60:Infinity":28,"s:67:8:67:Infinity":29,"s:67:7:67:Infinity":30,"b:66:9:66:Infinity:undefined:undefined:undefined:undefined":2,"s:66:9:66:Infinity":31,"s:66:18:66:Infinity":32,"s:79:8:79:Infinity":33,"s:79:5:79:Infinity":34,"s:84:10:84:Infinity":35,"s:84:9:84:Infinity":36,"b:83:11:83:Infinity:undefined:undefined:undefined:undefined":3,"s:83:11:83:Infinity":37,"s:83:21:83:Infinity":38,"s:87:10:87:Infinity":39,"s:87:9:87:Infinity":40,"b:86:11:86:Infinity:undefined:undefined:undefined:undefined":4,"s:86:11:86:Infinity":41,"s:86:20:86:Infinity":42,"b:78:7:78:Infinity:undefined:undefined:undefined:undefined":5,"s:78:7:78:Infinity":43,"s:78:23:78:Infinity":44,"s:17:1:17:76":45,"s:17:1:17:Infinity":46,"f:17:1:17:7":4,"b:17:89:17:167:17:167:17:191":6,"b:17:237:17:Infinity:17:246:17:Infinity":7,"s:31:5:33:Infinity":47,"f:31:11:31:Infinity":5,"s:33:21:33:Infinity":48}}}
,"D:\\Projects\\SIDA\\PersonalPortfolio\\my-design-system\\src\\components\\ProjectManager.svelte": {"path":"D:\\Projects\\SIDA\\PersonalPortfolio\\my-design-system\\src\\components\\ProjectManager.svelte","statementMap":{"0":{"start":{"line":4,"column":4},"end":{"line":4,"column":79}},"1":{"start":{"line":7,"column":16},"end":{"line":39,"column":null}},"2":{"start":{"line":44,"column":21},"end":{"line":44,"column":null}},"3":{"start":{"line":47,"column":15},"end":{"line":47,"column":null}},"4":{"start":{"line":48,"column":17},"end":{"line":48,"column":null}},"5":{"start":{"line":50,"column":19},"end":{"line":50,"column":null}},"6":{"start":{"line":51,"column":22},"end":{"line":51,"column":null}},"7":{"start":{"line":54,"column":12},"end":{"line":54,"column":null}},"8":{"start":{"line":58,"column":45},"end":{"line":58,"column":null}},"9":{"start":{"line":64,"column":11},"end":{"line":64,"column":null}},"10":{"start":{"line":69,"column":4},"end":{"line":69,"column":null}},"11":{"start":{"line":73,"column":2},"end":{"line":81,"column":null}},"12":{"start":{"line":74,"column":8},"end":{"line":80,"column":null}},"13":{"start":{"line":75,"column":6},"end":{"line":75,"column":null}},"14":{"start":{"line":76,"column":6},"end":{"line":76,"column":null}},"15":{"start":{"line":77,"column":6},"end":{"line":77,"column":null}},"16":{"start":{"line":78,"column":6},"end":{"line":78,"column":null}},"17":{"start":{"line":79,"column":6},"end":{"line":79,"column":null}},"18":{"start":{"line":85,"column":4},"end":{"line":85,"column":null}},"19":{"start":{"line":86,"column":4},"end":{"line":86,"column":null}},"20":{"start":{"line":87,"column":4},"end":{"line":87,"column":null}},"21":{"start":{"line":88,"column":4},"end":{"line":88,"column":null}},"22":{"start":{"line":89,"column":4},"end":{"line":89,"column":null}},"23":{"start":{"line":102,"column":4},"end":{"line":102,"column":null}},"24":{"start":{"line":103,"column":4},"end":{"line":103,"column":null}},"25":{"start":{"line":104,"column":4},"end":{"line":104,"column":null}},"26":{"start":{"line":105,"column":4},"end":{"line":105,"column":null}},"27":{"start":{"line":109,"column":9},"end":{"line":109,"column":null}},"28":{"start":{"line":109,"column":17},"end":{"line":109,"column":null}},"29":{"start":{"line":111,"column":20},"end":{"line":114,"column":null}},"30":{"start":{"line":113,"column":18},"end":{"line":113,"column":null}},"31":{"start":{"line":116,"column":8},"end":{"line":128,"column":null}},"32":{"start":{"line":118,"column":22},"end":{"line":118,"column":null}},"33":{"start":{"line":119,"column":6},"end":{"line":119,"column":null}},"34":{"start":{"line":120,"column":6},"end":{"line":120,"column":null}},"35":{"start":{"line":123,"column":18},"end":{"line":123,"column":null}},"36":{"start":{"line":123,"column":39},"end":{"line":123,"column":null}},"37":{"start":{"line":124,"column":10},"end":{"line":127,"column":null}},"38":{"start":{"line":125,"column":8},"end":{"line":125,"column":null}},"39":{"start":{"line":126,"column":8},"end":{"line":126,"column":null}},"40":{"start":{"line":130,"column":4},"end":{"line":130,"column":null}},"41":{"start":{"line":131,"column":4},"end":{"line":131,"column":null}},"42":{"start":{"line":135,"column":4},"end":{"line":135,"column":null}},"43":{"start":{"line":136,"column":4},"end":{"line":136,"column":null}},"44":{"start":{"line":137,"column":4},"end":{"line":137,"column":null}},"45":{"start":{"line":141,"column":16},"end":{"line":141,"column":null}},"46":{"start":{"line":141,"column":37},"end":{"line":141,"column":null}},"47":{"start":{"line":142,"column":8},"end":{"line":145,"column":null}},"48":{"start":{"line":143,"column":6},"end":{"line":143,"column":null}},"49":{"start":{"line":144,"column":6},"end":{"line":144,"column":null}},"50":{"start":{"line":154,"column":1},"end":{"line":154,"column":null}},"51":{"start":{"line":161,"column":3},"end":{"line":154,"column":null}},"52":{"start":{"line":166,"column":5},"end":{"line":161,"column":null}},"53":{"start":{"line":175,"column":7},"end":{"line":166,"column":null}},"54":{"start":{"line":166,"column":5},"end":{"line":166,"column":null}},"55":{"start":{"line":186,"column":8},"end":{"line":166,"column":null}},"56":{"start":{"line":186,"column":5},"end":{"line":189,"column":null}},"57":{"start":{"line":187,"column":13},"end":{"line":187,"column":21}},"58":{"start":{"line":188,"column":24},"end":{"line":188,"column":null}},"59":{"start":{"line":188,"column":16},"end":{"line":188,"column":27}},"60":{"start":{"line":189,"column":9},"end":{"line":189,"column":null}},"61":{"start":{"line":202,"column":11},"end":{"line":189,"column":null}},"62":{"start":{"line":202,"column":11},"end":{"line":202,"column":null}},"63":{"start":{"line":209,"column":11},"end":{"line":202,"column":null}},"64":{"start":{"line":209,"column":11},"end":{"line":209,"column":null}},"65":{"start":{"line":189,"column":9},"end":{"line":194,"column":null}},"66":{"start":{"line":202,"column":11},"end":{"line":205,"column":null}},"67":{"start":{"line":207,"column":13},"end":{"line":207,"column":null}},"68":{"start":{"line":212,"column":13},"end":{"line":212,"column":null}},"69":{"start":{"line":189,"column":9},"end":{"line":190,"column":null}},"70":{"start":{"line":190,"column":26},"end":{"line":190,"column":null}},"71":{"start":{"line":189,"column":9},"end":{"line":197,"column":null}},"72":{"start":{"line":196,"column":17},"end":{"line":196,"column":null}},"73":{"start":{"line":196,"column":27},"end":{"line":196,"column":null}},"74":{"start":{"line":189,"column":9},"end":{"line":200,"column":null}},"75":{"start":{"line":199,"column":17},"end":{"line":199,"column":null}},"76":{"start":{"line":199,"column":27},"end":{"line":199,"column":null}},"77":{"start":{"line":186,"column":5},"end":{"line":186,"column":null}},"78":{"start":{"line":161,"column":3},"end":{"line":161,"column":null}},"79":{"start":{"line":222,"column":3},"end":{"line":161,"column":null}},"80":{"start":{"line":222,"column":3},"end":{"line":222,"column":null}},"81":{"start":{"line":228,"column":7},"end":{"line":228,"column":null}},"82":{"start":{"line":232,"column":9},"end":{"line":228,"column":null}},"83":{"start":{"line":232,"column":9},"end":{"line":232,"column":null}},"84":{"start":{"line":242,"column":12},"end":{"line":232,"column":null}},"85":{"start":{"line":242,"column":9},"end":{"line":242,"column":null}},"86":{"start":{"line":245,"column":13},"end":{"line":245,"column":null}},"87":{"start":{"line":271,"column":13},"end":{"line":245,"column":null}},"88":{"start":{"line":245,"column":13},"end":{"line":246,"column":null}},"89":{"start":{"line":245,"column":13},"end":{"line":249,"column":null}},"90":{"start":{"line":249,"column":17},"end":{"line":249,"column":null}},"91":{"start":{"line":245,"column":13},"end":{"line":251,"column":null}},"92":{"start":{"line":251,"column":17},"end":{"line":251,"column":null}},"93":{"start":{"line":271,"column":13},"end":{"line":272,"column":null}},"94":{"start":{"line":271,"column":13},"end":{"line":275,"column":null}},"95":{"start":{"line":275,"column":17},"end":{"line":275,"column":null}},"96":{"start":{"line":271,"column":13},"end":{"line":277,"column":null}},"97":{"start":{"line":277,"column":17},"end":{"line":277,"column":null}},"98":{"start":{"line":297,"column":13},"end":{"line":297,"column":null}},"99":{"start":{"line":323,"column":13},"end":{"line":297,"column":null}},"100":{"start":{"line":297,"column":13},"end":{"line":298,"column":null}},"101":{"start":{"line":297,"column":13},"end":{"line":301,"column":null}},"102":{"start":{"line":301,"column":17},"end":{"line":301,"column":null}},"103":{"start":{"line":297,"column":13},"end":{"line":303,"column":null}},"104":{"start":{"line":303,"column":17},"end":{"line":303,"column":null}},"105":{"start":{"line":323,"column":13},"end":{"line":324,"column":null}},"106":{"start":{"line":323,"column":13},"end":{"line":327,"column":null}},"107":{"start":{"line":327,"column":17},"end":{"line":327,"column":null}},"108":{"start":{"line":323,"column":13},"end":{"line":329,"column":null}},"109":{"start":{"line":329,"column":17},"end":{"line":329,"column":null}},"110":{"start":{"line":243,"column":15},"end":{"line":243,"column":null}},"111":{"start":{"line":243,"column":24},"end":{"line":243,"column":null}},"112":{"start":{"line":353,"column":7},"end":{"line":228,"column":null}},"113":{"start":{"line":353,"column":7},"end":{"line":353,"column":null}},"114":{"start":{"line":361,"column":14},"end":{"line":361,"column":null}},"115":{"start":{"line":362,"column":13},"end":{"line":361,"column":null}},"116":{"start":{"line":362,"column":13},"end":{"line":362,"column":null}},"117":{"start":{"line":367,"column":43},"end":{"line":367,"column":null}},"118":{"start":{"line":367,"column":39},"end":{"line":367,"column":null}},"119":{"start":{"line":367,"column":25},"end":{"line":367,"column":39}},"120":{"start":{"line":367,"column":37},"end":{"line":367,"column":39}},"121":{"start":{"line":370,"column":13},"end":{"line":362,"column":null}},"122":{"start":{"line":370,"column":13},"end":{"line":370,"column":null}},"123":{"start":{"line":375,"column":26},"end":{"line":375,"column":40}},"124":{"start":{"line":375,"column":39},"end":{"line":375,"column":40}},"125":{"start":{"line":361,"column":11},"end":{"line":361,"column":null}},"126":{"start":{"line":382,"column":14},"end":{"line":361,"column":null}},"127":{"start":{"line":383,"column":13},"end":{"line":382,"column":null}},"128":{"start":{"line":383,"column":13},"end":{"line":383,"column":null}},"129":{"start":{"line":388,"column":56},"end":{"line":388,"column":null}},"130":{"start":{"line":388,"column":52},"end":{"line":388,"column":null}},"131":{"start":{"line":388,"column":36},"end":{"line":388,"column":52}},"132":{"start":{"line":388,"column":50},"end":{"line":388,"column":52}},"133":{"start":{"line":390,"column":13},"end":{"line":383,"column":null}},"134":{"start":{"line":390,"column":13},"end":{"line":390,"column":null}},"135":{"start":{"line":395,"column":26},"end":{"line":395,"column":40}},"136":{"start":{"line":395,"column":39},"end":{"line":395,"column":40}},"137":{"start":{"line":382,"column":11},"end":{"line":382,"column":null}},"138":{"start":{"line":402,"column":14},"end":{"line":382,"column":null}},"139":{"start":{"line":403,"column":13},"end":{"line":402,"column":null}},"140":{"start":{"line":403,"column":13},"end":{"line":403,"column":null}},"141":{"start":{"line":408,"column":55},"end":{"line":408,"column":null}},"142":{"start":{"line":408,"column":37},"end":{"line":408,"column":55}},"143":{"start":{"line":408,"column":53},"end":{"line":408,"column":55}},"144":{"start":{"line":412,"column":13},"end":{"line":403,"column":null}},"145":{"start":{"line":412,"column":13},"end":{"line":412,"column":null}},"146":{"start":{"line":417,"column":26},"end":{"line":417,"column":40}},"147":{"start":{"line":417,"column":39},"end":{"line":417,"column":40}},"148":{"start":{"line":402,"column":11},"end":{"line":402,"column":null}},"149":{"start":{"line":424,"column":14},"end":{"line":402,"column":null}},"150":{"start":{"line":426,"column":13},"end":{"line":424,"column":null}},"151":{"start":{"line":426,"column":13},"end":{"line":426,"column":null}},"152":{"start":{"line":430,"column":26},"end":{"line":430,"column":40}},"153":{"start":{"line":430,"column":39},"end":{"line":430,"column":40}},"154":{"start":{"line":424,"column":11},"end":{"line":424,"column":null}},"155":{"start":{"line":437,"column":14},"end":{"line":424,"column":null}},"156":{"start":{"line":444,"column":13},"end":{"line":437,"column":null}},"157":{"start":{"line":444,"column":13},"end":{"line":444,"column":null}},"158":{"start":{"line":437,"column":11},"end":{"line":437,"column":null}},"159":{"start":{"line":454,"column":11},"end":{"line":437,"column":null}},"160":{"start":{"line":457,"column":13},"end":{"line":454,"column":null}},"161":{"start":{"line":467,"column":13},"end":{"line":457,"column":null}},"162":{"start":{"line":454,"column":11},"end":{"line":454,"column":null}},"163":{"start":{"line":362,"column":13},"end":{"line":365,"column":null}},"164":{"start":{"line":370,"column":13},"end":{"line":373,"column":null}},"165":{"start":{"line":383,"column":13},"end":{"line":386,"column":null}},"166":{"start":{"line":390,"column":13},"end":{"line":393,"column":null}},"167":{"start":{"line":403,"column":13},"end":{"line":406,"column":null}},"168":{"start":{"line":412,"column":13},"end":{"line":415,"column":null}},"169":{"start":{"line":370,"column":13},"end":{"line":376,"column":null}},"170":{"start":{"line":376,"column":29},"end":{"line":376,"column":null}},"171":{"start":{"line":375,"column":26},"end":{"line":375,"column":null}},"172":{"start":{"line":390,"column":13},"end":{"line":396,"column":null}},"173":{"start":{"line":396,"column":29},"end":{"line":396,"column":null}},"174":{"start":{"line":395,"column":26},"end":{"line":395,"column":null}},"175":{"start":{"line":412,"column":13},"end":{"line":418,"column":null}},"176":{"start":{"line":418,"column":29},"end":{"line":418,"column":null}},"177":{"start":{"line":417,"column":26},"end":{"line":417,"column":null}},"178":{"start":{"line":430,"column":26},"end":{"line":430,"column":null}},"179":{"start":{"line":448,"column":26},"end":{"line":448,"column":null}},"180":{"start":{"line":457,"column":13},"end":{"line":458,"column":null}},"181":{"start":{"line":457,"column":13},"end":{"line":461,"column":null}},"182":{"start":{"line":461,"column":17},"end":{"line":461,"column":null}},"183":{"start":{"line":457,"column":13},"end":{"line":463,"column":null}},"184":{"start":{"line":463,"column":17},"end":{"line":463,"column":null}},"185":{"start":{"line":467,"column":13},"end":{"line":468,"column":null}},"186":{"start":{"line":467,"column":13},"end":{"line":471,"column":null}},"187":{"start":{"line":471,"column":17},"end":{"line":471,"column":null}},"188":{"start":{"line":467,"column":13},"end":{"line":473,"column":null}},"189":{"start":{"line":473,"column":17},"end":{"line":473,"column":null}},"190":{"start":{"line":482,"column":14},"end":{"line":482,"column":null}},"191":{"start":{"line":484,"column":13},"end":{"line":482,"column":null}},"192":{"start":{"line":484,"column":13},"end":{"line":484,"column":null}},"193":{"start":{"line":482,"column":11},"end":{"line":482,"column":null}},"194":{"start":{"line":492,"column":14},"end":{"line":482,"column":null}},"195":{"start":{"line":494,"column":13},"end":{"line":492,"column":null}},"196":{"start":{"line":494,"column":13},"end":{"line":494,"column":null}},"197":{"start":{"line":492,"column":11},"end":{"line":492,"column":null}},"198":{"start":{"line":502,"column":14},"end":{"line":492,"column":null}},"199":{"start":{"line":533,"column":13},"end":{"line":502,"column":null}},"200":{"start":{"line":537,"column":15},"end":{"line":533,"column":null}},"201":{"start":{"line":533,"column":13},"end":{"line":533,"column":null}},"202":{"start":{"line":502,"column":11},"end":{"line":502,"column":null}},"203":{"start":{"line":546,"column":14},"end":{"line":502,"column":null}},"204":{"start":{"line":548,"column":13},"end":{"line":546,"column":null}},"205":{"start":{"line":548,"column":13},"end":{"line":548,"column":null}},"206":{"start":{"line":546,"column":11},"end":{"line":546,"column":null}},"207":{"start":{"line":556,"column":14},"end":{"line":546,"column":null}},"208":{"start":{"line":571,"column":13},"end":{"line":556,"column":null}},"209":{"start":{"line":574,"column":18},"end":{"line":571,"column":null}},"210":{"start":{"line":580,"column":20},"end":{"line":574,"column":null}},"211":{"start":{"line":580,"column":17},"end":{"line":580,"column":null}},"212":{"start":{"line":574,"column":15},"end":{"line":574,"column":null}},"213":{"start":{"line":584,"column":18},"end":{"line":574,"column":null}},"214":{"start":{"line":590,"column":20},"end":{"line":584,"column":null}},"215":{"start":{"line":590,"column":17},"end":{"line":592,"column":null}},"216":{"start":{"line":590,"column":20},"end":{"line":591,"column":45}},"217":{"start":{"line":592,"column":21},"end":{"line":592,"column":null}},"218":{"start":{"line":595,"column":23},"end":{"line":595,"column":null}},"219":{"start":{"line":590,"column":17},"end":{"line":590,"column":null}},"220":{"start":{"line":584,"column":15},"end":{"line":584,"column":null}},"221":{"start":{"line":571,"column":13},"end":{"line":571,"column":null}},"222":{"start":{"line":556,"column":11},"end":{"line":556,"column":null}},"223":{"start":{"line":487,"column":15},"end":{"line":487,"column":null}},"224":{"start":{"line":497,"column":15},"end":{"line":497,"column":null}},"225":{"start":{"line":537,"column":15},"end":{"line":538,"column":null}},"226":{"start":{"line":537,"column":15},"end":{"line":539,"column":null}},"227":{"start":{"line":551,"column":15},"end":{"line":551,"column":null}},"228":{"start":{"line":581,"column":19},"end":{"line":581,"column":null}},"229":{"start":{"line":357,"column":13},"end":{"line":357,"column":null}},"230":{"start":{"line":357,"column":22},"end":{"line":357,"column":null}},"231":{"start":{"line":235,"column":11},"end":{"line":239,"column":null}},"232":{"start":{"line":353,"column":7},"end":{"line":355,"column":null}},"233":{"start":{"line":605,"column":7},"end":{"line":605,"column":null}},"234":{"start":{"line":226,"column":9},"end":{"line":226,"column":null}},"235":{"start":{"line":226,"column":24},"end":{"line":226,"column":null}},"236":{"start":{"line":175,"column":7},"end":{"line":176,"column":null}},"237":{"start":{"line":175,"column":7},"end":{"line":178,"column":null}},"238":{"start":{"line":178,"column":30},"end":{"line":178,"column":null}},"239":{"start":{"line":175,"column":7},"end":{"line":179,"column":null}},"240":{"start":{"line":179,"column":30},"end":{"line":179,"column":null}}},"fnMap":{"0":{"name":"ProjectManager","decl":{"start":{"line":1,"column":0},"end":{"line":1,"column":null}},"loc":{"start":{"line":1,"column":0},"end":{"line":147,"column":null}},"line":1},"1":{"name":"validate","decl":{"start":{"line":57,"column":11},"end":{"line":57,"column":19}},"loc":{"start":{"line":57,"column":22},"end":{"line":65,"column":null}},"line":57},"2":{"name":"clearError","decl":{"start":{"line":68,"column":11},"end":{"line":68,"column":21}},"loc":{"start":{"line":68,"column":53},"end":{"line":70,"column":null}},"line":68},"3":{"name":"(anonymous_3)","decl":{"start":{"line":73,"column":9},"end":{"line":73,"column":16}},"loc":{"start":{"line":73,"column":16},"end":{"line":81,"column":3}},"line":73},"4":{"name":"startEdit","decl":{"start":{"line":84,"column":11},"end":{"line":84,"column":20}},"loc":{"start":{"line":84,"column":23},"end":{"line":90,"column":null}},"line":84},"5":{"name":"startAddNew","decl":{"start":{"line":92,"column":11},"end":{"line":92,"column":22}},"loc":{"start":{"line":92,"column":25},"end":{"line":106,"column":null}},"line":92},"6":{"name":"saveEdit","decl":{"start":{"line":108,"column":11},"end":{"line":108,"column":19}},"loc":{"start":{"line":108,"column":22},"end":{"line":132,"column":null}},"line":108},"7":{"name":"(anonymous_7)","decl":{"start":{"line":113,"column":10},"end":{"line":113,"column":12}},"loc":{"start":{"line":113,"column":18},"end":{"line":113,"column":null}},"line":113},"8":{"name":"(anonymous_8)","decl":{"start":{"line":123,"column":36},"end":{"line":123,"column":38}},"loc":{"start":{"line":123,"column":39},"end":{"line":123,"column":null}},"line":123},"9":{"name":"cancelEdit","decl":{"start":{"line":134,"column":11},"end":{"line":134,"column":21}},"loc":{"start":{"line":134,"column":24},"end":{"line":138,"column":null}},"line":134},"10":{"name":"deleteProject","decl":{"start":{"line":140,"column":11},"end":{"line":140,"column":24}},"loc":{"start":{"line":140,"column":27},"end":{"line":146,"column":null}},"line":140},"11":{"name":"(anonymous_11)","decl":{"start":{"line":141,"column":34},"end":{"line":141,"column":36}},"loc":{"start":{"line":141,"column":37},"end":{"line":141,"column":null}},"line":141},"12":{"name":"(anonymous_12)","decl":{"start":{"line":186,"column":5},"end":{"line":186,"column":8}},"loc":{"start":{"line":186,"column":5},"end":{"line":189,"column":null}},"line":186},"13":{"name":"(anonymous_13)","decl":{"start":{"line":186,"column":8},"end":{"line":186,"column":null}},"loc":{"start":{"line":187,"column":13},"end":{"line":187,"column":21}},"line":187},"14":{"name":"(anonymous_14)","decl":{"start":{"line":187,"column":21},"end":{"line":187,"column":25}},"loc":{"start":{"line":187,"column":32},"end":{"line":189,"column":null}},"line":187},"15":{"name":"(anonymous_15)","decl":{"start":{"line":188,"column":24},"end":{"line":188,"column":27}},"loc":{"start":{"line":188,"column":24},"end":{"line":188,"column":null}},"line":188},"16":{"name":"click","decl":{"start":{"line":189,"column":9},"end":{"line":189,"column":null}},"loc":{"start":{"line":189,"column":9},"end":{"line":190,"column":null}},"line":189},"17":{"name":"mouseenter_2","decl":{"start":{"line":245,"column":13},"end":{"line":245,"column":null}},"loc":{"start":{"line":248,"column":30},"end":{"line":249,"column":null}},"line":248},"18":{"name":"mouseenter_3","decl":{"start":{"line":271,"column":13},"end":{"line":271,"column":null}},"loc":{"start":{"line":274,"column":30},"end":{"line":275,"column":null}},"line":274},"19":{"name":"mouseenter_4","decl":{"start":{"line":297,"column":13},"end":{"line":297,"column":null}},"loc":{"start":{"line":300,"column":30},"end":{"line":301,"column":null}},"line":300},"20":{"name":"mouseenter_5","decl":{"start":{"line":323,"column":13},"end":{"line":323,"column":null}},"loc":{"start":{"line":326,"column":30},"end":{"line":327,"column":null}},"line":326},"21":{"name":"(anonymous_21)","decl":{"start":{"line":375,"column":26},"end":{"line":375,"column":39}},"loc":{"start":{"line":375,"column":26},"end":{"line":375,"column":40}},"line":375},"22":{"name":"(anonymous_22)","decl":{"start":{"line":375,"column":39},"end":{"line":375,"column":40}},"loc":{"start":{"line":375,"column":39},"end":{"line":375,"column":40}},"line":375},"23":{"name":"(anonymous_23)","decl":{"start":{"line":395,"column":26},"end":{"line":395,"column":39}},"loc":{"start":{"line":395,"column":26},"end":{"line":395,"column":40}},"line":395},"24":{"name":"(anonymous_24)","decl":{"start":{"line":395,"column":39},"end":{"line":395,"column":40}},"loc":{"start":{"line":395,"column":39},"end":{"line":395,"column":40}},"line":395},"25":{"name":"(anonymous_25)","decl":{"start":{"line":417,"column":26},"end":{"line":417,"column":39}},"loc":{"start":{"line":417,"column":26},"end":{"line":417,"column":40}},"line":417},"26":{"name":"(anonymous_26)","decl":{"start":{"line":417,"column":39},"end":{"line":417,"column":40}},"loc":{"start":{"line":417,"column":39},"end":{"line":417,"column":40}},"line":417},"27":{"name":"(anonymous_27)","decl":{"start":{"line":430,"column":26},"end":{"line":430,"column":39}},"loc":{"start":{"line":430,"column":26},"end":{"line":430,"column":40}},"line":430},"28":{"name":"(anonymous_28)","decl":{"start":{"line":430,"column":39},"end":{"line":430,"column":40}},"loc":{"start":{"line":430,"column":39},"end":{"line":430,"column":40}},"line":430},"29":{"name":"input_1","decl":{"start":{"line":370,"column":13},"end":{"line":370,"column":null}},"loc":{"start":{"line":370,"column":13},"end":{"line":376,"column":null}},"line":370},"30":{"name":"get","decl":{"start":{"line":375,"column":14},"end":{"line":375,"column":24}},"loc":{"start":{"line":375,"column":24},"end":{"line":375,"column":null}},"line":375},"31":{"name":"input_3","decl":{"start":{"line":390,"column":13},"end":{"line":390,"column":null}},"loc":{"start":{"line":390,"column":13},"end":{"line":396,"column":null}},"line":390},"32":{"name":"get","decl":{"start":{"line":395,"column":14},"end":{"line":395,"column":24}},"loc":{"start":{"line":395,"column":24},"end":{"line":395,"column":null}},"line":395},"33":{"name":"input_4","decl":{"start":{"line":412,"column":13},"end":{"line":412,"column":null}},"loc":{"start":{"line":412,"column":13},"end":{"line":418,"column":null}},"line":412},"34":{"name":"get","decl":{"start":{"line":417,"column":14},"end":{"line":417,"column":24}},"loc":{"start":{"line":417,"column":24},"end":{"line":417,"column":null}},"line":417},"35":{"name":"get","decl":{"start":{"line":430,"column":14},"end":{"line":430,"column":24}},"loc":{"start":{"line":430,"column":24},"end":{"line":430,"column":null}},"line":430},"36":{"name":"get","decl":{"start":{"line":448,"column":14},"end":{"line":448,"column":24}},"loc":{"start":{"line":448,"column":24},"end":{"line":448,"column":null}},"line":448},"37":{"name":"mouseenter_6","decl":{"start":{"line":457,"column":13},"end":{"line":457,"column":null}},"loc":{"start":{"line":460,"column":30},"end":{"line":461,"column":null}},"line":460},"38":{"name":"mouseenter_7","decl":{"start":{"line":467,"column":13},"end":{"line":467,"column":null}},"loc":{"start":{"line":470,"column":30},"end":{"line":471,"column":null}},"line":470},"39":{"name":"(anonymous_39)","decl":{"start":{"line":590,"column":17},"end":{"line":590,"column":20}},"loc":{"start":{"line":590,"column":17},"end":{"line":592,"column":null}},"line":590},"40":{"name":"(anonymous_40)","decl":{"start":{"line":590,"column":20},"end":{"line":590,"column":null}},"loc":{"start":{"line":590,"column":20},"end":{"line":591,"column":45}},"line":590},"41":{"name":"(anonymous_41)","decl":{"start":{"line":591,"column":45},"end":{"line":591,"column":49}},"loc":{"start":{"line":591,"column":52},"end":{"line":592,"column":null}},"line":591},"42":{"name":"(anonymous_42)","decl":{"start":{"line":595,"column":23},"end":{"line":595,"column":26}},"loc":{"start":{"line":595,"column":23},"end":{"line":595,"column":null}},"line":595},"43":{"name":"mouseenter","decl":{"start":{"line":175,"column":7},"end":{"line":175,"column":null}},"loc":{"start":{"line":178,"column":24},"end":{"line":178,"column":null}},"line":178}},"branchMap":{"0":{"loc":{"start":{"line":74,"column":8},"end":{"line":80,"column":null}},"type":"if","locations":[{"start":{"line":74,"column":8},"end":{"line":80,"column":null}},{"start":{},"end":{}}],"line":74},"1":{"loc":{"start":{"line":109,"column":9},"end":{"line":109,"column":null}},"type":"if","locations":[{"start":{"line":109,"column":9},"end":{"line":109,"column":null}},{"start":{},"end":{}}],"line":109},"2":{"loc":{"start":{"line":116,"column":8},"end":{"line":128,"column":null}},"type":"if","locations":[{"start":{"line":116,"column":8},"end":{"line":128,"column":null}},{"start":{"line":121,"column":11},"end":{"line":128,"column":null}}],"line":116},"3":{"loc":{"start":{"line":124,"column":10},"end":{"line":127,"column":null}},"type":"if","locations":[{"start":{"line":124,"column":10},"end":{"line":127,"column":null}},{"start":{},"end":{}}],"line":124},"4":{"loc":{"start":{"line":142,"column":8},"end":{"line":145,"column":null}},"type":"if","locations":[{"start":{"line":142,"column":8},"end":{"line":145,"column":null}},{"start":{},"end":{}}],"line":142},"5":{"loc":{"start":{"line":144,"column":24},"end":{"line":144,"column":43}},"type":"binary-expr","locations":[{"start":{"line":144,"column":24},"end":{"line":144,"column":39}},{"start":{"line":144,"column":39},"end":{"line":144,"column":43}}],"line":144},"6":{"loc":{"start":{"line":189,"column":9},"end":{"line":194,"column":85}},"type":"cond-expr","locations":[{"start":{"line":193,"column":14},"end":{"line":193,"column":null}},{"start":{"line":194,"column":14},"end":{"line":194,"column":85}}],"line":189},"7":{"loc":{"start":{"line":202,"column":11},"end":{"line":205,"column":86}},"type":"cond-expr","locations":[{"start":{"line":204,"column":16},"end":{"line":204,"column":null}},{"start":{"line":205,"column":16},"end":{"line":205,"column":86}}],"line":202},"8":{"loc":{"start":{"line":196,"column":17},"end":{"line":196,"column":null}},"type":"if","locations":[{"start":{"line":196,"column":17},"end":{"line":196,"column":null}},{"start":{},"end":{}}],"line":196},"9":{"loc":{"start":{"line":199,"column":17},"end":{"line":199,"column":null}},"type":"if","locations":[{"start":{"line":199,"column":17},"end":{"line":199,"column":null}},{"start":{},"end":{}}],"line":199},"10":{"loc":{"start":{"line":243,"column":15},"end":{"line":243,"column":null}},"type":"if","locations":[{"start":{"line":243,"column":15},"end":{"line":243,"column":null}},{"start":{"line":243,"column":24},"end":{"line":243,"column":null}}],"line":243},"11":{"loc":{"start":{"line":367,"column":25},"end":{"line":367,"column":39}},"type":"if","locations":[{"start":{"line":367,"column":25},"end":{"line":367,"column":39}},{"start":{},"end":{}}],"line":367},"12":{"loc":{"start":{"line":388,"column":36},"end":{"line":388,"column":52}},"type":"if","locations":[{"start":{"line":388,"column":36},"end":{"line":388,"column":52}},{"start":{},"end":{}}],"line":388},"13":{"loc":{"start":{"line":408,"column":37},"end":{"line":408,"column":55}},"type":"if","locations":[{"start":{"line":408,"column":37},"end":{"line":408,"column":55}},{"start":{},"end":{}}],"line":408},"14":{"loc":{"start":{"line":362,"column":13},"end":{"line":365,"column":58}},"type":"cond-expr","locations":[{"start":{"line":365,"column":36},"end":{"line":365,"column":53}},{"start":{"line":365,"column":56},"end":{"line":365,"column":58}}],"line":362},"15":{"loc":{"start":{"line":383,"column":13},"end":{"line":386,"column":60}},"type":"cond-expr","locations":[{"start":{"line":386,"column":38},"end":{"line":386,"column":55}},{"start":{"line":386,"column":58},"end":{"line":386,"column":60}}],"line":383},"16":{"loc":{"start":{"line":403,"column":13},"end":{"line":406,"column":62}},"type":"cond-expr","locations":[{"start":{"line":406,"column":40},"end":{"line":406,"column":57}},{"start":{"line":406,"column":60},"end":{"line":406,"column":62}}],"line":403},"17":{"loc":{"start":{"line":357,"column":13},"end":{"line":357,"column":null}},"type":"if","locations":[{"start":{"line":357,"column":13},"end":{"line":357,"column":null}},{"start":{"line":357,"column":22},"end":{"line":357,"column":null}}],"line":357},"18":{"loc":{"start":{"line":235,"column":11},"end":{"line":239,"column":33}},"type":"cond-expr","locations":[{"start":{"line":236,"column":14},"end":{"line":236,"column":null}},{"start":{"line":237,"column":14},"end":{"line":239,"column":33}}],"line":235},"19":{"loc":{"start":{"line":237,"column":14},"end":{"line":239,"column":33}},"type":"cond-expr","locations":[{"start":{"line":238,"column":16},"end":{"line":238,"column":29}},{"start":{"line":239,"column":16},"end":{"line":239,"column":33}}],"line":237},"20":{"loc":{"start":{"line":226,"column":9},"end":{"line":226,"column":null}},"type":"if","locations":[{"start":{"line":226,"column":9},"end":{"line":226,"column":null}},{"start":{"line":226,"column":24},"end":{"line":226,"column":null}}],"line":226}},"s":{"0":8,"1":8,"2":8,"3":8,"4":8,"5":8,"6":8,"7":8,"8":3,"9":3,"10":7,"11":8,"12":14,"13":13,"14":13,"15":13,"16":13,"17":13,"18":4,"19":4,"20":4,"21":4,"22":4,"23":2,"24":2,"25":2,"26":2,"27":3,"28":1,"29":2,"30":8,"31":2,"32":1,"33":1,"34":1,"35":1,"36":1,"37":1,"38":1,"39":1,"40":2,"41":2,"42":1,"43":1,"44":1,"45":3,"46":3,"47":3,"48":3,"49":3,"50":8,"51":8,"52":8,"53":8,"54":8,"55":8,"56":8,"57":8,"58":37,"59":25,"60":25,"61":25,"62":25,"63":25,"64":25,"65":34,"66":34,"67":34,"68":34,"69":25,"70":1,"71":25,"72":1,"73":1,"74":25,"75":1,"76":1,"77":8,"78":8,"79":8,"80":8,"81":8,"82":8,"83":8,"84":8,"85":8,"86":6,"87":6,"88":6,"89":6,"90":1,"91":6,"92":1,"93":6,"94":6,"95":1,"96":6,"97":1,"98":11,"99":11,"100":11,"101":11,"102":1,"103":11,"104":1,"105":11,"106":11,"107":1,"108":11,"109":1,"110":17,"111":11,"112":8,"113":8,"114":6,"115":6,"116":6,"117":1,"118":1,"119":8,"120":1,"121":6,"122":6,"123":6,"124":6,"125":6,"126":6,"127":6,"128":6,"129":0,"130":0,"131":7,"132":0,"133":6,"134":6,"135":6,"136":6,"137":6,"138":6,"139":6,"140":6,"141":0,"142":7,"143":0,"144":6,"145":6,"146":6,"147":6,"148":6,"149":6,"150":6,"151":6,"152":6,"153":6,"154":6,"155":6,"156":6,"157":6,"158":6,"159":6,"160":6,"161":6,"162":6,"163":8,"164":8,"165":8,"166":8,"167":8,"168":8,"169":6,"170":4,"171":4,"172":6,"173":2,"174":2,"175":6,"176":1,"177":1,"178":0,"179":1,"180":6,"181":6,"182":1,"183":6,"184":1,"185":6,"186":6,"187":1,"188":6,"189":1,"190":11,"191":11,"192":11,"193":11,"194":11,"195":11,"196":11,"197":11,"198":11,"199":11,"200":11,"201":11,"202":11,"203":11,"204":11,"205":11,"206":11,"207":11,"208":11,"209":11,"210":11,"211":11,"212":11,"213":11,"214":11,"215":11,"216":14,"217":53,"218":62,"219":11,"220":11,"221":11,"222":11,"223":14,"224":14,"225":14,"226":14,"227":14,"228":14,"229":17,"230":11,"231":17,"232":17,"233":1,"234":14,"235":1,"236":8,"237":8,"238":1,"239":8,"240":1},"f":{"0":8,"1":3,"2":7,"3":14,"4":4,"5":2,"6":3,"7":8,"8":1,"9":1,"10":3,"11":3,"12":8,"13":8,"14":25,"15":37,"16":3,"17":2,"18":2,"19":2,"20":2,"21":6,"22":6,"23":6,"24":6,"25":6,"26":6,"27":6,"28":6,"29":4,"30":24,"31":2,"32":18,"33":1,"34":15,"35":12,"36":15,"37":2,"38":2,"39":11,"40":14,"41":53,"42":62,"43":2},"b":{"0":[13,1],"1":[1,2],"2":[1,1],"3":[1,0],"4":[3,0],"5":[3,1],"6":[13,21],"7":[13,21],"8":[1,0],"9":[1,0],"10":[6,11],"11":[1,7],"12":[0,7],"13":[0,7],"14":[1,7],"15":[0,8],"16":[0,8],"17":[6,11],"18":[2,15],"19":[4,11],"20":[13,1]},"meta":{"lastBranch":0,"lastFunction":0,"lastStatement":0,"seen":{}}}
,"D:\\Projects\\SIDA\\PersonalPortfolio\\my-design-system\\src\\lib\\validation.ts": {"path":"D:\\Projects\\SIDA\\PersonalPortfolio\\my-design-system\\src\\lib\\validation.ts","statementMap":{"0":{"start":{"line":14,"column":35},"end":{"line":19,"column":null}},"1":{"start":{"line":21,"column":18},"end":{"line":21,"column":null}},"2":{"start":{"line":23,"column":2},"end":{"line":23,"column":null}}},"fnMap":{"0":{"name":"validateProject","decl":{"start":{"line":8,"column":16},"end":{"line":8,"column":32}},"loc":{"start":{"line":13,"column":51},"end":{"line":24,"column":null}},"line":13}},"branchMap":{"0":{"loc":{"start":{"line":21,"column":18},"end":{"line":21,"column":null}},"type":"binary-expr","locations":[{"start":{"line":21,"column":18},"end":{"line":21,"column":35}},{"start":{"line":21,"column":35},"end":{"line":21,"column":56}},{"start":{"line":21,"column":56},"end":{"line":21,"column":null}}],"line":21}},"s":{"0":6,"1":6,"2":6},"f":{"0":6},"b":{"0":[6,3,3]},"meta":{"lastBranch":1,"lastFunction":1,"lastStatement":3,"seen":{"f:8:16:8:32":0,"s:14:35:19:Infinity":0,"s:21:18:21:Infinity":1,"b:21:18:21:35:21:35:21:56:21:56:21:Infinity":0,"s:23:2:23:Infinity":2}}}
}
