{"D:\\Projects\\SIDA\\PersonalPortfolio\\my-design-system\\src\\components\\AdminNav.svelte": {"path":"D:\\Projects\\SIDA\\PersonalPortfolio\\my-design-system\\src\\components\\AdminNav.svelte","statementMap":{"0":{"start":{"line":2,"column":19},"end":{"line":2,"column":null}},"1":{"start":{"line":4,"column":22},"end":{"line":4,"column":null}},"2":{"start":{"line":6,"column":19},"end":{"line":6,"column":94}},"3":{"start":{"line":7,"column":19},"end":{"line":7,"column":94}},"4":{"start":{"line":8,"column":19},"end":{"line":8,"column":94}},"5":{"start":{"line":11,"column":10},"end":{"line":11,"column":null}},"6":{"start":{"line":13,"column":2},"end":{"line":16,"column":null}},"7":{"start":{"line":15,"column":4},"end":{"line":15,"column":null}},"8":{"start":{"line":18,"column":13},"end":{"line":22,"column":null}},"9":{"start":{"line":19,"column":4},"end":{"line":21,"column":null}},"10":{"start":{"line":20,"column":6},"end":{"line":20,"column":null}},"11":{"start":{"line":24,"column":16},"end":{"line":24,"column":null}},"12":{"start":{"line":24,"column":24},"end":{"line":24,"column":null}},"13":{"start":{"line":27,"column":4},"end":{"line":27,"column":null}},"14":{"start":{"line":31,"column":4},"end":{"line":31,"column":null}},"15":{"start":{"line":31,"column":1},"end":{"line":31,"column":null}},"16":{"start":{"line":34,"column":6},"end":{"line":31,"column":null}},"17":{"start":{"line":37,"column":5},"end":{"line":34,"column":null}},"18":{"start":{"line":43,"column":10},"end":{"line":37,"column":null}},"19":{"start":{"line":43,"column":7},"end":{"line":43,"column":null}},"20":{"start":{"line":44,"column":11},"end":{"line":43,"column":16}},"21":{"start":{"line":37,"column":5},"end":{"line":37,"column":null}},"22":{"start":{"line":51,"column":5},"end":{"line":37,"column":null}},"23":{"start":{"line":57,"column":10},"end":{"line":51,"column":null}},"24":{"start":{"line":57,"column":7},"end":{"line":57,"column":null}},"25":{"start":{"line":58,"column":11},"end":{"line":57,"column":16}},"26":{"start":{"line":51,"column":5},"end":{"line":51,"column":null}},"27":{"start":{"line":65,"column":5},"end":{"line":51,"column":null}},"28":{"start":{"line":73,"column":10},"end":{"line":65,"column":null}},"29":{"start":{"line":73,"column":7},"end":{"line":73,"column":null}},"30":{"start":{"line":74,"column":11},"end":{"line":73,"column":16}},"31":{"start":{"line":65,"column":5},"end":{"line":65,"column":null}},"32":{"start":{"line":34,"column":3},"end":{"line":34,"column":null}},"33":{"start":{"line":85,"column":6},"end":{"line":34,"column":null}},"34":{"start":{"line":86,"column":5},"end":{"line":85,"column":null}},"35":{"start":{"line":92,"column":7},"end":{"line":86,"column":null}},"36":{"start":{"line":86,"column":5},"end":{"line":86,"column":null}},"37":{"start":{"line":102,"column":10},"end":{"line":102,"column":null}},"38":{"start":{"line":103,"column":10},"end":{"line":102,"column":null}},"39":{"start":{"line":106,"column":14},"end":{"line":103,"column":43}},"40":{"start":{"line":106,"column":11},"end":{"line":106,"column":null}},"41":{"start":{"line":107,"column":15},"end":{"line":106,"column":20}},"42":{"start":{"line":103,"column":9},"end":{"line":103,"column":43}},"43":{"start":{"line":110,"column":10},"end":{"line":103,"column":43}},"44":{"start":{"line":113,"column":14},"end":{"line":110,"column":46}},"45":{"start":{"line":113,"column":11},"end":{"line":113,"column":null}},"46":{"start":{"line":114,"column":15},"end":{"line":113,"column":20}},"47":{"start":{"line":110,"column":9},"end":{"line":110,"column":46}},"48":{"start":{"line":117,"column":10},"end":{"line":110,"column":46}},"49":{"start":{"line":121,"column":14},"end":{"line":117,"column":34}},"50":{"start":{"line":121,"column":11},"end":{"line":121,"column":null}},"51":{"start":{"line":122,"column":15},"end":{"line":121,"column":20}},"52":{"start":{"line":117,"column":9},"end":{"line":117,"column":34}},"53":{"start":{"line":102,"column":7},"end":{"line":102,"column":null}},"54":{"start":{"line":107,"column":11},"end":{"line":107,"column":null}},"55":{"start":{"line":114,"column":11},"end":{"line":114,"column":null}},"56":{"start":{"line":122,"column":11},"end":{"line":122,"column":null}},"57":{"start":{"line":105,"column":19},"end":{"line":105,"column":89}},"58":{"start":{"line":108,"column":24},"end":{"line":108,"column":88}},"59":{"start":{"line":112,"column":19},"end":{"line":112,"column":92}},"60":{"start":{"line":115,"column":24},"end":{"line":115,"column":91}},"61":{"start":{"line":119,"column":19},"end":{"line":120,"column":62}},"62":{"start":{"line":123,"column":24},"end":{"line":124,"column":null}},"63":{"start":{"line":103,"column":9},"end":{"line":103,"column":null}},"64":{"start":{"line":110,"column":9},"end":{"line":110,"column":null}},"65":{"start":{"line":117,"column":9},"end":{"line":117,"column":null}},"66":{"start":{"line":101,"column":9},"end":{"line":101,"column":null}},"67":{"start":{"line":101,"column":25},"end":{"line":101,"column":null}},"68":{"start":{"line":85,"column":3},"end":{"line":85,"column":null}},"69":{"start":{"line":44,"column":7},"end":{"line":44,"column":null}},"70":{"start":{"line":58,"column":7},"end":{"line":58,"column":null}},"71":{"start":{"line":74,"column":7},"end":{"line":74,"column":null}},"72":{"start":{"line":86,"column":5},"end":{"line":89,"column":null}},"73":{"start":{"line":92,"column":7},"end":{"line":93,"column":null}},"74":{"start":{"line":41,"column":14},"end":{"line":41,"column":94}},"75":{"start":{"line":45,"column":20},"end":{"line":45,"column":84}},"76":{"start":{"line":55,"column":14},"end":{"line":55,"column":97}},"77":{"start":{"line":59,"column":20},"end":{"line":59,"column":87}},"78":{"start":{"line":69,"column":14},"end":{"line":71,"column":40}},"79":{"start":{"line":75,"column":20},"end":{"line":77,"column":null}},"80":{"start":{"line":37,"column":5},"end":{"line":39,"column":null}},"81":{"start":{"line":51,"column":5},"end":{"line":53,"column":null}},"82":{"start":{"line":65,"column":5},"end":{"line":67,"column":null}},"83":{"start":{"line":86,"column":5},"end":{"line":87,"column":null}},"84":{"start":{"line":87,"column":22},"end":{"line":87,"column":null}}},"fnMap":{"0":{"name":"AdminNav","decl":{"start":{"line":1,"column":0},"end":{"line":1,"column":null}},"loc":{"start":{"line":1,"column":0},"end":{"line":29,"column":null}},"line":1},"1":{"name":"(anonymous_1)","decl":{"start":{"line":13,"column":9},"end":{"line":13,"column":16}},"loc":{"start":{"line":13,"column":16},"end":{"line":16,"column":3}},"line":13},"2":{"name":"(anonymous_2)","decl":{"start":{"line":19,"column":47},"end":{"line":19,"column":55}},"loc":{"start":{"line":19,"column":55},"end":{"line":21,"column":5}},"line":19},"3":{"name":"(anonymous_3)","decl":{"start":{"line":24,"column":16},"end":{"line":24,"column":20}},"loc":{"start":{"line":24,"column":24},"end":{"line":24,"column":null}},"line":24},"4":{"name":"navigate","decl":{"start":{"line":26,"column":11},"end":{"line":26,"column":19}},"loc":{"start":{"line":26,"column":22},"end":{"line":28,"column":null}},"line":26},"5":{"name":"(anonymous_5)","decl":{"start":{"line":105,"column":19},"end":{"line":105,"column":27}},"loc":{"start":{"line":105,"column":19},"end":{"line":105,"column":89}},"line":105},"6":{"name":"(anonymous_6)","decl":{"start":{"line":108,"column":24},"end":{"line":108,"column":32}},"loc":{"start":{"line":108,"column":24},"end":{"line":108,"column":88}},"line":108},"7":{"name":"(anonymous_7)","decl":{"start":{"line":112,"column":19},"end":{"line":112,"column":27}},"loc":{"start":{"line":112,"column":19},"end":{"line":112,"column":92}},"line":112},"8":{"name":"(anonymous_8)","decl":{"start":{"line":115,"column":24},"end":{"line":115,"column":32}},"loc":{"start":{"line":115,"column":24},"end":{"line":115,"column":91}},"line":115},"9":{"name":"(anonymous_9)","decl":{"start":{"line":119,"column":19},"end":{"line":119,"column":27}},"loc":{"start":{"line":119,"column":19},"end":{"line":120,"column":62}},"line":119},"10":{"name":"(anonymous_10)","decl":{"start":{"line":123,"column":24},"end":{"line":123,"column":32}},"loc":{"start":{"line":123,"column":24},"end":{"line":124,"column":null}},"line":123},"11":{"name":"(anonymous_11)","decl":{"start":{"line":41,"column":14},"end":{"line":41,"column":22}},"loc":{"start":{"line":41,"column":14},"end":{"line":41,"column":94}},"line":41},"12":{"name":"(anonymous_12)","decl":{"start":{"line":45,"column":20},"end":{"line":45,"column":28}},"loc":{"start":{"line":45,"column":20},"end":{"line":45,"column":84}},"line":45},"13":{"name":"(anonymous_13)","decl":{"start":{"line":55,"column":14},"end":{"line":55,"column":22}},"loc":{"start":{"line":55,"column":14},"end":{"line":55,"column":97}},"line":55},"14":{"name":"(anonymous_14)","decl":{"start":{"line":59,"column":20},"end":{"line":59,"column":28}},"loc":{"start":{"line":59,"column":20},"end":{"line":59,"column":87}},"line":59},"15":{"name":"(anonymous_15)","decl":{"start":{"line":69,"column":14},"end":{"line":69,"column":22}},"loc":{"start":{"line":69,"column":14},"end":{"line":71,"column":40}},"line":69},"16":{"name":"(anonymous_16)","decl":{"start":{"line":75,"column":20},"end":{"line":75,"column":28}},"loc":{"start":{"line":75,"column":20},"end":{"line":77,"column":null}},"line":75},"17":{"name":"click","decl":{"start":{"line":86,"column":5},"end":{"line":86,"column":null}},"loc":{"start":{"line":86,"column":5},"end":{"line":87,"column":null}},"line":86}},"branchMap":{"0":{"loc":{"start":{"line":18,"column":13},"end":{"line":22,"column":null}},"type":"if","locations":[{"start":{"line":18,"column":13},"end":{"line":22,"column":null}},{"start":{},"end":{}}],"line":18},"1":{"loc":{"start":{"line":24,"column":24},"end":{"line":24,"column":null}},"type":"binary-expr","locations":[{"start":{"line":24,"column":24},"end":{"line":24,"column":46}},{"start":{"line":24,"column":42},"end":{"line":24,"column":null}}],"line":24},"2":{"loc":{"start":{"line":105,"column":19},"end":{"line":105,"column":89}},"type":"cond-expr","locations":[{"start":{"line":105,"column":49},"end":{"line":105,"column":63}},{"start":{"line":105,"column":66},"end":{"line":105,"column":89}}],"line":105},"3":{"loc":{"start":{"line":108,"column":24},"end":{"line":108,"column":88}},"type":"cond-expr","locations":[{"start":{"line":108,"column":54},"end":{"line":108,"column":69}},{"start":{"line":108,"column":72},"end":{"line":108,"column":88}}],"line":108},"4":{"loc":{"start":{"line":112,"column":19},"end":{"line":112,"column":92}},"type":"cond-expr","locations":[{"start":{"line":112,"column":52},"end":{"line":112,"column":66}},{"start":{"line":112,"column":69},"end":{"line":112,"column":92}}],"line":112},"5":{"loc":{"start":{"line":115,"column":24},"end":{"line":115,"column":91}},"type":"cond-expr","locations":[{"start":{"line":115,"column":57},"end":{"line":115,"column":72}},{"start":{"line":115,"column":75},"end":{"line":115,"column":91}}],"line":115},"6":{"loc":{"start":{"line":119,"column":19},"end":{"line":120,"column":62}},"type":"cond-expr","locations":[{"start":{"line":120,"column":22},"end":{"line":120,"column":36}},{"start":{"line":120,"column":39},"end":{"line":120,"column":62}}],"line":119},"7":{"loc":{"start":{"line":119,"column":19},"end":{"line":119,"column":null}},"type":"binary-expr","locations":[{"start":{"line":119,"column":19},"end":{"line":119,"column":42}},{"start":{"line":119,"column":36},"end":{"line":119,"column":74}},{"start":{"line":119,"column":68},"end":{"line":119,"column":null}}],"line":119},"8":{"loc":{"start":{"line":123,"column":24},"end":{"line":124,"column":null}},"type":"cond-expr","locations":[{"start":{"line":124,"column":27},"end":{"line":124,"column":42}},{"start":{"line":124,"column":45},"end":{"line":124,"column":null}}],"line":123},"9":{"loc":{"start":{"line":123,"column":24},"end":{"line":123,"column":null}},"type":"binary-expr","locations":[{"start":{"line":123,"column":24},"end":{"line":123,"column":47}},{"start":{"line":123,"column":41},"end":{"line":123,"column":79}},{"start":{"line":123,"column":73},"end":{"line":123,"column":null}}],"line":123},"10":{"loc":{"start":{"line":101,"column":9},"end":{"line":101,"column":null}},"type":"if","locations":[{"start":{"line":101,"column":9},"end":{"line":101,"column":null}},{"start":{},"end":{}}],"line":101},"11":{"loc":{"start":{"line":92,"column":7},"end":{"line":93,"column":96}},"type":"cond-expr","locations":[{"start":{"line":93,"column":79},"end":{"line":93,"column":91}},{"start":{"line":93,"column":94},"end":{"line":93,"column":96}}],"line":92},"12":{"loc":{"start":{"line":41,"column":14},"end":{"line":41,"column":94}},"type":"cond-expr","locations":[{"start":{"line":41,"column":44},"end":{"line":41,"column":68}},{"start":{"line":41,"column":71},"end":{"line":41,"column":94}}],"line":41},"13":{"loc":{"start":{"line":45,"column":20},"end":{"line":45,"column":84}},"type":"cond-expr","locations":[{"start":{"line":45,"column":50},"end":{"line":45,"column":65}},{"start":{"line":45,"column":68},"end":{"line":45,"column":84}}],"line":45},"14":{"loc":{"start":{"line":55,"column":14},"end":{"line":55,"column":97}},"type":"cond-expr","locations":[{"start":{"line":55,"column":47},"end":{"line":55,"column":71}},{"start":{"line":55,"column":74},"end":{"line":55,"column":97}}],"line":55},"15":{"loc":{"start":{"line":59,"column":20},"end":{"line":59,"column":87}},"type":"cond-expr","locations":[{"start":{"line":59,"column":53},"end":{"line":59,"column":68}},{"start":{"line":59,"column":71},"end":{"line":59,"column":87}}],"line":59},"16":{"loc":{"start":{"line":69,"column":14},"end":{"line":71,"column":40}},"type":"cond-expr","locations":[{"start":{"line":70,"column":17},"end":{"line":70,"column":40}},{"start":{"line":71,"column":17},"end":{"line":71,"column":40}}],"line":69},"17":{"loc":{"start":{"line":69,"column":14},"end":{"line":69,"column":null}},"type":"binary-expr","locations":[{"start":{"line":69,"column":14},"end":{"line":69,"column":37}},{"start":{"line":69,"column":31},"end":{"line":69,"column":69}},{"start":{"line":69,"column":63},"end":{"line":69,"column":null}}],"line":69},"18":{"loc":{"start":{"line":75,"column":20},"end":{"line":77,"column":null}},"type":"cond-expr","locations":[{"start":{"line":76,"column":23},"end":{"line":76,"column":37}},{"start":{"line":77,"column":23},"end":{"line":77,"column":null}}],"line":75},"19":{"loc":{"start":{"line":75,"column":20},"end":{"line":75,"column":null}},"type":"binary-expr","locations":[{"start":{"line":75,"column":20},"end":{"line":75,"column":43}},{"start":{"line":75,"column":37},"end":{"line":75,"column":75}},{"start":{"line":75,"column":69},"end":{"line":75,"column":null}}],"line":75}},"s":{"0":0,"1":0,"2":0,"3":0,"4":0,"5":0,"6":0,"7":0,"8":0,"9":0,"10":0,"11":0,"12":0,"13":0,"14":0,"15":0,"16":0,"17":0,"18":0,"19":0,"20":0,"21":0,"22":0,"23":0,"24":0,"25":0,"26":0,"27":0,"28":0,"29":0,"30":0,"31":0,"32":0,"33":0,"34":0,"35":0,"36":0,"37":0,"38":0,"39":0,"40":0,"41":0,"42":0,"43":0,"44":0,"45":0,"46":0,"47":0,"48":0,"49":0,"50":0,"51":0,"52":0,"53":0,"54":0,"55":0,"56":0,"57":0,"58":0,"59":0,"60":0,"61":0,"62":0,"63":0,"64":0,"65":0,"66":0,"67":0,"68":0,"69":0,"70":0,"71":0,"72":0,"73":0,"74":0,"75":0,"76":0,"77":0,"78":0,"79":0,"80":0,"81":0,"82":0,"83":0,"84":0},"f":{"0":0,"1":0,"2":0,"3":0,"4":0,"5":0,"6":0,"7":0,"8":0,"9":0,"10":0,"11":0,"12":0,"13":0,"14":0,"15":0,"16":0,"17":0},"b":{"0":[0,0],"1":[0,0],"2":[0,0],"3":[0,0],"4":[0,0],"5":[0,0],"6":[0,0],"7":[0,0,0],"8":[0,0],"9":[0,0,0],"10":[0,0],"11":[0,0],"12":[0,0],"13":[0,0],"14":[0,0],"15":[0,0],"16":[0,0],"17":[0,0,0],"18":[0,0],"19":[0,0,0]},"meta":{"lastBranch":20,"lastFunction":18,"lastStatement":85,"seen":{"f:1:0:1:Infinity":0,"s:2:19:2:Infinity":0,"s:4:22:4:Infinity":1,"s:6:19:6:94":2,"s:7:19:7:94":3,"s:8:19:8:94":4,"s:11:10:11:Infinity":5,"s:13:2:16:Infinity":6,"f:13:9:13:16":1,"s:15:4:15:Infinity":7,"b:18:13:22:Infinity:undefined:undefined:undefined:undefined":0,"s:18:13:22:Infinity":8,"s:19:4:21:Infinity":9,"f:19:47:19:55":2,"s:20:6:20:Infinity":10,"s:24:16:24:Infinity":11,"f:24:16:24:20":3,"s:24:24:24:Infinity":12,"b:24:24:24:46:24:42:24:Infinity":1,"f:26:11:26:19":4,"s:27:4:27:Infinity":13,"s:31:4:31:Infinity":14,"s:31:1:31:Infinity":15,"s:34:6:31:Infinity":16,"s:37:5:34:Infinity":17,"s:43:10:37:Infinity":18,"s:43:7:43:Infinity":19,"s:44:11:43:16":20,"s:37:5:37:Infinity":21,"s:51:5:37:Infinity":22,"s:57:10:51:Infinity":23,"s:57:7:57:Infinity":24,"s:58:11:57:16":25,"s:51:5:51:Infinity":26,"s:65:5:51:Infinity":27,"s:73:10:65:Infinity":28,"s:73:7:73:Infinity":29,"s:74:11:73:16":30,"s:65:5:65:Infinity":31,"s:34:3:34:Infinity":32,"s:85:6:34:Infinity":33,"s:86:5:85:Infinity":34,"s:92:7:86:Infinity":35,"s:86:5:86:Infinity":36,"s:102:10:102:Infinity":37,"s:103:10:102:Infinity":38,"s:106:14:103:43":39,"s:106:11:106:Infinity":40,"s:107:15:106:20":41,"s:103:9:103:43":42,"s:110:10:103:43":43,"s:113:14:110:46":44,"s:113:11:113:Infinity":45,"s:114:15:113:20":46,"s:110:9:110:46":47,"s:117:10:110:46":48,"s:121:14:117:34":49,"s:121:11:121:Infinity":50,"s:122:15:121:20":51,"s:117:9:117:34":52,"s:102:7:102:Infinity":53,"s:107:11:107:Infinity":54,"s:114:11:114:Infinity":55,"s:122:11:122:Infinity":56,"f:105:19:105:27":5,"s:105:19:105:89":57,"b:105:49:105:63:105:66:105:89":2,"f:108:24:108:32":6,"s:108:24:108:88":58,"b:108:54:108:69:108:72:108:88":3,"f:112:19:112:27":7,"s:112:19:112:92":59,"b:112:52:112:66:112:69:112:92":4,"f:115:24:115:32":8,"s:115:24:115:91":60,"b:115:57:115:72:115:75:115:91":5,"f:119:19:119:27":9,"s:119:19:120:62":61,"b:120:22:120:36:120:39:120:62":6,"b:119:19:119:42:119:36:119:74:119:68:119:Infinity":7,"f:123:24:123:32":10,"s:123:24:124:Infinity":62,"b:124:27:124:42:124:45:124:Infinity":8,"b:123:24:123:47:123:41:123:79:123:73:123:Infinity":9,"s:103:9:103:Infinity":63,"s:110:9:110:Infinity":64,"s:117:9:117:Infinity":65,"b:101:9:101:Infinity:undefined:undefined:undefined:undefined":10,"s:101:9:101:Infinity":66,"s:101:25:101:Infinity":67,"s:85:3:85:Infinity":68,"s:44:7:44:Infinity":69,"s:58:7:58:Infinity":70,"s:74:7:74:Infinity":71,"s:86:5:89:Infinity":72,"s:92:7:93:Infinity":73,"b:93:79:93:91:93:94:93:96":11,"f:41:14:41:22":11,"s:41:14:41:94":74,"b:41:44:41:68:41:71:41:94":12,"f:45:20:45:28":12,"s:45:20:45:84":75,"b:45:50:45:65:45:68:45:84":13,"f:55:14:55:22":13,"s:55:14:55:97":76,"b:55:47:55:71:55:74:55:97":14,"f:59:20:59:28":14,"s:59:20:59:87":77,"b:59:53:59:68:59:71:59:87":15,"f:69:14:69:22":15,"s:69:14:71:40":78,"b:70:17:70:40:71:17:71:40":16,"b:69:14:69:37:69:31:69:69:69:63:69:Infinity":17,"f:75:20:75:28":16,"s:75:20:77:Infinity":79,"b:76:23:76:37:77:23:77:Infinity":18,"b:75:20:75:43:75:37:75:75:75:69:75:Infinity":19,"s:37:5:39:Infinity":80,"s:51:5:53:Infinity":81,"s:65:5:67:Infinity":82,"s:86:5:87:Infinity":83,"f:86:5:86:Infinity":17,"s:87:22:87:Infinity":84}}}
,"D:\\Projects\\SIDA\\PersonalPortfolio\\my-design-system\\src\\components\\Footer.svelte": {"path":"D:\\Projects\\SIDA\\PersonalPortfolio\\my-design-system\\src\\components\\Footer.svelte","statementMap":{"0":{"start":{"line":2,"column":17},"end":{"line":2,"column":null}},"1":{"start":{"line":5,"column":4},"end":{"line":5,"column":79}},"2":{"start":{"line":7,"column":4},"end":{"line":7,"column":79}},"3":{"start":{"line":10,"column":1},"end":{"line":10,"column":null}},"4":{"start":{"line":13,"column":3},"end":{"line":10,"column":null}},"5":{"start":{"line":17,"column":8},"end":{"line":13,"column":null}},"6":{"start":{"line":18,"column":10},"end":{"line":17,"column":null}},"7":{"start":{"line":19,"column":9},"end":{"line":18,"column":null}},"8":{"start":{"line":19,"column":9},"end":{"line":22,"column":null}},"9":{"start":{"line":18,"column":7},"end":{"line":18,"column":null}},"10":{"start":{"line":25,"column":10},"end":{"line":18,"column":null}},"11":{"start":{"line":26,"column":9},"end":{"line":25,"column":null}},"12":{"start":{"line":26,"column":9},"end":{"line":29,"column":null}},"13":{"start":{"line":25,"column":7},"end":{"line":25,"column":null}},"14":{"start":{"line":17,"column":5},"end":{"line":17,"column":null}},"15":{"start":{"line":13,"column":3},"end":{"line":13,"column":null}},"16":{"start":{"line":10,"column":1},"end":{"line":11,"column":null}}},"fnMap":{"0":{"name":"Footer","decl":{"start":{"line":1,"column":0},"end":{"line":1,"column":null}},"loc":{"start":{"line":1,"column":0},"end":{"line":8,"column":null}},"line":1},"1":{"name":"(anonymous_1)","decl":{"start":{"line":10,"column":1},"end":{"line":10,"column":null}},"loc":{"start":{"line":10,"column":1},"end":{"line":11,"column":null}},"line":10}},"branchMap":{"0":{"loc":{"start":{"line":11,"column":104},"end":{"line":11,"column":null}},"type":"binary-expr","locations":[{"start":{"line":11,"column":104},"end":{"line":11,"column":null}},{"start":{"line":11,"column":113},"end":{"line":11,"column":null}}],"line":11}},"s":{"0":0,"1":0,"2":0,"3":0,"4":0,"5":0,"6":0,"7":0,"8":0,"9":0,"10":0,"11":0,"12":0,"13":0,"14":0,"15":0,"16":0},"f":{"0":0,"1":0},"b":{"0":[0,0]},"meta":{"lastBranch":1,"lastFunction":2,"lastStatement":17,"seen":{"f:1:0:1:Infinity":0,"s:2:17:2:Infinity":0,"s:5:4:5:79":1,"s:7:4:7:79":2,"s:10:1:10:Infinity":3,"s:13:3:10:Infinity":4,"s:17:8:13:Infinity":5,"s:18:10:17:Infinity":6,"s:19:9:18:Infinity":7,"s:19:9:22:Infinity":8,"s:18:7:18:Infinity":9,"s:25:10:18:Infinity":10,"s:26:9:25:Infinity":11,"s:26:9:29:Infinity":12,"s:25:7:25:Infinity":13,"s:17:5:17:Infinity":14,"s:13:3:13:Infinity":15,"s:10:1:11:Infinity":16,"f:10:1:10:Infinity":1,"b:11:104:11:Infinity:11:113:11:Infinity":0}}}
,"D:\\Projects\\SIDA\\PersonalPortfolio\\my-design-system\\src\\components\\Header.svelte": {"path":"D:\\Projects\\SIDA\\PersonalPortfolio\\my-design-system\\src\\components\\Header.svelte","statementMap":{"0":{"start":{"line":2,"column":17},"end":{"line":2,"column":24}},"1":{"start":{"line":2,"column":33},"end":{"line":2,"column":42}},"2":{"start":{"line":2,"column":52},"end":{"line":2,"column":null}},"3":{"start":{"line":4,"column":22},"end":{"line":4,"column":null}},"4":{"start":{"line":5,"column":16},"end":{"line":5,"column":null}},"5":{"start":{"line":8,"column":2},"end":{"line":14,"column":null}},"6":{"start":{"line":9,"column":22},"end":{"line":11,"column":5}},"7":{"start":{"line":10,"column":6},"end":{"line":10,"column":null}},"8":{"start":{"line":12,"column":4},"end":{"line":12,"column":null}},"9":{"start":{"line":13,"column":17},"end":{"line":13,"column":null}},"10":{"start":{"line":17,"column":7},"end":{"line":17,"column":76}},"11":{"start":{"line":30,"column":6},"end":{"line":17,"column":76}},"12":{"start":{"line":31,"column":11},"end":{"line":30,"column":null}},"13":{"start":{"line":36,"column":10},"end":{"line":31,"column":null}},"14":{"start":{"line":36,"column":7},"end":{"line":36,"column":null}},"15":{"start":{"line":38,"column":15},"end":{"line":38,"column":null}},"16":{"start":{"line":38,"column":11},"end":{"line":38,"column":null}},"17":{"start":{"line":40,"column":15},"end":{"line":40,"column":null}},"18":{"start":{"line":40,"column":11},"end":{"line":40,"column":null}},"19":{"start":{"line":37,"column":13},"end":{"line":37,"column":null}},"20":{"start":{"line":37,"column":29},"end":{"line":37,"column":null}},"21":{"start":{"line":31,"column":5},"end":{"line":31,"column":null}},"22":{"start":{"line":30,"column":3},"end":{"line":30,"column":null}},"23":{"start":{"line":47,"column":6},"end":{"line":30,"column":null}},"24":{"start":{"line":47,"column":3},"end":{"line":47,"column":null}},"25":{"start":{"line":61,"column":10},"end":{"line":61,"column":null}},"26":{"start":{"line":61,"column":7},"end":{"line":61,"column":null}},"27":{"start":{"line":60,"column":9},"end":{"line":60,"column":null}},"28":{"start":{"line":60,"column":19},"end":{"line":60,"column":null}},"29":{"start":{"line":67,"column":8},"end":{"line":67,"column":null}},"30":{"start":{"line":67,"column":7},"end":{"line":67,"column":null}},"31":{"start":{"line":66,"column":9},"end":{"line":66,"column":null}},"32":{"start":{"line":66,"column":18},"end":{"line":66,"column":null}},"33":{"start":{"line":79,"column":8},"end":{"line":79,"column":null}},"34":{"start":{"line":79,"column":5},"end":{"line":79,"column":null}},"35":{"start":{"line":84,"column":10},"end":{"line":84,"column":null}},"36":{"start":{"line":84,"column":9},"end":{"line":84,"column":null}},"37":{"start":{"line":83,"column":11},"end":{"line":83,"column":null}},"38":{"start":{"line":83,"column":21},"end":{"line":83,"column":null}},"39":{"start":{"line":87,"column":10},"end":{"line":87,"column":null}},"40":{"start":{"line":87,"column":9},"end":{"line":87,"column":null}},"41":{"start":{"line":86,"column":11},"end":{"line":86,"column":null}},"42":{"start":{"line":86,"column":20},"end":{"line":86,"column":null}},"43":{"start":{"line":78,"column":7},"end":{"line":78,"column":null}},"44":{"start":{"line":78,"column":23},"end":{"line":78,"column":null}},"45":{"start":{"line":17,"column":1},"end":{"line":17,"column":76}},"46":{"start":{"line":17,"column":1},"end":{"line":17,"column":null}},"47":{"start":{"line":31,"column":5},"end":{"line":33,"column":null}},"48":{"start":{"line":33,"column":21},"end":{"line":33,"column":null}}},"fnMap":{"0":{"name":"Header","decl":{"start":{"line":1,"column":0},"end":{"line":1,"column":null}},"loc":{"start":{"line":1,"column":0},"end":{"line":15,"column":null}},"line":1},"1":{"name":"(anonymous_1)","decl":{"start":{"line":8,"column":9},"end":{"line":8,"column":16}},"loc":{"start":{"line":8,"column":16},"end":{"line":14,"column":3}},"line":8},"2":{"name":"(anonymous_2)","decl":{"start":{"line":9,"column":22},"end":{"line":9,"column":31}},"loc":{"start":{"line":9,"column":31},"end":{"line":11,"column":5}},"line":9},"3":{"name":"(anonymous_3)","decl":{"start":{"line":13,"column":17},"end":{"line":13,"column":23}},"loc":{"start":{"line":13,"column":17},"end":{"line":13,"column":null}},"line":13},"4":{"name":"(anonymous_4)","decl":{"start":{"line":17,"column":1},"end":{"line":17,"column":7}},"loc":{"start":{"line":17,"column":1},"end":{"line":17,"column":null}},"line":17},"5":{"name":"click","decl":{"start":{"line":31,"column":11},"end":{"line":31,"column":null}},"loc":{"start":{"line":31,"column":11},"end":{"line":33,"column":null}},"line":31}},"branchMap":{"0":{"loc":{"start":{"line":37,"column":13},"end":{"line":37,"column":null}},"type":"if","locations":[{"start":{"line":37,"column":13},"end":{"line":37,"column":null}},{"start":{"line":37,"column":29},"end":{"line":37,"column":null}}],"line":37},"1":{"loc":{"start":{"line":60,"column":9},"end":{"line":60,"column":null}},"type":"if","locations":[{"start":{"line":60,"column":9},"end":{"line":60,"column":null}},{"start":{},"end":{}}],"line":60},"2":{"loc":{"start":{"line":66,"column":9},"end":{"line":66,"column":null}},"type":"if","locations":[{"start":{"line":66,"column":9},"end":{"line":66,"column":null}},{"start":{},"end":{}}],"line":66},"3":{"loc":{"start":{"line":83,"column":11},"end":{"line":83,"column":null}},"type":"if","locations":[{"start":{"line":83,"column":11},"end":{"line":83,"column":null}},{"start":{},"end":{}}],"line":83},"4":{"loc":{"start":{"line":86,"column":11},"end":{"line":86,"column":null}},"type":"if","locations":[{"start":{"line":86,"column":11},"end":{"line":86,"column":null}},{"start":{},"end":{}}],"line":86},"5":{"loc":{"start":{"line":78,"column":7},"end":{"line":78,"column":null}},"type":"if","locations":[{"start":{"line":78,"column":7},"end":{"line":78,"column":null}},{"start":{},"end":{}}],"line":78},"6":{"loc":{"start":{"line":17,"column":7},"end":{"line":17,"column":191}},"type":"cond-expr","locations":[{"start":{"line":17,"column":89},"end":{"line":17,"column":167}},{"start":{"line":17,"column":167},"end":{"line":17,"column":191}}],"line":17},"7":{"loc":{"start":{"line":17,"column":237},"end":{"line":17,"column":null}},"type":"binary-expr","locations":[{"start":{"line":17,"column":237},"end":{"line":17,"column":null}},{"start":{"line":17,"column":246},"end":{"line":17,"column":null}}],"line":17}},"s":{"0":0,"1":0,"2":0,"3":0,"4":0,"5":0,"6":0,"7":0,"8":0,"9":0,"10":0,"11":0,"12":0,"13":0,"14":0,"15":0,"16":0,"17":0,"18":0,"19":0,"20":0,"21":0,"22":0,"23":0,"24":0,"25":0,"26":0,"27":0,"28":0,"29":0,"30":0,"31":0,"32":0,"33":0,"34":0,"35":0,"36":0,"37":0,"38":0,"39":0,"40":0,"41":0,"42":0,"43":0,"44":0,"45":0,"46":0,"47":0,"48":0},"f":{"0":0,"1":0,"2":0,"3":0,"4":0,"5":0},"b":{"0":[0,0],"1":[0,0],"2":[0,0],"3":[0,0],"4":[0,0],"5":[0,0],"6":[0,0],"7":[0,0]},"meta":{"lastBranch":8,"lastFunction":6,"lastStatement":49,"seen":{"f:1:0:1:Infinity":0,"s:2:17:2:24":0,"s:2:33:2:42":1,"s:2:52:2:Infinity":2,"s:4:22:4:Infinity":3,"s:5:16:5:Infinity":4,"s:8:2:14:Infinity":5,"f:8:9:8:16":1,"s:9:22:11:5":6,"f:9:22:9:31":2,"s:10:6:10:Infinity":7,"s:12:4:12:Infinity":8,"s:13:17:13:Infinity":9,"f:13:17:13:23":3,"s:17:7:17:76":10,"s:30:6:17:76":11,"s:31:11:30:Infinity":12,"s:36:10:31:Infinity":13,"s:36:7:36:Infinity":14,"s:38:15:38:Infinity":15,"s:38:11:38:Infinity":16,"s:40:15:40:Infinity":17,"s:40:11:40:Infinity":18,"b:37:13:37:Infinity:37:29:37:Infinity":0,"s:37:13:37:Infinity":19,"s:37:29:37:Infinity":20,"s:31:5:31:Infinity":21,"s:30:3:30:Infinity":22,"s:47:6:30:Infinity":23,"s:47:3:47:Infinity":24,"s:61:10:61:Infinity":25,"s:61:7:61:Infinity":26,"b:60:9:60:Infinity:undefined:undefined:undefined:undefined":1,"s:60:9:60:Infinity":27,"s:60:19:60:Infinity":28,"s:67:8:67:Infinity":29,"s:67:7:67:Infinity":30,"b:66:9:66:Infinity:undefined:undefined:undefined:undefined":2,"s:66:9:66:Infinity":31,"s:66:18:66:Infinity":32,"s:79:8:79:Infinity":33,"s:79:5:79:Infinity":34,"s:84:10:84:Infinity":35,"s:84:9:84:Infinity":36,"b:83:11:83:Infinity:undefined:undefined:undefined:undefined":3,"s:83:11:83:Infinity":37,"s:83:21:83:Infinity":38,"s:87:10:87:Infinity":39,"s:87:9:87:Infinity":40,"b:86:11:86:Infinity:undefined:undefined:undefined:undefined":4,"s:86:11:86:Infinity":41,"s:86:20:86:Infinity":42,"b:78:7:78:Infinity:undefined:undefined:undefined:undefined":5,"s:78:7:78:Infinity":43,"s:78:23:78:Infinity":44,"s:17:1:17:76":45,"s:17:1:17:Infinity":46,"f:17:1:17:7":4,"b:17:89:17:167:17:167:17:191":6,"b:17:237:17:Infinity:17:246:17:Infinity":7,"s:31:5:33:Infinity":47,"f:31:11:31:Infinity":5,"s:33:21:33:Infinity":48}}}
,"D:\\Projects\\SIDA\\PersonalPortfolio\\my-design-system\\src\\components\\ProjectManager.svelte": {"path":"D:\\Projects\\SIDA\\PersonalPortfolio\\my-design-system\\src\\components\\ProjectManager.svelte","statementMap":{"0":{"start":{"line":4,"column":4},"end":{"line":4,"column":79}},"1":{"start":{"line":7,"column":16},"end":{"line":39,"column":null}},"2":{"start":{"line":44,"column":21},"end":{"line":44,"column":null}},"3":{"start":{"line":47,"column":15},"end":{"line":47,"column":null}},"4":{"start":{"line":48,"column":17},"end":{"line":48,"column":null}},"5":{"start":{"line":50,"column":19},"end":{"line":50,"column":null}},"6":{"start":{"line":51,"column":22},"end":{"line":51,"column":null}},"7":{"start":{"line":54,"column":12},"end":{"line":54,"column":null}},"8":{"start":{"line":58,"column":45},"end":{"line":58,"column":null}},"9":{"start":{"line":64,"column":11},"end":{"line":64,"column":null}},"10":{"start":{"line":69,"column":4},"end":{"line":69,"column":null}},"11":{"start":{"line":73,"column":2},"end":{"line":81,"column":null}},"12":{"start":{"line":74,"column":8},"end":{"line":80,"column":null}},"13":{"start":{"line":75,"column":6},"end":{"line":75,"column":null}},"14":{"start":{"line":76,"column":6},"end":{"line":76,"column":null}},"15":{"start":{"line":77,"column":6},"end":{"line":77,"column":null}},"16":{"start":{"line":78,"column":6},"end":{"line":78,"column":null}},"17":{"start":{"line":79,"column":6},"end":{"line":79,"column":null}},"18":{"start":{"line":85,"column":4},"end":{"line":85,"column":null}},"19":{"start":{"line":86,"column":4},"end":{"line":86,"column":null}},"20":{"start":{"line":87,"column":4},"end":{"line":87,"column":null}},"21":{"start":{"line":88,"column":4},"end":{"line":88,"column":null}},"22":{"start":{"line":89,"column":4},"end":{"line":89,"column":null}},"23":{"start":{"line":102,"column":4},"end":{"line":102,"column":null}},"24":{"start":{"line":103,"column":4},"end":{"line":103,"column":null}},"25":{"start":{"line":104,"column":4},"end":{"line":104,"column":null}},"26":{"start":{"line":105,"column":4},"end":{"line":105,"column":null}},"27":{"start":{"line":109,"column":9},"end":{"line":109,"column":null}},"28":{"start":{"line":109,"column":17},"end":{"line":109,"column":null}},"29":{"start":{"line":111,"column":20},"end":{"line":114,"column":null}},"30":{"start":{"line":113,"column":18},"end":{"line":113,"column":null}},"31":{"start":{"line":116,"column":8},"end":{"line":128,"column":null}},"32":{"start":{"line":118,"column":22},"end":{"line":118,"column":null}},"33":{"start":{"line":119,"column":6},"end":{"line":119,"column":null}},"34":{"start":{"line":120,"column":6},"end":{"line":120,"column":null}},"35":{"start":{"line":123,"column":18},"end":{"line":123,"column":null}},"36":{"start":{"line":123,"column":39},"end":{"line":123,"column":null}},"37":{"start":{"line":124,"column":10},"end":{"line":127,"column":null}},"38":{"start":{"line":125,"column":8},"end":{"line":125,"column":null}},"39":{"start":{"line":126,"column":8},"end":{"line":126,"column":null}},"40":{"start":{"line":130,"column":4},"end":{"line":130,"column":null}},"41":{"start":{"line":131,"column":4},"end":{"line":131,"column":null}},"42":{"start":{"line":135,"column":4},"end":{"line":135,"column":null}},"43":{"start":{"line":136,"column":4},"end":{"line":136,"column":null}},"44":{"start":{"line":137,"column":4},"end":{"line":137,"column":null}},"45":{"start":{"line":141,"column":16},"end":{"line":141,"column":null}},"46":{"start":{"line":141,"column":37},"end":{"line":141,"column":null}},"47":{"start":{"line":142,"column":8},"end":{"line":145,"column":null}},"48":{"start":{"line":143,"column":6},"end":{"line":143,"column":null}},"49":{"start":{"line":144,"column":6},"end":{"line":144,"column":null}},"50":{"start":{"line":154,"column":1},"end":{"line":154,"column":null}},"51":{"start":{"line":161,"column":3},"end":{"line":154,"column":null}},"52":{"start":{"line":166,"column":5},"end":{"line":161,"column":null}},"53":{"start":{"line":175,"column":7},"end":{"line":166,"column":null}},"54":{"start":{"line":166,"column":5},"end":{"line":166,"column":null}},"55":{"start":{"line":186,"column":8},"end":{"line":166,"column":null}},"56":{"start":{"line":186,"column":5},"end":{"line":189,"column":null}},"57":{"start":{"line":187,"column":13},"end":{"line":187,"column":21}},"58":{"start":{"line":188,"column":24},"end":{"line":188,"column":null}},"59":{"start":{"line":188,"column":16},"end":{"line":188,"column":27}},"60":{"start":{"line":189,"column":9},"end":{"line":189,"column":null}},"61":{"start":{"line":202,"column":11},"end":{"line":189,"column":null}},"62":{"start":{"line":202,"column":11},"end":{"line":202,"column":null}},"63":{"start":{"line":209,"column":11},"end":{"line":202,"column":null}},"64":{"start":{"line":209,"column":11},"end":{"line":209,"column":null}},"65":{"start":{"line":189,"column":9},"end":{"line":194,"column":null}},"66":{"start":{"line":202,"column":11},"end":{"line":205,"column":null}},"67":{"start":{"line":207,"column":13},"end":{"line":207,"column":null}},"68":{"start":{"line":212,"column":13},"end":{"line":212,"column":null}},"69":{"start":{"line":189,"column":9},"end":{"line":190,"column":null}},"70":{"start":{"line":190,"column":26},"end":{"line":190,"column":null}},"71":{"start":{"line":189,"column":9},"end":{"line":197,"column":null}},"72":{"start":{"line":196,"column":17},"end":{"line":196,"column":null}},"73":{"start":{"line":196,"column":27},"end":{"line":196,"column":null}},"74":{"start":{"line":189,"column":9},"end":{"line":200,"column":null}},"75":{"start":{"line":199,"column":17},"end":{"line":199,"column":null}},"76":{"start":{"line":199,"column":27},"end":{"line":199,"column":null}},"77":{"start":{"line":186,"column":5},"end":{"line":186,"column":null}},"78":{"start":{"line":161,"column":3},"end":{"line":161,"column":null}},"79":{"start":{"line":222,"column":3},"end":{"line":161,"column":null}},"80":{"start":{"line":222,"column":3},"end":{"line":222,"column":null}},"81":{"start":{"line":228,"column":7},"end":{"line":228,"column":null}},"82":{"start":{"line":232,"column":9},"end":{"line":228,"column":null}},"83":{"start":{"line":232,"column":9},"end":{"line":232,"column":null}},"84":{"start":{"line":242,"column":12},"end":{"line":232,"column":null}},"85":{"start":{"line":242,"column":9},"end":{"line":242,"column":null}},"86":{"start":{"line":245,"column":13},"end":{"line":245,"column":null}},"87":{"start":{"line":271,"column":13},"end":{"line":245,"column":null}},"88":{"start":{"line":245,"column":13},"end":{"line":246,"column":null}},"89":{"start":{"line":245,"column":13},"end":{"line":249,"column":null}},"90":{"start":{"line":249,"column":17},"end":{"line":249,"column":null}},"91":{"start":{"line":245,"column":13},"end":{"line":251,"column":null}},"92":{"start":{"line":251,"column":17},"end":{"line":251,"column":null}},"93":{"start":{"line":271,"column":13},"end":{"line":272,"column":null}},"94":{"start":{"line":271,"column":13},"end":{"line":275,"column":null}},"95":{"start":{"line":275,"column":17},"end":{"line":275,"column":null}},"96":{"start":{"line":271,"column":13},"end":{"line":277,"column":null}},"97":{"start":{"line":277,"column":17},"end":{"line":277,"column":null}},"98":{"start":{"line":297,"column":13},"end":{"line":297,"column":null}},"99":{"start":{"line":323,"column":13},"end":{"line":297,"column":null}},"100":{"start":{"line":297,"column":13},"end":{"line":298,"column":null}},"101":{"start":{"line":297,"column":13},"end":{"line":301,"column":null}},"102":{"start":{"line":301,"column":17},"end":{"line":301,"column":null}},"103":{"start":{"line":297,"column":13},"end":{"line":303,"column":null}},"104":{"start":{"line":303,"column":17},"end":{"line":303,"column":null}},"105":{"start":{"line":323,"column":13},"end":{"line":324,"column":null}},"106":{"start":{"line":323,"column":13},"end":{"line":327,"column":null}},"107":{"start":{"line":327,"column":17},"end":{"line":327,"column":null}},"108":{"start":{"line":323,"column":13},"end":{"line":329,"column":null}},"109":{"start":{"line":329,"column":17},"end":{"line":329,"column":null}},"110":{"start":{"line":243,"column":15},"end":{"line":243,"column":null}},"111":{"start":{"line":243,"column":24},"end":{"line":243,"column":null}},"112":{"start":{"line":353,"column":7},"end":{"line":228,"column":null}},"113":{"start":{"line":353,"column":7},"end":{"line":353,"column":null}},"114":{"start":{"line":361,"column":14},"end":{"line":361,"column":null}},"115":{"start":{"line":362,"column":13},"end":{"line":361,"column":null}},"116":{"start":{"line":362,"column":13},"end":{"line":362,"column":null}},"117":{"start":{"line":367,"column":43},"end":{"line":367,"column":null}},"118":{"start":{"line":367,"column":39},"end":{"line":367,"column":null}},"119":{"start":{"line":367,"column":25},"end":{"line":367,"column":39}},"120":{"start":{"line":367,"column":37},"end":{"line":367,"column":39}},"121":{"start":{"line":370,"column":13},"end":{"line":362,"column":null}},"122":{"start":{"line":370,"column":13},"end":{"line":370,"column":null}},"123":{"start":{"line":375,"column":26},"end":{"line":375,"column":40}},"124":{"start":{"line":375,"column":39},"end":{"line":375,"column":40}},"125":{"start":{"line":361,"column":11},"end":{"line":361,"column":null}},"126":{"start":{"line":382,"column":14},"end":{"line":361,"column":null}},"127":{"start":{"line":383,"column":13},"end":{"line":382,"column":null}},"128":{"start":{"line":383,"column":13},"end":{"line":383,"column":null}},"129":{"start":{"line":388,"column":56},"end":{"line":388,"column":null}},"130":{"start":{"line":388,"column":52},"end":{"line":388,"column":null}},"131":{"start":{"line":388,"column":36},"end":{"line":388,"column":52}},"132":{"start":{"line":388,"column":50},"end":{"line":388,"column":52}},"133":{"start":{"line":390,"column":13},"end":{"line":383,"column":null}},"134":{"start":{"line":390,"column":13},"end":{"line":390,"column":null}},"135":{"start":{"line":395,"column":26},"end":{"line":395,"column":40}},"136":{"start":{"line":395,"column":39},"end":{"line":395,"column":40}},"137":{"start":{"line":382,"column":11},"end":{"line":382,"column":null}},"138":{"start":{"line":402,"column":14},"end":{"line":382,"column":null}},"139":{"start":{"line":403,"column":13},"end":{"line":402,"column":null}},"140":{"start":{"line":403,"column":13},"end":{"line":403,"column":null}},"141":{"start":{"line":408,"column":55},"end":{"line":408,"column":null}},"142":{"start":{"line":408,"column":37},"end":{"line":408,"column":55}},"143":{"start":{"line":408,"column":53},"end":{"line":408,"column":55}},"144":{"start":{"line":412,"column":13},"end":{"line":403,"column":null}},"145":{"start":{"line":412,"column":13},"end":{"line":412,"column":null}},"146":{"start":{"line":417,"column":26},"end":{"line":417,"column":40}},"147":{"start":{"line":417,"column":39},"end":{"line":417,"column":40}},"148":{"start":{"line":402,"column":11},"end":{"line":402,"column":null}},"149":{"start":{"line":424,"column":14},"end":{"line":402,"column":null}},"150":{"start":{"line":426,"column":13},"end":{"line":424,"column":null}},"151":{"start":{"line":426,"column":13},"end":{"line":426,"column":null}},"152":{"start":{"line":430,"column":26},"end":{"line":430,"column":40}},"153":{"start":{"line":430,"column":39},"end":{"line":430,"column":40}},"154":{"start":{"line":424,"column":11},"end":{"line":424,"column":null}},"155":{"start":{"line":437,"column":14},"end":{"line":424,"column":null}},"156":{"start":{"line":444,"column":13},"end":{"line":437,"column":null}},"157":{"start":{"line":444,"column":13},"end":{"line":444,"column":null}},"158":{"start":{"line":437,"column":11},"end":{"line":437,"column":null}},"159":{"start":{"line":454,"column":11},"end":{"line":437,"column":null}},"160":{"start":{"line":457,"column":13},"end":{"line":454,"column":null}},"161":{"start":{"line":467,"column":13},"end":{"line":457,"column":null}},"162":{"start":{"line":454,"column":11},"end":{"line":454,"column":null}},"163":{"start":{"line":362,"column":13},"end":{"line":365,"column":null}},"164":{"start":{"line":370,"column":13},"end":{"line":373,"column":null}},"165":{"start":{"line":383,"column":13},"end":{"line":386,"column":null}},"166":{"start":{"line":390,"column":13},"end":{"line":393,"column":null}},"167":{"start":{"line":403,"column":13},"end":{"line":406,"column":null}},"168":{"start":{"line":412,"column":13},"end":{"line":415,"column":null}},"169":{"start":{"line":370,"column":13},"end":{"line":376,"column":null}},"170":{"start":{"line":376,"column":29},"end":{"line":376,"column":null}},"171":{"start":{"line":375,"column":26},"end":{"line":375,"column":null}},"172":{"start":{"line":390,"column":13},"end":{"line":396,"column":null}},"173":{"start":{"line":396,"column":29},"end":{"line":396,"column":null}},"174":{"start":{"line":395,"column":26},"end":{"line":395,"column":null}},"175":{"start":{"line":412,"column":13},"end":{"line":418,"column":null}},"176":{"start":{"line":418,"column":29},"end":{"line":418,"column":null}},"177":{"start":{"line":417,"column":26},"end":{"line":417,"column":null}},"178":{"start":{"line":430,"column":26},"end":{"line":430,"column":null}},"179":{"start":{"line":448,"column":26},"end":{"line":448,"column":null}},"180":{"start":{"line":457,"column":13},"end":{"line":458,"column":null}},"181":{"start":{"line":457,"column":13},"end":{"line":461,"column":null}},"182":{"start":{"line":461,"column":17},"end":{"line":461,"column":null}},"183":{"start":{"line":457,"column":13},"end":{"line":463,"column":null}},"184":{"start":{"line":463,"column":17},"end":{"line":463,"column":null}},"185":{"start":{"line":467,"column":13},"end":{"line":468,"column":null}},"186":{"start":{"line":467,"column":13},"end":{"line":471,"column":null}},"187":{"start":{"line":471,"column":17},"end":{"line":471,"column":null}},"188":{"start":{"line":467,"column":13},"end":{"line":473,"column":null}},"189":{"start":{"line":473,"column":17},"end":{"line":473,"column":null}},"190":{"start":{"line":482,"column":14},"end":{"line":482,"column":null}},"191":{"start":{"line":484,"column":13},"end":{"line":482,"column":null}},"192":{"start":{"line":484,"column":13},"end":{"line":484,"column":null}},"193":{"start":{"line":482,"column":11},"end":{"line":482,"column":null}},"194":{"start":{"line":492,"column":14},"end":{"line":482,"column":null}},"195":{"start":{"line":494,"column":13},"end":{"line":492,"column":null}},"196":{"start":{"line":494,"column":13},"end":{"line":494,"column":null}},"197":{"start":{"line":492,"column":11},"end":{"line":492,"column":null}},"198":{"start":{"line":502,"column":14},"end":{"line":492,"column":null}},"199":{"start":{"line":533,"column":13},"end":{"line":502,"column":null}},"200":{"start":{"line":537,"column":15},"end":{"line":533,"column":null}},"201":{"start":{"line":533,"column":13},"end":{"line":533,"column":null}},"202":{"start":{"line":502,"column":11},"end":{"line":502,"column":null}},"203":{"start":{"line":546,"column":14},"end":{"line":502,"column":null}},"204":{"start":{"line":548,"column":13},"end":{"line":546,"column":null}},"205":{"start":{"line":548,"column":13},"end":{"line":548,"column":null}},"206":{"start":{"line":546,"column":11},"end":{"line":546,"column":null}},"207":{"start":{"line":556,"column":14},"end":{"line":546,"column":null}},"208":{"start":{"line":571,"column":13},"end":{"line":556,"column":null}},"209":{"start":{"line":574,"column":18},"end":{"line":571,"column":null}},"210":{"start":{"line":580,"column":20},"end":{"line":574,"column":null}},"211":{"start":{"line":580,"column":17},"end":{"line":580,"column":null}},"212":{"start":{"line":574,"column":15},"end":{"line":574,"column":null}},"213":{"start":{"line":584,"column":18},"end":{"line":574,"column":null}},"214":{"start":{"line":590,"column":20},"end":{"line":584,"column":null}},"215":{"start":{"line":590,"column":17},"end":{"line":592,"column":null}},"216":{"start":{"line":590,"column":20},"end":{"line":591,"column":45}},"217":{"start":{"line":592,"column":21},"end":{"line":592,"column":null}},"218":{"start":{"line":595,"column":23},"end":{"line":595,"column":null}},"219":{"start":{"line":590,"column":17},"end":{"line":590,"column":null}},"220":{"start":{"line":584,"column":15},"end":{"line":584,"column":null}},"221":{"start":{"line":571,"column":13},"end":{"line":571,"column":null}},"222":{"start":{"line":556,"column":11},"end":{"line":556,"column":null}},"223":{"start":{"line":487,"column":15},"end":{"line":487,"column":null}},"224":{"start":{"line":497,"column":15},"end":{"line":497,"column":null}},"225":{"start":{"line":537,"column":15},"end":{"line":538,"column":null}},"226":{"start":{"line":537,"column":15},"end":{"line":539,"column":null}},"227":{"start":{"line":551,"column":15},"end":{"line":551,"column":null}},"228":{"start":{"line":581,"column":19},"end":{"line":581,"column":null}},"229":{"start":{"line":357,"column":13},"end":{"line":357,"column":null}},"230":{"start":{"line":357,"column":22},"end":{"line":357,"column":null}},"231":{"start":{"line":235,"column":11},"end":{"line":239,"column":null}},"232":{"start":{"line":353,"column":7},"end":{"line":355,"column":null}},"233":{"start":{"line":605,"column":7},"end":{"line":605,"column":null}},"234":{"start":{"line":226,"column":9},"end":{"line":226,"column":null}},"235":{"start":{"line":226,"column":24},"end":{"line":226,"column":null}},"236":{"start":{"line":175,"column":7},"end":{"line":176,"column":null}},"237":{"start":{"line":175,"column":7},"end":{"line":178,"column":null}},"238":{"start":{"line":178,"column":30},"end":{"line":178,"column":null}},"239":{"start":{"line":175,"column":7},"end":{"line":179,"column":null}},"240":{"start":{"line":179,"column":30},"end":{"line":179,"column":null}}},"fnMap":{"0":{"name":"ProjectManager","decl":{"start":{"line":1,"column":0},"end":{"line":1,"column":null}},"loc":{"start":{"line":1,"column":0},"end":{"line":147,"column":null}},"line":1},"1":{"name":"validate","decl":{"start":{"line":57,"column":11},"end":{"line":57,"column":19}},"loc":{"start":{"line":57,"column":22},"end":{"line":65,"column":null}},"line":57},"2":{"name":"clearError","decl":{"start":{"line":68,"column":11},"end":{"line":68,"column":21}},"loc":{"start":{"line":68,"column":53},"end":{"line":70,"column":null}},"line":68},"3":{"name":"(anonymous_3)","decl":{"start":{"line":73,"column":9},"end":{"line":73,"column":16}},"loc":{"start":{"line":73,"column":16},"end":{"line":81,"column":3}},"line":73},"4":{"name":"startEdit","decl":{"start":{"line":84,"column":11},"end":{"line":84,"column":20}},"loc":{"start":{"line":84,"column":23},"end":{"line":90,"column":null}},"line":84},"5":{"name":"startAddNew","decl":{"start":{"line":92,"column":11},"end":{"line":92,"column":22}},"loc":{"start":{"line":92,"column":25},"end":{"line":106,"column":null}},"line":92},"6":{"name":"saveEdit","decl":{"start":{"line":108,"column":11},"end":{"line":108,"column":19}},"loc":{"start":{"line":108,"column":22},"end":{"line":132,"column":null}},"line":108},"7":{"name":"(anonymous_7)","decl":{"start":{"line":113,"column":10},"end":{"line":113,"column":12}},"loc":{"start":{"line":113,"column":18},"end":{"line":113,"column":null}},"line":113},"8":{"name":"(anonymous_8)","decl":{"start":{"line":123,"column":36},"end":{"line":123,"column":38}},"loc":{"start":{"line":123,"column":39},"end":{"line":123,"column":null}},"line":123},"9":{"name":"cancelEdit","decl":{"start":{"line":134,"column":11},"end":{"line":134,"column":21}},"loc":{"start":{"line":134,"column":24},"end":{"line":138,"column":null}},"line":134},"10":{"name":"deleteProject","decl":{"start":{"line":140,"column":11},"end":{"line":140,"column":24}},"loc":{"start":{"line":140,"column":27},"end":{"line":146,"column":null}},"line":140},"11":{"name":"(anonymous_11)","decl":{"start":{"line":141,"column":34},"end":{"line":141,"column":36}},"loc":{"start":{"line":141,"column":37},"end":{"line":141,"column":null}},"line":141},"12":{"name":"(anonymous_12)","decl":{"start":{"line":186,"column":5},"end":{"line":186,"column":8}},"loc":{"start":{"line":186,"column":5},"end":{"line":189,"column":null}},"line":186},"13":{"name":"(anonymous_13)","decl":{"start":{"line":186,"column":8},"end":{"line":186,"column":null}},"loc":{"start":{"line":187,"column":13},"end":{"line":187,"column":21}},"line":187},"14":{"name":"(anonymous_14)","decl":{"start":{"line":187,"column":21},"end":{"line":187,"column":25}},"loc":{"start":{"line":187,"column":32},"end":{"line":189,"column":null}},"line":187},"15":{"name":"(anonymous_15)","decl":{"start":{"line":188,"column":24},"end":{"line":188,"column":27}},"loc":{"start":{"line":188,"column":24},"end":{"line":188,"column":null}},"line":188},"16":{"name":"click","decl":{"start":{"line":189,"column":9},"end":{"line":189,"column":null}},"loc":{"start":{"line":189,"column":9},"end":{"line":190,"column":null}},"line":189},"17":{"name":"mouseenter_2","decl":{"start":{"line":245,"column":13},"end":{"line":245,"column":null}},"loc":{"start":{"line":248,"column":30},"end":{"line":249,"column":null}},"line":248},"18":{"name":"mouseenter_3","decl":{"start":{"line":271,"column":13},"end":{"line":271,"column":null}},"loc":{"start":{"line":274,"column":30},"end":{"line":275,"column":null}},"line":274},"19":{"name":"mouseenter_4","decl":{"start":{"line":297,"column":13},"end":{"line":297,"column":null}},"loc":{"start":{"line":300,"column":30},"end":{"line":301,"column":null}},"line":300},"20":{"name":"mouseenter_5","decl":{"start":{"line":323,"column":13},"end":{"line":323,"column":null}},"loc":{"start":{"line":326,"column":30},"end":{"line":327,"column":null}},"line":326},"21":{"name":"(anonymous_21)","decl":{"start":{"line":375,"column":26},"end":{"line":375,"column":39}},"loc":{"start":{"line":375,"column":26},"end":{"line":375,"column":40}},"line":375},"22":{"name":"(anonymous_22)","decl":{"start":{"line":375,"column":39},"end":{"line":375,"column":40}},"loc":{"start":{"line":375,"column":39},"end":{"line":375,"column":40}},"line":375},"23":{"name":"(anonymous_23)","decl":{"start":{"line":395,"column":26},"end":{"line":395,"column":39}},"loc":{"start":{"line":395,"column":26},"end":{"line":395,"column":40}},"line":395},"24":{"name":"(anonymous_24)","decl":{"start":{"line":395,"column":39},"end":{"line":395,"column":40}},"loc":{"start":{"line":395,"column":39},"end":{"line":395,"column":40}},"line":395},"25":{"name":"(anonymous_25)","decl":{"start":{"line":417,"column":26},"end":{"line":417,"column":39}},"loc":{"start":{"line":417,"column":26},"end":{"line":417,"column":40}},"line":417},"26":{"name":"(anonymous_26)","decl":{"start":{"line":417,"column":39},"end":{"line":417,"column":40}},"loc":{"start":{"line":417,"column":39},"end":{"line":417,"column":40}},"line":417},"27":{"name":"(anonymous_27)","decl":{"start":{"line":430,"column":26},"end":{"line":430,"column":39}},"loc":{"start":{"line":430,"column":26},"end":{"line":430,"column":40}},"line":430},"28":{"name":"(anonymous_28)","decl":{"start":{"line":430,"column":39},"end":{"line":430,"column":40}},"loc":{"start":{"line":430,"column":39},"end":{"line":430,"column":40}},"line":430},"29":{"name":"input_1","decl":{"start":{"line":370,"column":13},"end":{"line":370,"column":null}},"loc":{"start":{"line":370,"column":13},"end":{"line":376,"column":null}},"line":370},"30":{"name":"get","decl":{"start":{"line":375,"column":14},"end":{"line":375,"column":24}},"loc":{"start":{"line":375,"column":24},"end":{"line":375,"column":null}},"line":375},"31":{"name":"input_3","decl":{"start":{"line":390,"column":13},"end":{"line":390,"column":null}},"loc":{"start":{"line":390,"column":13},"end":{"line":396,"column":null}},"line":390},"32":{"name":"get","decl":{"start":{"line":395,"column":14},"end":{"line":395,"column":24}},"loc":{"start":{"line":395,"column":24},"end":{"line":395,"column":null}},"line":395},"33":{"name":"input_4","decl":{"start":{"line":412,"column":13},"end":{"line":412,"column":null}},"loc":{"start":{"line":412,"column":13},"end":{"line":418,"column":null}},"line":412},"34":{"name":"get","decl":{"start":{"line":417,"column":14},"end":{"line":417,"column":24}},"loc":{"start":{"line":417,"column":24},"end":{"line":417,"column":null}},"line":417},"35":{"name":"get","decl":{"start":{"line":430,"column":14},"end":{"line":430,"column":24}},"loc":{"start":{"line":430,"column":24},"end":{"line":430,"column":null}},"line":430},"36":{"name":"get","decl":{"start":{"line":448,"column":14},"end":{"line":448,"column":24}},"loc":{"start":{"line":448,"column":24},"end":{"line":448,"column":null}},"line":448},"37":{"name":"mouseenter_6","decl":{"start":{"line":457,"column":13},"end":{"line":457,"column":null}},"loc":{"start":{"line":460,"column":30},"end":{"line":461,"column":null}},"line":460},"38":{"name":"mouseenter_7","decl":{"start":{"line":467,"column":13},"end":{"line":467,"column":null}},"loc":{"start":{"line":470,"column":30},"end":{"line":471,"column":null}},"line":470},"39":{"name":"(anonymous_39)","decl":{"start":{"line":590,"column":17},"end":{"line":590,"column":20}},"loc":{"start":{"line":590,"column":17},"end":{"line":592,"column":null}},"line":590},"40":{"name":"(anonymous_40)","decl":{"start":{"line":590,"column":20},"end":{"line":590,"column":null}},"loc":{"start":{"line":590,"column":20},"end":{"line":591,"column":45}},"line":590},"41":{"name":"(anonymous_41)","decl":{"start":{"line":591,"column":45},"end":{"line":591,"column":49}},"loc":{"start":{"line":591,"column":52},"end":{"line":592,"column":null}},"line":591},"42":{"name":"(anonymous_42)","decl":{"start":{"line":595,"column":23},"end":{"line":595,"column":26}},"loc":{"start":{"line":595,"column":23},"end":{"line":595,"column":null}},"line":595},"43":{"name":"mouseenter","decl":{"start":{"line":175,"column":7},"end":{"line":175,"column":null}},"loc":{"start":{"line":178,"column":24},"end":{"line":178,"column":null}},"line":178}},"branchMap":{"0":{"loc":{"start":{"line":74,"column":8},"end":{"line":80,"column":null}},"type":"if","locations":[{"start":{"line":74,"column":8},"end":{"line":80,"column":null}},{"start":{},"end":{}}],"line":74},"1":{"loc":{"start":{"line":109,"column":9},"end":{"line":109,"column":null}},"type":"if","locations":[{"start":{"line":109,"column":9},"end":{"line":109,"column":null}},{"start":{},"end":{}}],"line":109},"2":{"loc":{"start":{"line":116,"column":8},"end":{"line":128,"column":null}},"type":"if","locations":[{"start":{"line":116,"column":8},"end":{"line":128,"column":null}},{"start":{"line":121,"column":11},"end":{"line":128,"column":null}}],"line":116},"3":{"loc":{"start":{"line":124,"column":10},"end":{"line":127,"column":null}},"type":"if","locations":[{"start":{"line":124,"column":10},"end":{"line":127,"column":null}},{"start":{},"end":{}}],"line":124},"4":{"loc":{"start":{"line":142,"column":8},"end":{"line":145,"column":null}},"type":"if","locations":[{"start":{"line":142,"column":8},"end":{"line":145,"column":null}},{"start":{},"end":{}}],"line":142},"5":{"loc":{"start":{"line":144,"column":24},"end":{"line":144,"column":43}},"type":"binary-expr","locations":[{"start":{"line":144,"column":24},"end":{"line":144,"column":39}},{"start":{"line":144,"column":39},"end":{"line":144,"column":43}}],"line":144},"6":{"loc":{"start":{"line":189,"column":9},"end":{"line":194,"column":85}},"type":"cond-expr","locations":[{"start":{"line":193,"column":14},"end":{"line":193,"column":null}},{"start":{"line":194,"column":14},"end":{"line":194,"column":85}}],"line":189},"7":{"loc":{"start":{"line":202,"column":11},"end":{"line":205,"column":86}},"type":"cond-expr","locations":[{"start":{"line":204,"column":16},"end":{"line":204,"column":null}},{"start":{"line":205,"column":16},"end":{"line":205,"column":86}}],"line":202},"8":{"loc":{"start":{"line":196,"column":17},"end":{"line":196,"column":null}},"type":"if","locations":[{"start":{"line":196,"column":17},"end":{"line":196,"column":null}},{"start":{},"end":{}}],"line":196},"9":{"loc":{"start":{"line":199,"column":17},"end":{"line":199,"column":null}},"type":"if","locations":[{"start":{"line":199,"column":17},"end":{"line":199,"column":null}},{"start":{},"end":{}}],"line":199},"10":{"loc":{"start":{"line":243,"column":15},"end":{"line":243,"column":null}},"type":"if","locations":[{"start":{"line":243,"column":15},"end":{"line":243,"column":null}},{"start":{"line":243,"column":24},"end":{"line":243,"column":null}}],"line":243},"11":{"loc":{"start":{"line":367,"column":25},"end":{"line":367,"column":39}},"type":"if","locations":[{"start":{"line":367,"column":25},"end":{"line":367,"column":39}},{"start":{},"end":{}}],"line":367},"12":{"loc":{"start":{"line":388,"column":36},"end":{"line":388,"column":52}},"type":"if","locations":[{"start":{"line":388,"column":36},"end":{"line":388,"column":52}},{"start":{},"end":{}}],"line":388},"13":{"loc":{"start":{"line":408,"column":37},"end":{"line":408,"column":55}},"type":"if","locations":[{"start":{"line":408,"column":37},"end":{"line":408,"column":55}},{"start":{},"end":{}}],"line":408},"14":{"loc":{"start":{"line":362,"column":13},"end":{"line":365,"column":58}},"type":"cond-expr","locations":[{"start":{"line":365,"column":36},"end":{"line":365,"column":53}},{"start":{"line":365,"column":56},"end":{"line":365,"column":58}}],"line":362},"15":{"loc":{"start":{"line":383,"column":13},"end":{"line":386,"column":60}},"type":"cond-expr","locations":[{"start":{"line":386,"column":38},"end":{"line":386,"column":55}},{"start":{"line":386,"column":58},"end":{"line":386,"column":60}}],"line":383},"16":{"loc":{"start":{"line":403,"column":13},"end":{"line":406,"column":62}},"type":"cond-expr","locations":[{"start":{"line":406,"column":40},"end":{"line":406,"column":57}},{"start":{"line":406,"column":60},"end":{"line":406,"column":62}}],"line":403},"17":{"loc":{"start":{"line":357,"column":13},"end":{"line":357,"column":null}},"type":"if","locations":[{"start":{"line":357,"column":13},"end":{"line":357,"column":null}},{"start":{"line":357,"column":22},"end":{"line":357,"column":null}}],"line":357},"18":{"loc":{"start":{"line":235,"column":11},"end":{"line":239,"column":33}},"type":"cond-expr","locations":[{"start":{"line":236,"column":14},"end":{"line":236,"column":null}},{"start":{"line":237,"column":14},"end":{"line":239,"column":33}}],"line":235},"19":{"loc":{"start":{"line":237,"column":14},"end":{"line":239,"column":33}},"type":"cond-expr","locations":[{"start":{"line":238,"column":16},"end":{"line":238,"column":29}},{"start":{"line":239,"column":16},"end":{"line":239,"column":33}}],"line":237},"20":{"loc":{"start":{"line":226,"column":9},"end":{"line":226,"column":null}},"type":"if","locations":[{"start":{"line":226,"column":9},"end":{"line":226,"column":null}},{"start":{"line":226,"column":24},"end":{"line":226,"column":null}}],"line":226}},"s":{"0":2,"1":2,"2":2,"3":2,"4":2,"5":2,"6":2,"7":2,"8":0,"9":0,"10":0,"11":2,"12":3,"13":3,"14":3,"15":3,"16":3,"17":3,"18":0,"19":0,"20":0,"21":0,"22":0,"23":1,"24":1,"25":1,"26":1,"27":0,"28":0,"29":0,"30":0,"31":0,"32":0,"33":0,"34":0,"35":0,"36":0,"37":0,"38":0,"39":0,"40":0,"41":0,"42":0,"43":0,"44":0,"45":0,"46":0,"47":0,"48":0,"49":0,"50":2,"51":2,"52":2,"53":2,"54":2,"55":2,"56":2,"57":2,"58":9,"59":6,"60":6,"61":6,"62":6,"63":6,"64":6,"65":8,"66":8,"67":8,"68":8,"69":6,"70":1,"71":6,"72":0,"73":0,"74":6,"75":0,"76":0,"77":2,"78":2,"79":2,"80":2,"81":2,"82":2,"83":2,"84":2,"85":2,"86":1,"87":1,"88":1,"89":1,"90":0,"91":1,"92":0,"93":1,"94":1,"95":0,"96":1,"97":0,"98":2,"99":2,"100":2,"101":2,"102":0,"103":2,"104":0,"105":2,"106":2,"107":0,"108":2,"109":0,"110":3,"111":2,"112":2,"113":2,"114":1,"115":1,"116":1,"117":0,"118":0,"119":1,"120":0,"121":1,"122":1,"123":1,"124":1,"125":1,"126":1,"127":1,"128":1,"129":0,"130":0,"131":1,"132":0,"133":1,"134":1,"135":1,"136":1,"137":1,"138":1,"139":1,"140":1,"141":0,"142":1,"143":0,"144":1,"145":1,"146":1,"147":1,"148":1,"149":1,"150":1,"151":1,"152":1,"153":1,"154":1,"155":1,"156":1,"157":1,"158":1,"159":1,"160":1,"161":1,"162":1,"163":1,"164":1,"165":1,"166":1,"167":1,"168":1,"169":1,"170":0,"171":0,"172":1,"173":0,"174":0,"175":1,"176":0,"177":0,"178":0,"179":0,"180":1,"181":1,"182":0,"183":1,"184":0,"185":1,"186":1,"187":0,"188":1,"189":0,"190":2,"191":2,"192":2,"193":2,"194":2,"195":2,"196":2,"197":2,"198":2,"199":2,"200":2,"201":2,"202":2,"203":2,"204":2,"205":2,"206":2,"207":2,"208":2,"209":2,"210":2,"211":2,"212":2,"213":2,"214":2,"215":2,"216":3,"217":10,"218":13,"219":2,"220":2,"221":2,"222":2,"223":3,"224":3,"225":3,"226":3,"227":3,"228":3,"229":3,"230":2,"231":3,"232":3,"233":0,"234":3,"235":0,"236":2,"237":2,"238":0,"239":2,"240":0},"f":{"0":2,"1":0,"2":0,"3":3,"4":0,"5":1,"6":0,"7":0,"8":0,"9":0,"10":0,"11":0,"12":2,"13":2,"14":6,"15":9,"16":1,"17":0,"18":0,"19":0,"20":0,"21":1,"22":1,"23":1,"24":1,"25":1,"26":1,"27":1,"28":1,"29":0,"30":2,"31":0,"32":2,"33":0,"34":2,"35":2,"36":2,"37":0,"38":0,"39":2,"40":3,"41":10,"42":13,"43":0},"b":{"0":[3,0],"1":[0,0],"2":[0,0],"3":[0,0],"4":[0,0],"5":[0,0],"6":[3,5],"7":[3,5],"8":[0,0],"9":[0,0],"10":[1,2],"11":[0,1],"12":[0,1],"13":[0,1],"14":[0,1],"15":[0,1],"16":[0,1],"17":[1,2],"18":[1,2],"19":[0,2],"20":[3,0]},"meta":{"lastBranch":0,"lastFunction":0,"lastStatement":0,"seen":{}}}
,"D:\\Projects\\SIDA\\PersonalPortfolio\\my-design-system\\src\\lib\\validation.ts": {"path":"D:\\Projects\\SIDA\\PersonalPortfolio\\my-design-system\\src\\lib\\validation.ts","statementMap":{"0":{"start":{"line":14,"column":35},"end":{"line":19,"column":null}},"1":{"start":{"line":21,"column":18},"end":{"line":21,"column":null}},"2":{"start":{"line":23,"column":2},"end":{"line":23,"column":null}}},"fnMap":{"0":{"name":"validateProject","decl":{"start":{"line":8,"column":16},"end":{"line":8,"column":32}},"loc":{"start":{"line":13,"column":51},"end":{"line":24,"column":null}},"line":13}},"branchMap":{"0":{"loc":{"start":{"line":21,"column":18},"end":{"line":21,"column":null}},"type":"binary-expr","locations":[{"start":{"line":21,"column":18},"end":{"line":21,"column":35}},{"start":{"line":21,"column":35},"end":{"line":21,"column":56}},{"start":{"line":21,"column":56},"end":{"line":21,"column":null}}],"line":21}},"s":{"0":3,"1":3,"2":3},"f":{"0":3},"b":{"0":[3,1,1]},"meta":{"lastBranch":1,"lastFunction":1,"lastStatement":3,"seen":{"f:8:16:8:32":0,"s:14:35:19:Infinity":0,"s:21:18:21:Infinity":1,"b:21:18:21:35:21:35:21:56:21:56:21:Infinity":0,"s:23:2:23:Infinity":2}}}
}
